{"/Users/peterkrzyzek/Development/clickup-mcp-server/src/index-enhanced.ts": {"path":"/Users/peterkrzyzek/Development/clickup-mcp-server/src/index-enhanced.ts","statementMap":{"0":{"start":{"line":31,"column":4},"end":{"line":34,"column":7}},"1":{"start":{"line":37,"column":4},"end":{"line":40,"column":7}},"2":{"start":{"line":38,"column":6},"end":{"line":38,"column":32}},"3":{"start":{"line":39,"column":6},"end":{"line":39,"column":22}},"4":{"start":{"line":43,"column":4},"end":{"line":43,"column":22}},"5":{"start":{"line":44,"column":4},"end":{"line":44,"column":26}},"6":{"start":{"line":49,"column":4},"end":{"line":49,"column":32}},"7":{"start":{"line":50,"column":4},"end":{"line":50,"column":39}},"8":{"start":{"line":51,"column":4},"end":{"line":51,"column":39}},"9":{"start":{"line":52,"column":4},"end":{"line":52,"column":40}},"10":{"start":{"line":53,"column":4},"end":{"line":53,"column":33}},"11":{"start":{"line":54,"column":4},"end":{"line":54,"column":35}},"12":{"start":{"line":55,"column":4},"end":{"line":55,"column":33}},"13":{"start":{"line":56,"column":4},"end":{"line":56,"column":40}},"14":{"start":{"line":57,"column":4},"end":{"line":57,"column":39}},"15":{"start":{"line":58,"column":4},"end":{"line":58,"column":33}},"16":{"start":{"line":59,"column":4},"end":{"line":59,"column":37}},"17":{"start":{"line":60,"column":4},"end":{"line":60,"column":35}},"18":{"start":{"line":65,"column":4},"end":{"line":65,"column":36}},"19":{"start":{"line":66,"column":4},"end":{"line":66,"column":35}},"20":{"start":{"line":67,"column":4},"end":{"line":67,"column":41}},"21":{"start":{"line":68,"column":4},"end":{"line":68,"column":39}},"22":{"start":{"line":69,"column":4},"end":{"line":69,"column":37}},"23":{"start":{"line":70,"column":4},"end":{"line":70,"column":38}},"24":{"start":{"line":71,"column":4},"end":{"line":71,"column":36}},"25":{"start":{"line":75,"column":22},"end":{"line":75,"column":48}},"26":{"start":{"line":76,"column":4},"end":{"line":76,"column":41}},"27":{"start":{"line":77,"column":4},"end":{"line":77,"column":205}},"28":{"start":{"line":82,"column":15},"end":{"line":82,"column":34}},"29":{"start":{"line":83,"column":0},"end":{"line":83,"column":34}}},"fnMap":{"0":{"name":"(anonymous_0)","decl":{"start":{"line":30,"column":2},"end":{"line":30,"column":null}},"loc":{"start":{"line":30,"column":2},"end":{"line":45,"column":3}}},"1":{"name":"(anonymous_1)","decl":{"start":{"line":37,"column":25},"end":{"line":37,"column":30}},"loc":{"start":{"line":37,"column":36},"end":{"line":40,"column":5}}},"2":{"name":"(anonymous_2)","decl":{"start":{"line":47,"column":10},"end":{"line":47,"column":20}},"loc":{"start":{"line":47,"column":20},"end":{"line":61,"column":3}}},"3":{"name":"(anonymous_3)","decl":{"start":{"line":63,"column":10},"end":{"line":63,"column":24}},"loc":{"start":{"line":63,"column":24},"end":{"line":72,"column":3}}},"4":{"name":"(anonymous_4)","decl":{"start":{"line":74,"column":2},"end":{"line":74,"column":7}},"loc":{"start":{"line":74,"column":11},"end":{"line":78,"column":3}}}},"branchMap":{},"s":{"0":0,"1":0,"2":0,"3":0,"4":0,"5":0,"6":0,"7":0,"8":0,"9":0,"10":0,"11":0,"12":0,"13":0,"14":0,"15":0,"16":0,"17":0,"18":0,"19":0,"20":0,"21":0,"22":0,"23":0,"24":0,"25":0,"26":0,"27":0,"28":0,"29":0},"f":{"0":0,"1":0,"2":0,"3":0,"4":0},"b":{}}
,"/Users/peterkrzyzek/Development/clickup-mcp-server/src/clickup-client/attachments-enhanced.ts": {"path":"/Users/peterkrzyzek/Development/clickup-mcp-server/src/clickup-client/attachments-enhanced.ts","statementMap":{"0":{"start":{"line":16,"column":4},"end":{"line":16,"column":24}},"1":{"start":{"line":23,"column":21},"end":{"line":23,"column":83}},"2":{"start":{"line":25,"column":25},"end":{"line":30,"column":6}},"3":{"start":{"line":32,"column":4},"end":{"line":36,"column":5}},"4":{"start":{"line":33,"column":6},"end":{"line":33,"column":44}},"5":{"start":{"line":34,"column":11},"end":{"line":36,"column":5}},"6":{"start":{"line":35,"column":6},"end":{"line":35,"column":42}},"7":{"start":{"line":38,"column":21},"end":{"line":38,"column":97}},"8":{"start":{"line":39,"column":4},"end":{"line":39,"column":20}},"9":{"start":{"line":46,"column":21},"end":{"line":46,"column":81}},"10":{"start":{"line":48,"column":19},"end":{"line":48,"column":40}},"11":{"start":{"line":49,"column":4},"end":{"line":49,"column":56}},"12":{"start":{"line":49,"column":21},"end":{"line":49,"column":56}},"13":{"start":{"line":50,"column":4},"end":{"line":50,"column":95}},"14":{"start":{"line":50,"column":34},"end":{"line":50,"column":95}},"15":{"start":{"line":51,"column":4},"end":{"line":51,"column":66}},"16":{"start":{"line":51,"column":21},"end":{"line":51,"column":66}},"17":{"start":{"line":52,"column":4},"end":{"line":52,"column":82}},"18":{"start":{"line":52,"column":26},"end":{"line":52,"column":82}},"19":{"start":{"line":53,"column":4},"end":{"line":53,"column":76}},"20":{"start":{"line":53,"column":24},"end":{"line":53,"column":76}},"21":{"start":{"line":54,"column":4},"end":{"line":54,"column":70}},"22":{"start":{"line":54,"column":22},"end":{"line":54,"column":70}},"23":{"start":{"line":55,"column":4},"end":{"line":55,"column":73}},"24":{"start":{"line":55,"column":23},"end":{"line":55,"column":73}},"25":{"start":{"line":57,"column":24},"end":{"line":57,"column":41}},"26":{"start":{"line":58,"column":25},"end":{"line":58,"column":88}},"27":{"start":{"line":60,"column":21},"end":{"line":60,"column":73}},"28":{"start":{"line":61,"column":4},"end":{"line":61,"column":20}},"29":{"start":{"line":68,"column":21},"end":{"line":68,"column":102}},"30":{"start":{"line":69,"column":4},"end":{"line":69,"column":31}},"31":{"start":{"line":76,"column":44},"end":{"line":76,"column":46}},"32":{"start":{"line":78,"column":4},"end":{"line":78,"column":65}},"33":{"start":{"line":78,"column":26},"end":{"line":78,"column":65}},"34":{"start":{"line":79,"column":4},"end":{"line":79,"column":88}},"35":{"start":{"line":79,"column":43},"end":{"line":79,"column":88}},"36":{"start":{"line":80,"column":4},"end":{"line":80,"column":53}},"37":{"start":{"line":80,"column":22},"end":{"line":80,"column":53}},"38":{"start":{"line":82,"column":21},"end":{"line":84,"column":null}},"39":{"start":{"line":86,"column":4},"end":{"line":86,"column":31}},"40":{"start":{"line":93,"column":4},"end":{"line":93,"column":53}},"41":{"start":{"line":94,"column":4},"end":{"line":94,"column":29}},"42":{"start":{"line":107,"column":21},"end":{"line":113,"column":46}},"43":{"start":{"line":115,"column":4},"end":{"line":115,"column":20}},"44":{"start":{"line":136,"column":21},"end":{"line":150,"column":42}},"45":{"start":{"line":152,"column":4},"end":{"line":152,"column":20}},"46":{"start":{"line":159,"column":20},"end":{"line":163,"column":6}},"47":{"start":{"line":165,"column":21},"end":{"line":167,"column":null}},"48":{"start":{"line":169,"column":4},"end":{"line":169,"column":31}},"49":{"start":{"line":183,"column":21},"end":{"line":190,"column":37}},"50":{"start":{"line":192,"column":4},"end":{"line":192,"column":20}},"51":{"start":{"line":199,"column":21},"end":{"line":199,"column":101}},"52":{"start":{"line":200,"column":4},"end":{"line":200,"column":20}},"53":{"start":{"line":219,"column":19},"end":{"line":219,"column":40}},"54":{"start":{"line":220,"column":4},"end":{"line":220,"column":75}},"55":{"start":{"line":220,"column":27},"end":{"line":220,"column":75}},"56":{"start":{"line":221,"column":4},"end":{"line":221,"column":54}},"57":{"start":{"line":221,"column":20},"end":{"line":221,"column":54}},"58":{"start":{"line":222,"column":4},"end":{"line":222,"column":75}},"59":{"start":{"line":222,"column":27},"end":{"line":222,"column":75}},"60":{"start":{"line":223,"column":4},"end":{"line":223,"column":64}},"61":{"start":{"line":223,"column":20},"end":{"line":223,"column":64}},"62":{"start":{"line":224,"column":4},"end":{"line":224,"column":80}},"63":{"start":{"line":224,"column":25},"end":{"line":224,"column":80}},"64":{"start":{"line":225,"column":4},"end":{"line":225,"column":74}},"65":{"start":{"line":225,"column":23},"end":{"line":225,"column":74}},"66":{"start":{"line":226,"column":4},"end":{"line":226,"column":77}},"67":{"start":{"line":226,"column":24},"end":{"line":226,"column":77}},"68":{"start":{"line":227,"column":4},"end":{"line":227,"column":77}},"69":{"start":{"line":227,"column":24},"end":{"line":227,"column":77}},"70":{"start":{"line":228,"column":4},"end":{"line":228,"column":86}},"71":{"start":{"line":228,"column":27},"end":{"line":228,"column":86}},"72":{"start":{"line":229,"column":4},"end":{"line":229,"column":68}},"73":{"start":{"line":229,"column":21},"end":{"line":229,"column":68}},"74":{"start":{"line":230,"column":4},"end":{"line":230,"column":71}},"75":{"start":{"line":230,"column":22},"end":{"line":230,"column":71}},"76":{"start":{"line":232,"column":24},"end":{"line":232,"column":41}},"77":{"start":{"line":233,"column":21},"end":{"line":233,"column":100}},"78":{"start":{"line":235,"column":21},"end":{"line":235,"column":69}},"79":{"start":{"line":236,"column":4},"end":{"line":236,"column":20}},"80":{"start":{"line":250,"column":19},"end":{"line":250,"column":40}},"81":{"start":{"line":251,"column":4},"end":{"line":251,"column":73}},"82":{"start":{"line":251,"column":24},"end":{"line":251,"column":73}},"83":{"start":{"line":252,"column":4},"end":{"line":252,"column":76}},"84":{"start":{"line":252,"column":25},"end":{"line":252,"column":76}},"85":{"start":{"line":253,"column":4},"end":{"line":253,"column":79}},"86":{"start":{"line":253,"column":26},"end":{"line":253,"column":79}},"87":{"start":{"line":255,"column":24},"end":{"line":255,"column":41}},"88":{"start":{"line":256,"column":21},"end":{"line":256,"column":99}},"89":{"start":{"line":258,"column":21},"end":{"line":261,"column":16}},"90":{"start":{"line":263,"column":4},"end":{"line":263,"column":20}},"91":{"start":{"line":270,"column":20},"end":{"line":273,"column":6}},"92":{"start":{"line":275,"column":21},"end":{"line":277,"column":null}},"93":{"start":{"line":279,"column":4},"end":{"line":279,"column":31}},"94":{"start":{"line":286,"column":20},"end":{"line":289,"column":6}},"95":{"start":{"line":291,"column":21},"end":{"line":293,"column":null}},"96":{"start":{"line":295,"column":4},"end":{"line":295,"column":31}},"97":{"start":{"line":316,"column":21},"end":{"line":330,"column":46}},"98":{"start":{"line":332,"column":4},"end":{"line":332,"column":20}},"99":{"start":{"line":338,"column":4},"end":{"line":349,"column":5}},"100":{"start":{"line":340,"column":8},"end":{"line":340,"column":35}},"101":{"start":{"line":342,"column":8},"end":{"line":342,"column":38}},"102":{"start":{"line":344,"column":8},"end":{"line":344,"column":34}},"103":{"start":{"line":346,"column":8},"end":{"line":346,"column":35}},"104":{"start":{"line":348,"column":8},"end":{"line":348,"column":62}}},"fnMap":{"0":{"name":"(anonymous_0)","decl":{"start":{"line":15,"column":2},"end":{"line":15,"column":14}},"loc":{"start":{"line":15,"column":30},"end":{"line":17,"column":3}}},"1":{"name":"(anonymous_1)","decl":{"start":{"line":22,"column":2},"end":{"line":22,"column":7}},"loc":{"start":{"line":22,"column":57},"end":{"line":40,"column":3}}},"2":{"name":"(anonymous_2)","decl":{"start":{"line":45,"column":2},"end":{"line":45,"column":7}},"loc":{"start":{"line":45,"column":51},"end":{"line":62,"column":3}}},"3":{"name":"(anonymous_3)","decl":{"start":{"line":67,"column":2},"end":{"line":67,"column":7}},"loc":{"start":{"line":67,"column":42},"end":{"line":70,"column":3}}},"4":{"name":"(anonymous_4)","decl":{"start":{"line":75,"column":2},"end":{"line":75,"column":7}},"loc":{"start":{"line":75,"column":73},"end":{"line":87,"column":3}}},"5":{"name":"(anonymous_5)","decl":{"start":{"line":92,"column":2},"end":{"line":92,"column":7}},"loc":{"start":{"line":92,"column":45},"end":{"line":95,"column":3}}},"6":{"name":"(anonymous_6)","decl":{"start":{"line":100,"column":2},"end":{"line":100,"column":7}},"loc":{"start":{"line":100,"column":47},"end":{"line":116,"column":3}}},"7":{"name":"(anonymous_7)","decl":{"start":{"line":121,"column":2},"end":{"line":121,"column":7}},"loc":{"start":{"line":121,"column":46},"end":{"line":153,"column":3}}},"8":{"name":"(anonymous_8)","decl":{"start":{"line":158,"column":2},"end":{"line":158,"column":7}},"loc":{"start":{"line":158,"column":65},"end":{"line":170,"column":3}}},"9":{"name":"(anonymous_9)","decl":{"start":{"line":175,"column":2},"end":{"line":175,"column":7}},"loc":{"start":{"line":175,"column":67},"end":{"line":193,"column":3}}},"10":{"name":"(anonymous_10)","decl":{"start":{"line":198,"column":2},"end":{"line":198,"column":7}},"loc":{"start":{"line":198,"column":46},"end":{"line":201,"column":3}}},"11":{"name":"(anonymous_11)","decl":{"start":{"line":206,"column":2},"end":{"line":206,"column":7}},"loc":{"start":{"line":218,"column":3},"end":{"line":237,"column":3}}},"12":{"name":"(anonymous_12)","decl":{"start":{"line":242,"column":2},"end":{"line":242,"column":7}},"loc":{"start":{"line":246,"column":3},"end":{"line":264,"column":3}}},"13":{"name":"(anonymous_13)","decl":{"start":{"line":269,"column":2},"end":{"line":269,"column":7}},"loc":{"start":{"line":269,"column":93},"end":{"line":280,"column":3}}},"14":{"name":"(anonymous_14)","decl":{"start":{"line":285,"column":2},"end":{"line":285,"column":7}},"loc":{"start":{"line":285,"column":93},"end":{"line":296,"column":3}}},"15":{"name":"(anonymous_15)","decl":{"start":{"line":301,"column":2},"end":{"line":301,"column":7}},"loc":{"start":{"line":301,"column":50},"end":{"line":333,"column":3}}},"16":{"name":"(anonymous_16)","decl":{"start":{"line":337,"column":10},"end":{"line":337,"column":27}},"loc":{"start":{"line":337,"column":64},"end":{"line":350,"column":3}}}},"branchMap":{"0":{"loc":{"start":{"line":32,"column":4},"end":{"line":36,"column":5}},"type":"if","locations":[{"start":{"line":32,"column":4},"end":{"line":36,"column":5}},{"start":{"line":34,"column":11},"end":{"line":36,"column":5}}]},"1":{"loc":{"start":{"line":34,"column":11},"end":{"line":36,"column":5}},"type":"if","locations":[{"start":{"line":34,"column":11},"end":{"line":36,"column":5}}]},"2":{"loc":{"start":{"line":49,"column":4},"end":{"line":49,"column":56}},"type":"if","locations":[{"start":{"line":49,"column":4},"end":{"line":49,"column":56}}]},"3":{"loc":{"start":{"line":50,"column":4},"end":{"line":50,"column":95}},"type":"if","locations":[{"start":{"line":50,"column":4},"end":{"line":50,"column":95}}]},"4":{"loc":{"start":{"line":51,"column":4},"end":{"line":51,"column":66}},"type":"if","locations":[{"start":{"line":51,"column":4},"end":{"line":51,"column":66}}]},"5":{"loc":{"start":{"line":52,"column":4},"end":{"line":52,"column":82}},"type":"if","locations":[{"start":{"line":52,"column":4},"end":{"line":52,"column":82}}]},"6":{"loc":{"start":{"line":53,"column":4},"end":{"line":53,"column":76}},"type":"if","locations":[{"start":{"line":53,"column":4},"end":{"line":53,"column":76}}]},"7":{"loc":{"start":{"line":54,"column":4},"end":{"line":54,"column":70}},"type":"if","locations":[{"start":{"line":54,"column":4},"end":{"line":54,"column":70}}]},"8":{"loc":{"start":{"line":55,"column":4},"end":{"line":55,"column":73}},"type":"if","locations":[{"start":{"line":55,"column":4},"end":{"line":55,"column":73}}]},"9":{"loc":{"start":{"line":58,"column":50},"end":{"line":58,"column":86}},"type":"cond-expr","locations":[{"start":{"line":58,"column":64},"end":{"line":58,"column":81}},{"start":{"line":58,"column":84},"end":{"line":58,"column":86}}]},"10":{"loc":{"start":{"line":78,"column":4},"end":{"line":78,"column":65}},"type":"if","locations":[{"start":{"line":78,"column":4},"end":{"line":78,"column":65}}]},"11":{"loc":{"start":{"line":79,"column":4},"end":{"line":79,"column":88}},"type":"if","locations":[{"start":{"line":79,"column":4},"end":{"line":79,"column":88}}]},"12":{"loc":{"start":{"line":80,"column":4},"end":{"line":80,"column":53}},"type":"if","locations":[{"start":{"line":80,"column":4},"end":{"line":80,"column":53}}]},"13":{"loc":{"start":{"line":161,"column":18},"end":{"line":161,"column":100}},"type":"cond-expr","locations":[{"start":{"line":161,"column":39},"end":{"line":161,"column":88}},{"start":{"line":161,"column":91},"end":{"line":161,"column":100}}]},"14":{"loc":{"start":{"line":220,"column":4},"end":{"line":220,"column":75}},"type":"if","locations":[{"start":{"line":220,"column":4},"end":{"line":220,"column":75}}]},"15":{"loc":{"start":{"line":221,"column":4},"end":{"line":221,"column":54}},"type":"if","locations":[{"start":{"line":221,"column":4},"end":{"line":221,"column":54}}]},"16":{"loc":{"start":{"line":222,"column":4},"end":{"line":222,"column":75}},"type":"if","locations":[{"start":{"line":222,"column":4},"end":{"line":222,"column":75}}]},"17":{"loc":{"start":{"line":223,"column":4},"end":{"line":223,"column":64}},"type":"if","locations":[{"start":{"line":223,"column":4},"end":{"line":223,"column":64}}]},"18":{"loc":{"start":{"line":224,"column":4},"end":{"line":224,"column":80}},"type":"if","locations":[{"start":{"line":224,"column":4},"end":{"line":224,"column":80}}]},"19":{"loc":{"start":{"line":225,"column":4},"end":{"line":225,"column":74}},"type":"if","locations":[{"start":{"line":225,"column":4},"end":{"line":225,"column":74}}]},"20":{"loc":{"start":{"line":226,"column":4},"end":{"line":226,"column":77}},"type":"if","locations":[{"start":{"line":226,"column":4},"end":{"line":226,"column":77}}]},"21":{"loc":{"start":{"line":227,"column":4},"end":{"line":227,"column":77}},"type":"if","locations":[{"start":{"line":227,"column":4},"end":{"line":227,"column":77}}]},"22":{"loc":{"start":{"line":228,"column":4},"end":{"line":228,"column":86}},"type":"if","locations":[{"start":{"line":228,"column":4},"end":{"line":228,"column":86}}]},"23":{"loc":{"start":{"line":229,"column":4},"end":{"line":229,"column":68}},"type":"if","locations":[{"start":{"line":229,"column":4},"end":{"line":229,"column":68}}]},"24":{"loc":{"start":{"line":230,"column":4},"end":{"line":230,"column":71}},"type":"if","locations":[{"start":{"line":230,"column":4},"end":{"line":230,"column":71}}]},"25":{"loc":{"start":{"line":233,"column":62},"end":{"line":233,"column":98}},"type":"cond-expr","locations":[{"start":{"line":233,"column":76},"end":{"line":233,"column":93}},{"start":{"line":233,"column":96},"end":{"line":233,"column":98}}]},"26":{"loc":{"start":{"line":251,"column":4},"end":{"line":251,"column":73}},"type":"if","locations":[{"start":{"line":251,"column":4},"end":{"line":251,"column":73}}]},"27":{"loc":{"start":{"line":252,"column":4},"end":{"line":252,"column":76}},"type":"if","locations":[{"start":{"line":252,"column":4},"end":{"line":252,"column":76}}]},"28":{"loc":{"start":{"line":253,"column":4},"end":{"line":253,"column":79}},"type":"if","locations":[{"start":{"line":253,"column":4},"end":{"line":253,"column":79}}]},"29":{"loc":{"start":{"line":256,"column":61},"end":{"line":256,"column":97}},"type":"cond-expr","locations":[{"start":{"line":256,"column":75},"end":{"line":256,"column":92}},{"start":{"line":256,"column":95},"end":{"line":256,"column":97}}]},"30":{"loc":{"start":{"line":338,"column":4},"end":{"line":349,"column":5}},"type":"switch","locations":[{"start":{"line":339,"column":6},"end":{"line":340,"column":35}},{"start":{"line":341,"column":6},"end":{"line":342,"column":38}},{"start":{"line":343,"column":6},"end":{"line":344,"column":34}},{"start":{"line":345,"column":6},"end":{"line":346,"column":35}},{"start":{"line":347,"column":6},"end":{"line":348,"column":62}}]}},"s":{"0":0,"1":0,"2":0,"3":0,"4":0,"5":0,"6":0,"7":0,"8":0,"9":0,"10":0,"11":0,"12":0,"13":0,"14":0,"15":0,"16":0,"17":0,"18":0,"19":0,"20":0,"21":0,"22":0,"23":0,"24":0,"25":0,"26":0,"27":0,"28":0,"29":0,"30":0,"31":0,"32":0,"33":0,"34":0,"35":0,"36":0,"37":0,"38":0,"39":0,"40":0,"41":0,"42":0,"43":0,"44":0,"45":0,"46":0,"47":0,"48":0,"49":0,"50":0,"51":0,"52":0,"53":0,"54":0,"55":0,"56":0,"57":0,"58":0,"59":0,"60":0,"61":0,"62":0,"63":0,"64":0,"65":0,"66":0,"67":0,"68":0,"69":0,"70":0,"71":0,"72":0,"73":0,"74":0,"75":0,"76":0,"77":0,"78":0,"79":0,"80":0,"81":0,"82":0,"83":0,"84":0,"85":0,"86":0,"87":0,"88":0,"89":0,"90":0,"91":0,"92":0,"93":0,"94":0,"95":0,"96":0,"97":0,"98":0,"99":0,"100":0,"101":0,"102":0,"103":0,"104":0},"f":{"0":0,"1":0,"2":0,"3":0,"4":0,"5":0,"6":0,"7":0,"8":0,"9":0,"10":0,"11":0,"12":0,"13":0,"14":0,"15":0,"16":0},"b":{"0":[0,0],"1":[0],"2":[0],"3":[0],"4":[0],"5":[0],"6":[0],"7":[0],"8":[0],"9":[0,0],"10":[0],"11":[0],"12":[0],"13":[0,0],"14":[0],"15":[0],"16":[0],"17":[0],"18":[0],"19":[0],"20":[0],"21":[0],"22":[0],"23":[0],"24":[0],"25":[0,0],"26":[0],"27":[0],"28":[0],"29":[0,0],"30":[0,0,0,0,0]}}
,"/Users/peterkrzyzek/Development/clickup-mcp-server/src/clickup-client/auth.ts": {"path":"/Users/peterkrzyzek/Development/clickup-mcp-server/src/clickup-client/auth.ts","statementMap":{"0":{"start":{"line":33,"column":4},"end":{"line":33,"column":25}},"1":{"start":{"line":41,"column":4},"end":{"line":46,"column":5}},"2":{"start":{"line":42,"column":6},"end":{"line":42,"column":44}},"3":{"start":{"line":44,"column":6},"end":{"line":44,"column":61}},"4":{"start":{"line":45,"column":6},"end":{"line":45,"column":18}},"5":{"start":{"line":54,"column":4},"end":{"line":59,"column":5}},"6":{"start":{"line":55,"column":6},"end":{"line":55,"column":44}},"7":{"start":{"line":57,"column":6},"end":{"line":57,"column":56}},"8":{"start":{"line":58,"column":6},"end":{"line":58,"column":18}},"9":{"start":{"line":112,"column":4},"end":{"line":117,"column":5}},"10":{"start":{"line":113,"column":6},"end":{"line":113,"column":65}},"11":{"start":{"line":115,"column":6},"end":{"line":115,"column":52}},"12":{"start":{"line":116,"column":6},"end":{"line":116,"column":18}},"13":{"start":{"line":177,"column":4},"end":{"line":182,"column":5}},"14":{"start":{"line":178,"column":6},"end":{"line":178,"column":63}},"15":{"start":{"line":180,"column":6},"end":{"line":180,"column":53}},"16":{"start":{"line":181,"column":6},"end":{"line":181,"column":18}},"17":{"start":{"line":229,"column":4},"end":{"line":234,"column":5}},"18":{"start":{"line":230,"column":6},"end":{"line":230,"column":63}},"19":{"start":{"line":232,"column":6},"end":{"line":232,"column":51}},"20":{"start":{"line":233,"column":6},"end":{"line":233,"column":18}},"21":{"start":{"line":275,"column":4},"end":{"line":280,"column":5}},"22":{"start":{"line":276,"column":6},"end":{"line":276,"column":61}},"23":{"start":{"line":278,"column":6},"end":{"line":278,"column":62}},"24":{"start":{"line":279,"column":6},"end":{"line":279,"column":18}},"25":{"start":{"line":298,"column":4},"end":{"line":303,"column":5}},"26":{"start":{"line":299,"column":6},"end":{"line":299,"column":65}},"27":{"start":{"line":301,"column":6},"end":{"line":301,"column":61}},"28":{"start":{"line":302,"column":6},"end":{"line":302,"column":18}},"29":{"start":{"line":307,"column":32},"end":{"line":309,"column":1}},"30":{"start":{"line":308,"column":2},"end":{"line":308,"column":32}}},"fnMap":{"0":{"name":"(anonymous_0)","decl":{"start":{"line":32,"column":2},"end":{"line":32,"column":14}},"loc":{"start":{"line":32,"column":35},"end":{"line":34,"column":3}}},"1":{"name":"(anonymous_1)","decl":{"start":{"line":40,"column":2},"end":{"line":40,"column":7}},"loc":{"start":{"line":40,"column":25},"end":{"line":47,"column":3}}},"2":{"name":"(anonymous_2)","decl":{"start":{"line":53,"column":2},"end":{"line":53,"column":7}},"loc":{"start":{"line":53,"column":21},"end":{"line":60,"column":3}}},"3":{"name":"(anonymous_3)","decl":{"start":{"line":67,"column":2},"end":{"line":67,"column":7}},"loc":{"start":{"line":67,"column":37},"end":{"line":118,"column":3}}},"4":{"name":"(anonymous_4)","decl":{"start":{"line":125,"column":2},"end":{"line":125,"column":7}},"loc":{"start":{"line":125,"column":34},"end":{"line":183,"column":3}}},"5":{"name":"(anonymous_5)","decl":{"start":{"line":190,"column":2},"end":{"line":190,"column":7}},"loc":{"start":{"line":190,"column":33},"end":{"line":235,"column":3}}},"6":{"name":"(anonymous_6)","decl":{"start":{"line":242,"column":2},"end":{"line":242,"column":7}},"loc":{"start":{"line":242,"column":41},"end":{"line":281,"column":3}}},"7":{"name":"(anonymous_7)","decl":{"start":{"line":288,"column":2},"end":{"line":288,"column":7}},"loc":{"start":{"line":288,"column":45},"end":{"line":304,"column":3}}},"8":{"name":"(anonymous_8)","decl":{"start":{"line":307,"column":32},"end":{"line":307,"column":33}},"loc":{"start":{"line":307,"column":70},"end":{"line":309,"column":1}}}},"branchMap":{},"s":{"0":0,"1":0,"2":0,"3":0,"4":0,"5":0,"6":0,"7":0,"8":0,"9":0,"10":0,"11":0,"12":0,"13":0,"14":0,"15":0,"16":0,"17":0,"18":0,"19":0,"20":0,"21":0,"22":0,"23":0,"24":0,"25":0,"26":0,"27":0,"28":0,"29":0,"30":0},"f":{"0":0,"1":0,"2":0,"3":0,"4":0,"5":0,"6":0,"7":0,"8":0},"b":{}}
,"/Users/peterkrzyzek/Development/clickup-mcp-server/src/clickup-client/checklists.ts": {"path":"/Users/peterkrzyzek/Development/clickup-mcp-server/src/clickup-client/checklists.ts","statementMap":{"0":{"start":{"line":50,"column":4},"end":{"line":50,"column":25}},"1":{"start":{"line":60,"column":4},"end":{"line":60,"column":65}},"2":{"start":{"line":70,"column":4},"end":{"line":70,"column":64}},"3":{"start":{"line":79,"column":4},"end":{"line":79,"column":59}},"4":{"start":{"line":89,"column":4},"end":{"line":89,"column":80}},"5":{"start":{"line":100,"column":4},"end":{"line":100,"column":98}},"6":{"start":{"line":110,"column":4},"end":{"line":110,"column":93}},"7":{"start":{"line":114,"column":38},"end":{"line":116,"column":1}},"8":{"start":{"line":115,"column":2},"end":{"line":115,"column":38}}},"fnMap":{"0":{"name":"(anonymous_0)","decl":{"start":{"line":49,"column":2},"end":{"line":49,"column":14}},"loc":{"start":{"line":49,"column":35},"end":{"line":51,"column":3}}},"1":{"name":"(anonymous_1)","decl":{"start":{"line":59,"column":2},"end":{"line":59,"column":7}},"loc":{"start":{"line":59,"column":69},"end":{"line":61,"column":3}}},"2":{"name":"(anonymous_2)","decl":{"start":{"line":69,"column":2},"end":{"line":69,"column":7}},"loc":{"start":{"line":69,"column":74},"end":{"line":71,"column":3}}},"3":{"name":"(anonymous_3)","decl":{"start":{"line":78,"column":2},"end":{"line":78,"column":7}},"loc":{"start":{"line":78,"column":43},"end":{"line":80,"column":3}}},"4":{"name":"(anonymous_4)","decl":{"start":{"line":88,"column":2},"end":{"line":88,"column":7}},"loc":{"start":{"line":88,"column":82},"end":{"line":90,"column":3}}},"5":{"name":"(anonymous_5)","decl":{"start":{"line":99,"column":2},"end":{"line":99,"column":7}},"loc":{"start":{"line":99,"column":107},"end":{"line":101,"column":3}}},"6":{"name":"(anonymous_6)","decl":{"start":{"line":109,"column":2},"end":{"line":109,"column":7}},"loc":{"start":{"line":109,"column":72},"end":{"line":111,"column":3}}},"7":{"name":"(anonymous_7)","decl":{"start":{"line":114,"column":38},"end":{"line":114,"column":39}},"loc":{"start":{"line":114,"column":82},"end":{"line":116,"column":1}}}},"branchMap":{},"s":{"0":0,"1":0,"2":0,"3":0,"4":0,"5":0,"6":0,"7":0,"8":0},"f":{"0":0,"1":0,"2":0,"3":0,"4":0,"5":0,"6":0,"7":0},"b":{}}
,"/Users/peterkrzyzek/Development/clickup-mcp-server/src/clickup-client/comments-enhanced.ts": {"path":"/Users/peterkrzyzek/Development/clickup-mcp-server/src/clickup-client/comments-enhanced.ts","statementMap":{"0":{"start":{"line":105,"column":20},"end":{"line":105,"column":34}},"1":{"start":{"line":108,"column":2},"end":{"line":116,"column":3}},"2":{"start":{"line":109,"column":4},"end":{"line":115,"column":5}},"3":{"start":{"line":110,"column":6},"end":{"line":110,"column":92}},"4":{"start":{"line":112,"column":6},"end":{"line":112,"column":76}},"5":{"start":{"line":114,"column":6},"end":{"line":114,"column":64}},"6":{"start":{"line":118,"column":2},"end":{"line":118,"column":19}},"7":{"start":{"line":126,"column":2},"end":{"line":136,"column":3}},"8":{"start":{"line":128,"column":30},"end":{"line":128,"column":75}},"9":{"start":{"line":130,"column":4},"end":{"line":135,"column":6}},"10":{"start":{"line":138,"column":2},"end":{"line":138,"column":16}},"11":{"start":{"line":145,"column":4},"end":{"line":145,"column":25}},"12":{"start":{"line":155,"column":19},"end":{"line":155,"column":75}},"13":{"start":{"line":158,"column":4},"end":{"line":160,"column":5}},"14":{"start":{"line":159,"column":6},"end":{"line":159,"column":95}},"15":{"start":{"line":159,"column":62},"end":{"line":159,"column":93}},"16":{"start":{"line":162,"column":4},"end":{"line":162,"column":18}},"17":{"start":{"line":176,"column":20},"end":{"line":179,"column":6}},"18":{"start":{"line":181,"column":4},"end":{"line":181,"column":40}},"19":{"start":{"line":182,"column":4},"end":{"line":182,"column":51}},"20":{"start":{"line":183,"column":4},"end":{"line":183,"column":62}},"21":{"start":{"line":184,"column":4},"end":{"line":184,"column":39}},"22":{"start":{"line":187,"column":19},"end":{"line":187,"column":77}},"23":{"start":{"line":189,"column":4},"end":{"line":189,"column":44}},"24":{"start":{"line":190,"column":4},"end":{"line":190,"column":62}},"25":{"start":{"line":191,"column":4},"end":{"line":191,"column":44}},"26":{"start":{"line":194,"column":4},"end":{"line":194,"column":18}},"27":{"start":{"line":199,"column":30},"end":{"line":199,"column":75}},"28":{"start":{"line":201,"column":20},"end":{"line":205,"column":6}},"29":{"start":{"line":208,"column":4},"end":{"line":208,"column":57}},"30":{"start":{"line":209,"column":4},"end":{"line":209,"column":51}},"31":{"start":{"line":210,"column":4},"end":{"line":210,"column":62}},"32":{"start":{"line":211,"column":4},"end":{"line":211,"column":57}},"33":{"start":{"line":213,"column":19},"end":{"line":213,"column":77}},"34":{"start":{"line":216,"column":4},"end":{"line":216,"column":55}},"35":{"start":{"line":217,"column":4},"end":{"line":217,"column":66}},"36":{"start":{"line":218,"column":4},"end":{"line":218,"column":55}},"37":{"start":{"line":220,"column":4},"end":{"line":220,"column":42}},"38":{"start":{"line":230,"column":19},"end":{"line":230,"column":75}},"39":{"start":{"line":233,"column":4},"end":{"line":235,"column":5}},"40":{"start":{"line":234,"column":6},"end":{"line":234,"column":95}},"41":{"start":{"line":234,"column":62},"end":{"line":234,"column":93}},"42":{"start":{"line":237,"column":4},"end":{"line":237,"column":18}},"43":{"start":{"line":248,"column":30},"end":{"line":248,"column":75}},"44":{"start":{"line":250,"column":20},"end":{"line":253,"column":6}},"45":{"start":{"line":255,"column":19},"end":{"line":255,"column":77}},"46":{"start":{"line":256,"column":4},"end":{"line":256,"column":42}},"47":{"start":{"line":266,"column":19},"end":{"line":266,"column":75}},"48":{"start":{"line":269,"column":4},"end":{"line":271,"column":5}},"49":{"start":{"line":270,"column":6},"end":{"line":270,"column":95}},"50":{"start":{"line":270,"column":62},"end":{"line":270,"column":93}},"51":{"start":{"line":273,"column":4},"end":{"line":273,"column":18}},"52":{"start":{"line":284,"column":30},"end":{"line":284,"column":75}},"53":{"start":{"line":286,"column":20},"end":{"line":290,"column":6}},"54":{"start":{"line":292,"column":19},"end":{"line":292,"column":77}},"55":{"start":{"line":293,"column":4},"end":{"line":293,"column":42}},"56":{"start":{"line":304,"column":30},"end":{"line":304,"column":75}},"57":{"start":{"line":306,"column":20},"end":{"line":310,"column":6}},"58":{"start":{"line":312,"column":19},"end":{"line":312,"column":74}},"59":{"start":{"line":313,"column":4},"end":{"line":313,"column":42}},"60":{"start":{"line":322,"column":4},"end":{"line":322,"column":55}},"61":{"start":{"line":332,"column":19},"end":{"line":332,"column":79}},"62":{"start":{"line":335,"column":4},"end":{"line":337,"column":5}},"63":{"start":{"line":336,"column":6},"end":{"line":336,"column":95}},"64":{"start":{"line":336,"column":62},"end":{"line":336,"column":93}},"65":{"start":{"line":339,"column":4},"end":{"line":339,"column":18}},"66":{"start":{"line":350,"column":30},"end":{"line":350,"column":75}},"67":{"start":{"line":352,"column":20},"end":{"line":355,"column":6}},"68":{"start":{"line":357,"column":19},"end":{"line":357,"column":81}},"69":{"start":{"line":358,"column":4},"end":{"line":358,"column":42}},"70":{"start":{"line":362,"column":44},"end":{"line":364,"column":1}},"71":{"start":{"line":363,"column":2},"end":{"line":363,"column":44}}},"fnMap":{"0":{"name":"processCommentResponse","decl":{"start":{"line":101,"column":9},"end":{"line":101,"column":31}},"loc":{"start":{"line":101,"column":44},"end":{"line":119,"column":1}}},"1":{"name":"prepareCommentParams","decl":{"start":{"line":125,"column":9},"end":{"line":125,"column":29}},"loc":{"start":{"line":125,"column":41},"end":{"line":139,"column":1}}},"2":{"name":"(anonymous_2)","decl":{"start":{"line":144,"column":2},"end":{"line":144,"column":14}},"loc":{"start":{"line":144,"column":35},"end":{"line":146,"column":3}}},"3":{"name":"(anonymous_3)","decl":{"start":{"line":154,"column":2},"end":{"line":154,"column":7}},"loc":{"start":{"line":154,"column":70},"end":{"line":163,"column":3}}},"4":{"name":"(anonymous_4)","decl":{"start":{"line":159,"column":44},"end":{"line":159,"column":45}},"loc":{"start":{"line":159,"column":62},"end":{"line":159,"column":93}}},"5":{"name":"(anonymous_5)","decl":{"start":{"line":174,"column":2},"end":{"line":174,"column":7}},"loc":{"start":{"line":174,"column":64},"end":{"line":195,"column":3}}},"6":{"name":"(anonymous_6)","decl":{"start":{"line":197,"column":2},"end":{"line":197,"column":7}},"loc":{"start":{"line":197,"column":73},"end":{"line":221,"column":3}}},"7":{"name":"(anonymous_7)","decl":{"start":{"line":229,"column":2},"end":{"line":229,"column":7}},"loc":{"start":{"line":229,"column":78},"end":{"line":238,"column":3}}},"8":{"name":"(anonymous_8)","decl":{"start":{"line":234,"column":44},"end":{"line":234,"column":45}},"loc":{"start":{"line":234,"column":62},"end":{"line":234,"column":93}}},"9":{"name":"(anonymous_9)","decl":{"start":{"line":246,"column":2},"end":{"line":246,"column":7}},"loc":{"start":{"line":246,"column":81},"end":{"line":257,"column":3}}},"10":{"name":"(anonymous_10)","decl":{"start":{"line":265,"column":2},"end":{"line":265,"column":7}},"loc":{"start":{"line":265,"column":70},"end":{"line":274,"column":3}}},"11":{"name":"(anonymous_11)","decl":{"start":{"line":270,"column":44},"end":{"line":270,"column":45}},"loc":{"start":{"line":270,"column":62},"end":{"line":270,"column":93}}},"12":{"name":"(anonymous_12)","decl":{"start":{"line":282,"column":2},"end":{"line":282,"column":7}},"loc":{"start":{"line":282,"column":73},"end":{"line":294,"column":3}}},"13":{"name":"(anonymous_13)","decl":{"start":{"line":302,"column":2},"end":{"line":302,"column":7}},"loc":{"start":{"line":302,"column":68},"end":{"line":314,"column":3}}},"14":{"name":"(anonymous_14)","decl":{"start":{"line":321,"column":2},"end":{"line":321,"column":7}},"loc":{"start":{"line":321,"column":39},"end":{"line":323,"column":3}}},"15":{"name":"(anonymous_15)","decl":{"start":{"line":331,"column":2},"end":{"line":331,"column":7}},"loc":{"start":{"line":331,"column":81},"end":{"line":340,"column":3}}},"16":{"name":"(anonymous_16)","decl":{"start":{"line":336,"column":44},"end":{"line":336,"column":45}},"loc":{"start":{"line":336,"column":62},"end":{"line":336,"column":93}}},"17":{"name":"(anonymous_17)","decl":{"start":{"line":348,"column":2},"end":{"line":348,"column":7}},"loc":{"start":{"line":348,"column":84},"end":{"line":359,"column":3}}},"18":{"name":"(anonymous_18)","decl":{"start":{"line":362,"column":44},"end":{"line":362,"column":45}},"loc":{"start":{"line":362,"column":94},"end":{"line":364,"column":1}}}},"branchMap":{"0":{"loc":{"start":{"line":108,"column":2},"end":{"line":116,"column":3}},"type":"if","locations":[{"start":{"line":108,"column":2},"end":{"line":116,"column":3}}]},"1":{"loc":{"start":{"line":108,"column":6},"end":{"line":108,"column":59}},"type":"binary-expr","locations":[{"start":{"line":108,"column":6},"end":{"line":108,"column":23}},{"start":{"line":108,"column":27},"end":{"line":108,"column":59}}]},"2":{"loc":{"start":{"line":114,"column":35},"end":{"line":114,"column":63}},"type":"binary-expr","locations":[{"start":{"line":114,"column":35},"end":{"line":114,"column":57}},{"start":{"line":114,"column":61},"end":{"line":114,"column":63}}]},"3":{"loc":{"start":{"line":126,"column":2},"end":{"line":136,"column":3}},"type":"if","locations":[{"start":{"line":126,"column":2},"end":{"line":136,"column":3}}]},"4":{"loc":{"start":{"line":131,"column":18},"end":{"line":131,"column":44}},"type":"binary-expr","locations":[{"start":{"line":131,"column":18},"end":{"line":131,"column":35}},{"start":{"line":131,"column":39},"end":{"line":131,"column":44}}]},"5":{"loc":{"start":{"line":158,"column":4},"end":{"line":160,"column":5}},"type":"if","locations":[{"start":{"line":158,"column":4},"end":{"line":160,"column":5}}]},"6":{"loc":{"start":{"line":158,"column":8},"end":{"line":158,"column":57}},"type":"binary-expr","locations":[{"start":{"line":158,"column":8},"end":{"line":158,"column":23}},{"start":{"line":158,"column":27},"end":{"line":158,"column":57}}]},"7":{"loc":{"start":{"line":202,"column":18},"end":{"line":202,"column":44}},"type":"binary-expr","locations":[{"start":{"line":202,"column":18},"end":{"line":202,"column":35}},{"start":{"line":202,"column":39},"end":{"line":202,"column":44}}]},"8":{"loc":{"start":{"line":233,"column":4},"end":{"line":235,"column":5}},"type":"if","locations":[{"start":{"line":233,"column":4},"end":{"line":235,"column":5}}]},"9":{"loc":{"start":{"line":233,"column":8},"end":{"line":233,"column":57}},"type":"binary-expr","locations":[{"start":{"line":233,"column":8},"end":{"line":233,"column":23}},{"start":{"line":233,"column":27},"end":{"line":233,"column":57}}]},"10":{"loc":{"start":{"line":251,"column":18},"end":{"line":251,"column":44}},"type":"binary-expr","locations":[{"start":{"line":251,"column":18},"end":{"line":251,"column":35}},{"start":{"line":251,"column":39},"end":{"line":251,"column":44}}]},"11":{"loc":{"start":{"line":269,"column":4},"end":{"line":271,"column":5}},"type":"if","locations":[{"start":{"line":269,"column":4},"end":{"line":271,"column":5}}]},"12":{"loc":{"start":{"line":269,"column":8},"end":{"line":269,"column":57}},"type":"binary-expr","locations":[{"start":{"line":269,"column":8},"end":{"line":269,"column":23}},{"start":{"line":269,"column":27},"end":{"line":269,"column":57}}]},"13":{"loc":{"start":{"line":287,"column":18},"end":{"line":287,"column":44}},"type":"binary-expr","locations":[{"start":{"line":287,"column":18},"end":{"line":287,"column":35}},{"start":{"line":287,"column":39},"end":{"line":287,"column":44}}]},"14":{"loc":{"start":{"line":335,"column":4},"end":{"line":337,"column":5}},"type":"if","locations":[{"start":{"line":335,"column":4},"end":{"line":337,"column":5}}]},"15":{"loc":{"start":{"line":335,"column":8},"end":{"line":335,"column":57}},"type":"binary-expr","locations":[{"start":{"line":335,"column":8},"end":{"line":335,"column":23}},{"start":{"line":335,"column":27},"end":{"line":335,"column":57}}]},"16":{"loc":{"start":{"line":353,"column":18},"end":{"line":353,"column":44}},"type":"binary-expr","locations":[{"start":{"line":353,"column":18},"end":{"line":353,"column":35}},{"start":{"line":353,"column":39},"end":{"line":353,"column":44}}]}},"s":{"0":0,"1":0,"2":0,"3":0,"4":0,"5":0,"6":0,"7":0,"8":0,"9":0,"10":0,"11":0,"12":0,"13":0,"14":0,"15":0,"16":0,"17":0,"18":0,"19":0,"20":0,"21":0,"22":0,"23":0,"24":0,"25":0,"26":0,"27":0,"28":0,"29":0,"30":0,"31":0,"32":0,"33":0,"34":0,"35":0,"36":0,"37":0,"38":0,"39":0,"40":0,"41":0,"42":0,"43":0,"44":0,"45":0,"46":0,"47":0,"48":0,"49":0,"50":0,"51":0,"52":0,"53":0,"54":0,"55":0,"56":0,"57":0,"58":0,"59":0,"60":0,"61":0,"62":0,"63":0,"64":0,"65":0,"66":0,"67":0,"68":0,"69":0,"70":0,"71":0},"f":{"0":0,"1":0,"2":0,"3":0,"4":0,"5":0,"6":0,"7":0,"8":0,"9":0,"10":0,"11":0,"12":0,"13":0,"14":0,"15":0,"16":0,"17":0,"18":0},"b":{"0":[0],"1":[0,0],"2":[0,0],"3":[0],"4":[0,0],"5":[0],"6":[0,0],"7":[0,0],"8":[0],"9":[0,0],"10":[0,0],"11":[0],"12":[0,0],"13":[0,0],"14":[0],"15":[0,0],"16":[0,0]}}
,"/Users/peterkrzyzek/Development/clickup-mcp-server/src/clickup-client/comments.ts": {"path":"/Users/peterkrzyzek/Development/clickup-mcp-server/src/clickup-client/comments.ts","statementMap":{"0":{"start":{"line":101,"column":4},"end":{"line":101,"column":25}},"1":{"start":{"line":111,"column":19},"end":{"line":111,"column":75}},"2":{"start":{"line":114,"column":4},"end":{"line":129,"column":5}},"3":{"start":{"line":115,"column":6},"end":{"line":128,"column":9}},"4":{"start":{"line":116,"column":26},"end":{"line":116,"column":57}},"5":{"start":{"line":119,"column":8},"end":{"line":125,"column":9}},"6":{"start":{"line":120,"column":10},"end":{"line":124,"column":11}},"7":{"start":{"line":121,"column":12},"end":{"line":121,"column":98}},"8":{"start":{"line":123,"column":12},"end":{"line":123,"column":82}},"9":{"start":{"line":127,"column":8},"end":{"line":127,"column":25}},"10":{"start":{"line":131,"column":4},"end":{"line":131,"column":18}},"11":{"start":{"line":139,"column":4},"end":{"line":171,"column":5}},"12":{"start":{"line":140,"column":24},"end":{"line":140,"column":71}},"13":{"start":{"line":143,"column":6},"end":{"line":170,"column":7}},"14":{"start":{"line":147,"column":34},"end":{"line":150,"column":63}},"15":{"start":{"line":152,"column":8},"end":{"line":169,"column":9}},"16":{"start":{"line":154,"column":10},"end":{"line":154,"column":61}},"17":{"start":{"line":157,"column":10},"end":{"line":159,"column":11}},"18":{"start":{"line":158,"column":12},"end":{"line":158,"column":95}},"19":{"start":{"line":162,"column":10},"end":{"line":168,"column":11}},"20":{"start":{"line":163,"column":12},"end":{"line":167,"column":13}},"21":{"start":{"line":164,"column":14},"end":{"line":164,"column":100}},"22":{"start":{"line":166,"column":14},"end":{"line":166,"column":82}},"23":{"start":{"line":173,"column":4},"end":{"line":173,"column":21}},"24":{"start":{"line":184,"column":33},"end":{"line":184,"column":46}},"25":{"start":{"line":186,"column":4},"end":{"line":196,"column":5}},"26":{"start":{"line":187,"column":26},"end":{"line":187,"column":71}},"27":{"start":{"line":190,"column":6},"end":{"line":190,"column":42}},"28":{"start":{"line":191,"column":6},"end":{"line":191,"column":52}},"29":{"start":{"line":194,"column":6},"end":{"line":194,"column":34}},"30":{"start":{"line":195,"column":6},"end":{"line":195,"column":41}},"31":{"start":{"line":198,"column":19},"end":{"line":198,"column":85}},"32":{"start":{"line":201,"column":20},"end":{"line":201,"column":50}},"33":{"start":{"line":204,"column":4},"end":{"line":204,"column":55}},"34":{"start":{"line":206,"column":4},"end":{"line":206,"column":21}},"35":{"start":{"line":216,"column":19},"end":{"line":216,"column":75}},"36":{"start":{"line":219,"column":4},"end":{"line":234,"column":5}},"37":{"start":{"line":220,"column":6},"end":{"line":233,"column":9}},"38":{"start":{"line":221,"column":26},"end":{"line":221,"column":57}},"39":{"start":{"line":224,"column":8},"end":{"line":230,"column":9}},"40":{"start":{"line":225,"column":10},"end":{"line":229,"column":11}},"41":{"start":{"line":226,"column":12},"end":{"line":226,"column":98}},"42":{"start":{"line":228,"column":12},"end":{"line":228,"column":82}},"43":{"start":{"line":232,"column":8},"end":{"line":232,"column":25}},"44":{"start":{"line":236,"column":4},"end":{"line":236,"column":18}},"45":{"start":{"line":247,"column":33},"end":{"line":247,"column":46}},"46":{"start":{"line":249,"column":4},"end":{"line":259,"column":5}},"47":{"start":{"line":250,"column":26},"end":{"line":250,"column":71}},"48":{"start":{"line":253,"column":6},"end":{"line":253,"column":42}},"49":{"start":{"line":254,"column":6},"end":{"line":254,"column":52}},"50":{"start":{"line":257,"column":6},"end":{"line":257,"column":34}},"51":{"start":{"line":258,"column":6},"end":{"line":258,"column":41}},"52":{"start":{"line":261,"column":19},"end":{"line":261,"column":85}},"53":{"start":{"line":264,"column":22},"end":{"line":264,"column":52}},"54":{"start":{"line":267,"column":4},"end":{"line":273,"column":5}},"55":{"start":{"line":268,"column":6},"end":{"line":272,"column":7}},"56":{"start":{"line":269,"column":8},"end":{"line":269,"column":94}},"57":{"start":{"line":271,"column":8},"end":{"line":271,"column":78}},"58":{"start":{"line":275,"column":4},"end":{"line":275,"column":21}},"59":{"start":{"line":285,"column":19},"end":{"line":285,"column":75}},"60":{"start":{"line":288,"column":4},"end":{"line":303,"column":5}},"61":{"start":{"line":289,"column":6},"end":{"line":302,"column":9}},"62":{"start":{"line":290,"column":26},"end":{"line":290,"column":57}},"63":{"start":{"line":293,"column":8},"end":{"line":299,"column":9}},"64":{"start":{"line":294,"column":10},"end":{"line":298,"column":11}},"65":{"start":{"line":295,"column":12},"end":{"line":295,"column":98}},"66":{"start":{"line":297,"column":12},"end":{"line":297,"column":82}},"67":{"start":{"line":301,"column":8},"end":{"line":301,"column":25}},"68":{"start":{"line":305,"column":4},"end":{"line":305,"column":18}},"69":{"start":{"line":316,"column":33},"end":{"line":316,"column":46}},"70":{"start":{"line":318,"column":4},"end":{"line":328,"column":5}},"71":{"start":{"line":319,"column":26},"end":{"line":319,"column":71}},"72":{"start":{"line":322,"column":6},"end":{"line":322,"column":42}},"73":{"start":{"line":323,"column":6},"end":{"line":323,"column":52}},"74":{"start":{"line":326,"column":6},"end":{"line":326,"column":34}},"75":{"start":{"line":327,"column":6},"end":{"line":327,"column":41}},"76":{"start":{"line":330,"column":19},"end":{"line":330,"column":85}},"77":{"start":{"line":333,"column":22},"end":{"line":333,"column":52}},"78":{"start":{"line":336,"column":4},"end":{"line":342,"column":5}},"79":{"start":{"line":337,"column":6},"end":{"line":341,"column":7}},"80":{"start":{"line":338,"column":8},"end":{"line":338,"column":94}},"81":{"start":{"line":340,"column":8},"end":{"line":340,"column":78}},"82":{"start":{"line":344,"column":4},"end":{"line":344,"column":21}},"83":{"start":{"line":355,"column":33},"end":{"line":355,"column":46}},"84":{"start":{"line":357,"column":4},"end":{"line":367,"column":5}},"85":{"start":{"line":358,"column":26},"end":{"line":358,"column":71}},"86":{"start":{"line":361,"column":6},"end":{"line":361,"column":42}},"87":{"start":{"line":362,"column":6},"end":{"line":362,"column":52}},"88":{"start":{"line":365,"column":6},"end":{"line":365,"column":34}},"89":{"start":{"line":366,"column":6},"end":{"line":366,"column":41}},"90":{"start":{"line":369,"column":19},"end":{"line":369,"column":82}},"91":{"start":{"line":372,"column":22},"end":{"line":372,"column":52}},"92":{"start":{"line":375,"column":4},"end":{"line":381,"column":5}},"93":{"start":{"line":376,"column":6},"end":{"line":380,"column":7}},"94":{"start":{"line":377,"column":8},"end":{"line":377,"column":94}},"95":{"start":{"line":379,"column":8},"end":{"line":379,"column":78}},"96":{"start":{"line":383,"column":4},"end":{"line":383,"column":21}},"97":{"start":{"line":392,"column":4},"end":{"line":392,"column":55}},"98":{"start":{"line":402,"column":19},"end":{"line":402,"column":79}},"99":{"start":{"line":405,"column":4},"end":{"line":420,"column":5}},"100":{"start":{"line":406,"column":6},"end":{"line":419,"column":9}},"101":{"start":{"line":407,"column":26},"end":{"line":407,"column":57}},"102":{"start":{"line":410,"column":8},"end":{"line":416,"column":9}},"103":{"start":{"line":411,"column":10},"end":{"line":415,"column":11}},"104":{"start":{"line":412,"column":12},"end":{"line":412,"column":98}},"105":{"start":{"line":414,"column":12},"end":{"line":414,"column":82}},"106":{"start":{"line":418,"column":8},"end":{"line":418,"column":25}},"107":{"start":{"line":422,"column":4},"end":{"line":422,"column":18}},"108":{"start":{"line":433,"column":33},"end":{"line":433,"column":46}},"109":{"start":{"line":434,"column":4},"end":{"line":444,"column":5}},"110":{"start":{"line":435,"column":26},"end":{"line":435,"column":71}},"111":{"start":{"line":438,"column":6},"end":{"line":438,"column":42}},"112":{"start":{"line":439,"column":6},"end":{"line":439,"column":52}},"113":{"start":{"line":442,"column":6},"end":{"line":442,"column":34}},"114":{"start":{"line":443,"column":6},"end":{"line":443,"column":41}},"115":{"start":{"line":446,"column":19},"end":{"line":446,"column":89}},"116":{"start":{"line":449,"column":22},"end":{"line":449,"column":52}},"117":{"start":{"line":452,"column":4},"end":{"line":458,"column":5}},"118":{"start":{"line":453,"column":6},"end":{"line":457,"column":7}},"119":{"start":{"line":454,"column":8},"end":{"line":454,"column":94}},"120":{"start":{"line":456,"column":8},"end":{"line":456,"column":78}},"121":{"start":{"line":460,"column":4},"end":{"line":460,"column":21}},"122":{"start":{"line":464,"column":36},"end":{"line":466,"column":1}},"123":{"start":{"line":465,"column":2},"end":{"line":465,"column":36}}},"fnMap":{"0":{"name":"(anonymous_0)","decl":{"start":{"line":100,"column":2},"end":{"line":100,"column":14}},"loc":{"start":{"line":100,"column":35},"end":{"line":102,"column":3}}},"1":{"name":"(anonymous_1)","decl":{"start":{"line":110,"column":2},"end":{"line":110,"column":7}},"loc":{"start":{"line":110,"column":70},"end":{"line":132,"column":3}}},"2":{"name":"(anonymous_2)","decl":{"start":{"line":115,"column":44},"end":{"line":115,"column":45}},"loc":{"start":{"line":115,"column":61},"end":{"line":128,"column":7}}},"3":{"name":"(anonymous_3)","decl":{"start":{"line":138,"column":10},"end":{"line":138,"column":32}},"loc":{"start":{"line":138,"column":47},"end":{"line":174,"column":3}}},"4":{"name":"(anonymous_4)","decl":{"start":{"line":182,"column":2},"end":{"line":182,"column":7}},"loc":{"start":{"line":182,"column":73},"end":{"line":207,"column":3}}},"5":{"name":"(anonymous_5)","decl":{"start":{"line":215,"column":2},"end":{"line":215,"column":7}},"loc":{"start":{"line":215,"column":78},"end":{"line":237,"column":3}}},"6":{"name":"(anonymous_6)","decl":{"start":{"line":220,"column":44},"end":{"line":220,"column":45}},"loc":{"start":{"line":220,"column":61},"end":{"line":233,"column":7}}},"7":{"name":"(anonymous_7)","decl":{"start":{"line":245,"column":2},"end":{"line":245,"column":7}},"loc":{"start":{"line":245,"column":81},"end":{"line":276,"column":3}}},"8":{"name":"(anonymous_8)","decl":{"start":{"line":284,"column":2},"end":{"line":284,"column":7}},"loc":{"start":{"line":284,"column":70},"end":{"line":306,"column":3}}},"9":{"name":"(anonymous_9)","decl":{"start":{"line":289,"column":44},"end":{"line":289,"column":45}},"loc":{"start":{"line":289,"column":61},"end":{"line":302,"column":7}}},"10":{"name":"(anonymous_10)","decl":{"start":{"line":314,"column":2},"end":{"line":314,"column":7}},"loc":{"start":{"line":314,"column":73},"end":{"line":345,"column":3}}},"11":{"name":"(anonymous_11)","decl":{"start":{"line":353,"column":2},"end":{"line":353,"column":7}},"loc":{"start":{"line":353,"column":68},"end":{"line":384,"column":3}}},"12":{"name":"(anonymous_12)","decl":{"start":{"line":391,"column":2},"end":{"line":391,"column":7}},"loc":{"start":{"line":391,"column":39},"end":{"line":393,"column":3}}},"13":{"name":"(anonymous_13)","decl":{"start":{"line":401,"column":2},"end":{"line":401,"column":7}},"loc":{"start":{"line":401,"column":81},"end":{"line":423,"column":3}}},"14":{"name":"(anonymous_14)","decl":{"start":{"line":406,"column":44},"end":{"line":406,"column":45}},"loc":{"start":{"line":406,"column":61},"end":{"line":419,"column":7}}},"15":{"name":"(anonymous_15)","decl":{"start":{"line":431,"column":2},"end":{"line":431,"column":7}},"loc":{"start":{"line":431,"column":84},"end":{"line":461,"column":3}}},"16":{"name":"(anonymous_16)","decl":{"start":{"line":464,"column":36},"end":{"line":464,"column":37}},"loc":{"start":{"line":464,"column":78},"end":{"line":466,"column":1}}}},"branchMap":{"0":{"loc":{"start":{"line":114,"column":4},"end":{"line":129,"column":5}},"type":"if","locations":[{"start":{"line":114,"column":4},"end":{"line":129,"column":5}}]},"1":{"loc":{"start":{"line":114,"column":8},"end":{"line":114,"column":57}},"type":"binary-expr","locations":[{"start":{"line":114,"column":8},"end":{"line":114,"column":23}},{"start":{"line":114,"column":27},"end":{"line":114,"column":57}}]},"2":{"loc":{"start":{"line":119,"column":8},"end":{"line":125,"column":9}},"type":"if","locations":[{"start":{"line":119,"column":8},"end":{"line":125,"column":9}}]},"3":{"loc":{"start":{"line":119,"column":12},"end":{"line":119,"column":65}},"type":"binary-expr","locations":[{"start":{"line":119,"column":12},"end":{"line":119,"column":29}},{"start":{"line":119,"column":33},"end":{"line":119,"column":65}}]},"4":{"loc":{"start":{"line":139,"column":4},"end":{"line":171,"column":5}},"type":"if","locations":[{"start":{"line":139,"column":4},"end":{"line":171,"column":5}}]},"5":{"loc":{"start":{"line":139,"column":8},"end":{"line":139,"column":93}},"type":"binary-expr","locations":[{"start":{"line":139,"column":8},"end":{"line":139,"column":25}},{"start":{"line":139,"column":29},"end":{"line":139,"column":61}},{"start":{"line":139,"column":65},"end":{"line":139,"column":93}}]},"6":{"loc":{"start":{"line":143,"column":6},"end":{"line":170,"column":7}},"type":"if","locations":[{"start":{"line":143,"column":6},"end":{"line":170,"column":7}}]},"7":{"loc":{"start":{"line":143,"column":10},"end":{"line":144,"column":83}},"type":"binary-expr","locations":[{"start":{"line":143,"column":10},"end":{"line":143,"column":19}},{"start":{"line":143,"column":23},"end":{"line":143,"column":57}},{"start":{"line":144,"column":11},"end":{"line":144,"column":32}},{"start":{"line":144,"column":36},"end":{"line":144,"column":82}}]},"8":{"loc":{"start":{"line":147,"column":34},"end":{"line":150,"column":63}},"type":"binary-expr","locations":[{"start":{"line":147,"column":34},"end":{"line":147,"column":71}},{"start":{"line":148,"column":34},"end":{"line":148,"column":64}},{"start":{"line":149,"column":34},"end":{"line":149,"column":63}},{"start":{"line":150,"column":34},"end":{"line":150,"column":63}}]},"9":{"loc":{"start":{"line":152,"column":8},"end":{"line":169,"column":9}},"type":"if","locations":[{"start":{"line":152,"column":8},"end":{"line":169,"column":9}}]},"10":{"loc":{"start":{"line":152,"column":12},"end":{"line":152,"column":59}},"type":"binary-expr","locations":[{"start":{"line":152,"column":12},"end":{"line":152,"column":29}},{"start":{"line":152,"column":33},"end":{"line":152,"column":59}}]},"11":{"loc":{"start":{"line":157,"column":10},"end":{"line":159,"column":11}},"type":"if","locations":[{"start":{"line":157,"column":10},"end":{"line":159,"column":11}}]},"12":{"loc":{"start":{"line":157,"column":14},"end":{"line":157,"column":87}},"type":"binary-expr","locations":[{"start":{"line":157,"column":14},"end":{"line":157,"column":36}},{"start":{"line":157,"column":40},"end":{"line":157,"column":87}}]},"13":{"loc":{"start":{"line":162,"column":10},"end":{"line":168,"column":11}},"type":"if","locations":[{"start":{"line":162,"column":10},"end":{"line":168,"column":11}}]},"14":{"loc":{"start":{"line":162,"column":14},"end":{"line":162,"column":67}},"type":"binary-expr","locations":[{"start":{"line":162,"column":14},"end":{"line":162,"column":31}},{"start":{"line":162,"column":35},"end":{"line":162,"column":67}}]},"15":{"loc":{"start":{"line":186,"column":4},"end":{"line":196,"column":5}},"type":"if","locations":[{"start":{"line":186,"column":4},"end":{"line":196,"column":5}}]},"16":{"loc":{"start":{"line":219,"column":4},"end":{"line":234,"column":5}},"type":"if","locations":[{"start":{"line":219,"column":4},"end":{"line":234,"column":5}}]},"17":{"loc":{"start":{"line":219,"column":8},"end":{"line":219,"column":57}},"type":"binary-expr","locations":[{"start":{"line":219,"column":8},"end":{"line":219,"column":23}},{"start":{"line":219,"column":27},"end":{"line":219,"column":57}}]},"18":{"loc":{"start":{"line":224,"column":8},"end":{"line":230,"column":9}},"type":"if","locations":[{"start":{"line":224,"column":8},"end":{"line":230,"column":9}}]},"19":{"loc":{"start":{"line":224,"column":12},"end":{"line":224,"column":65}},"type":"binary-expr","locations":[{"start":{"line":224,"column":12},"end":{"line":224,"column":29}},{"start":{"line":224,"column":33},"end":{"line":224,"column":65}}]},"20":{"loc":{"start":{"line":249,"column":4},"end":{"line":259,"column":5}},"type":"if","locations":[{"start":{"line":249,"column":4},"end":{"line":259,"column":5}}]},"21":{"loc":{"start":{"line":267,"column":4},"end":{"line":273,"column":5}},"type":"if","locations":[{"start":{"line":267,"column":4},"end":{"line":273,"column":5}}]},"22":{"loc":{"start":{"line":267,"column":8},"end":{"line":267,"column":61}},"type":"binary-expr","locations":[{"start":{"line":267,"column":8},"end":{"line":267,"column":25}},{"start":{"line":267,"column":29},"end":{"line":267,"column":61}}]},"23":{"loc":{"start":{"line":288,"column":4},"end":{"line":303,"column":5}},"type":"if","locations":[{"start":{"line":288,"column":4},"end":{"line":303,"column":5}}]},"24":{"loc":{"start":{"line":288,"column":8},"end":{"line":288,"column":57}},"type":"binary-expr","locations":[{"start":{"line":288,"column":8},"end":{"line":288,"column":23}},{"start":{"line":288,"column":27},"end":{"line":288,"column":57}}]},"25":{"loc":{"start":{"line":293,"column":8},"end":{"line":299,"column":9}},"type":"if","locations":[{"start":{"line":293,"column":8},"end":{"line":299,"column":9}}]},"26":{"loc":{"start":{"line":293,"column":12},"end":{"line":293,"column":65}},"type":"binary-expr","locations":[{"start":{"line":293,"column":12},"end":{"line":293,"column":29}},{"start":{"line":293,"column":33},"end":{"line":293,"column":65}}]},"27":{"loc":{"start":{"line":318,"column":4},"end":{"line":328,"column":5}},"type":"if","locations":[{"start":{"line":318,"column":4},"end":{"line":328,"column":5}}]},"28":{"loc":{"start":{"line":336,"column":4},"end":{"line":342,"column":5}},"type":"if","locations":[{"start":{"line":336,"column":4},"end":{"line":342,"column":5}}]},"29":{"loc":{"start":{"line":336,"column":8},"end":{"line":336,"column":61}},"type":"binary-expr","locations":[{"start":{"line":336,"column":8},"end":{"line":336,"column":25}},{"start":{"line":336,"column":29},"end":{"line":336,"column":61}}]},"30":{"loc":{"start":{"line":357,"column":4},"end":{"line":367,"column":5}},"type":"if","locations":[{"start":{"line":357,"column":4},"end":{"line":367,"column":5}}]},"31":{"loc":{"start":{"line":375,"column":4},"end":{"line":381,"column":5}},"type":"if","locations":[{"start":{"line":375,"column":4},"end":{"line":381,"column":5}}]},"32":{"loc":{"start":{"line":375,"column":8},"end":{"line":375,"column":61}},"type":"binary-expr","locations":[{"start":{"line":375,"column":8},"end":{"line":375,"column":25}},{"start":{"line":375,"column":29},"end":{"line":375,"column":61}}]},"33":{"loc":{"start":{"line":405,"column":4},"end":{"line":420,"column":5}},"type":"if","locations":[{"start":{"line":405,"column":4},"end":{"line":420,"column":5}}]},"34":{"loc":{"start":{"line":405,"column":8},"end":{"line":405,"column":57}},"type":"binary-expr","locations":[{"start":{"line":405,"column":8},"end":{"line":405,"column":23}},{"start":{"line":405,"column":27},"end":{"line":405,"column":57}}]},"35":{"loc":{"start":{"line":410,"column":8},"end":{"line":416,"column":9}},"type":"if","locations":[{"start":{"line":410,"column":8},"end":{"line":416,"column":9}}]},"36":{"loc":{"start":{"line":410,"column":12},"end":{"line":410,"column":65}},"type":"binary-expr","locations":[{"start":{"line":410,"column":12},"end":{"line":410,"column":29}},{"start":{"line":410,"column":33},"end":{"line":410,"column":65}}]},"37":{"loc":{"start":{"line":434,"column":4},"end":{"line":444,"column":5}},"type":"if","locations":[{"start":{"line":434,"column":4},"end":{"line":444,"column":5}}]},"38":{"loc":{"start":{"line":452,"column":4},"end":{"line":458,"column":5}},"type":"if","locations":[{"start":{"line":452,"column":4},"end":{"line":458,"column":5}}]},"39":{"loc":{"start":{"line":452,"column":8},"end":{"line":452,"column":61}},"type":"binary-expr","locations":[{"start":{"line":452,"column":8},"end":{"line":452,"column":25}},{"start":{"line":452,"column":29},"end":{"line":452,"column":61}}]}},"s":{"0":0,"1":0,"2":0,"3":0,"4":0,"5":0,"6":0,"7":0,"8":0,"9":0,"10":0,"11":0,"12":0,"13":0,"14":0,"15":0,"16":0,"17":0,"18":0,"19":0,"20":0,"21":0,"22":0,"23":0,"24":0,"25":0,"26":0,"27":0,"28":0,"29":0,"30":0,"31":0,"32":0,"33":0,"34":0,"35":0,"36":0,"37":0,"38":0,"39":0,"40":0,"41":0,"42":0,"43":0,"44":0,"45":0,"46":0,"47":0,"48":0,"49":0,"50":0,"51":0,"52":0,"53":0,"54":0,"55":0,"56":0,"57":0,"58":0,"59":0,"60":0,"61":0,"62":0,"63":0,"64":0,"65":0,"66":0,"67":0,"68":0,"69":0,"70":0,"71":0,"72":0,"73":0,"74":0,"75":0,"76":0,"77":0,"78":0,"79":0,"80":0,"81":0,"82":0,"83":0,"84":0,"85":0,"86":0,"87":0,"88":0,"89":0,"90":0,"91":0,"92":0,"93":0,"94":0,"95":0,"96":0,"97":0,"98":0,"99":0,"100":0,"101":0,"102":0,"103":0,"104":0,"105":0,"106":0,"107":0,"108":0,"109":0,"110":0,"111":0,"112":0,"113":0,"114":0,"115":0,"116":0,"117":0,"118":0,"119":0,"120":0,"121":0,"122":0,"123":0},"f":{"0":0,"1":0,"2":0,"3":0,"4":0,"5":0,"6":0,"7":0,"8":0,"9":0,"10":0,"11":0,"12":0,"13":0,"14":0,"15":0,"16":0},"b":{"0":[0],"1":[0,0],"2":[0],"3":[0,0],"4":[0],"5":[0,0,0],"6":[0],"7":[0,0,0,0],"8":[0,0,0,0],"9":[0],"10":[0,0],"11":[0],"12":[0,0],"13":[0],"14":[0,0],"15":[0],"16":[0],"17":[0,0],"18":[0],"19":[0,0],"20":[0],"21":[0],"22":[0,0],"23":[0],"24":[0,0],"25":[0],"26":[0,0],"27":[0],"28":[0],"29":[0,0],"30":[0],"31":[0],"32":[0,0],"33":[0],"34":[0,0],"35":[0],"36":[0,0],"37":[0],"38":[0],"39":[0,0]}}
,"/Users/peterkrzyzek/Development/clickup-mcp-server/src/clickup-client/custom-fields-enhanced.ts": {"path":"/Users/peterkrzyzek/Development/clickup-mcp-server/src/clickup-client/custom-fields-enhanced.ts","statementMap":{"0":{"start":{"line":303,"column":4},"end":{"line":303,"column":25}},"1":{"start":{"line":304,"column":4},"end":{"line":304,"column":56}},"2":{"start":{"line":308,"column":4},"end":{"line":312,"column":6}},"3":{"start":{"line":323,"column":4},"end":{"line":333,"column":5}},"4":{"start":{"line":324,"column":18},"end":{"line":324,"column":71}},"5":{"start":{"line":325,"column":23},"end":{"line":328,"column":8}},"6":{"start":{"line":329,"column":6},"end":{"line":329,"column":40}},"7":{"start":{"line":331,"column":6},"end":{"line":331,"column":64}},"8":{"start":{"line":332,"column":6},"end":{"line":332,"column":86}},"9":{"start":{"line":340,"column":4},"end":{"line":350,"column":5}},"10":{"start":{"line":341,"column":18},"end":{"line":341,"column":75}},"11":{"start":{"line":342,"column":23},"end":{"line":345,"column":8}},"12":{"start":{"line":346,"column":6},"end":{"line":346,"column":40}},"13":{"start":{"line":348,"column":6},"end":{"line":348,"column":66}},"14":{"start":{"line":349,"column":6},"end":{"line":349,"column":90}},"15":{"start":{"line":357,"column":4},"end":{"line":367,"column":5}},"16":{"start":{"line":358,"column":18},"end":{"line":358,"column":73}},"17":{"start":{"line":359,"column":23},"end":{"line":362,"column":8}},"18":{"start":{"line":363,"column":6},"end":{"line":363,"column":40}},"19":{"start":{"line":365,"column":6},"end":{"line":365,"column":65}},"20":{"start":{"line":366,"column":6},"end":{"line":366,"column":88}},"21":{"start":{"line":374,"column":4},"end":{"line":383,"column":5}},"22":{"start":{"line":375,"column":18},"end":{"line":375,"column":71}},"23":{"start":{"line":376,"column":23},"end":{"line":378,"column":8}},"24":{"start":{"line":379,"column":6},"end":{"line":379,"column":27}},"25":{"start":{"line":381,"column":6},"end":{"line":381,"column":64}},"26":{"start":{"line":382,"column":6},"end":{"line":382,"column":87}},"27":{"start":{"line":390,"column":4},"end":{"line":399,"column":5}},"28":{"start":{"line":391,"column":18},"end":{"line":391,"column":75}},"29":{"start":{"line":392,"column":23},"end":{"line":394,"column":8}},"30":{"start":{"line":395,"column":6},"end":{"line":395,"column":27}},"31":{"start":{"line":397,"column":6},"end":{"line":397,"column":66}},"32":{"start":{"line":398,"column":6},"end":{"line":398,"column":91}},"33":{"start":{"line":406,"column":4},"end":{"line":415,"column":5}},"34":{"start":{"line":407,"column":18},"end":{"line":407,"column":73}},"35":{"start":{"line":408,"column":23},"end":{"line":410,"column":8}},"36":{"start":{"line":411,"column":6},"end":{"line":411,"column":27}},"37":{"start":{"line":413,"column":6},"end":{"line":413,"column":65}},"38":{"start":{"line":414,"column":6},"end":{"line":414,"column":89}},"39":{"start":{"line":422,"column":4},"end":{"line":431,"column":5}},"40":{"start":{"line":423,"column":18},"end":{"line":423,"column":67}},"41":{"start":{"line":424,"column":23},"end":{"line":426,"column":8}},"42":{"start":{"line":427,"column":6},"end":{"line":427,"column":27}},"43":{"start":{"line":429,"column":6},"end":{"line":429,"column":59}},"44":{"start":{"line":430,"column":6},"end":{"line":430,"column":80}},"45":{"start":{"line":438,"column":4},"end":{"line":446,"column":5}},"46":{"start":{"line":439,"column":18},"end":{"line":439,"column":67}},"47":{"start":{"line":440,"column":6},"end":{"line":442,"column":9}},"48":{"start":{"line":444,"column":6},"end":{"line":444,"column":59}},"49":{"start":{"line":445,"column":6},"end":{"line":445,"column":80}},"50":{"start":{"line":457,"column":4},"end":{"line":465,"column":5}},"51":{"start":{"line":458,"column":18},"end":{"line":458,"column":82}},"52":{"start":{"line":459,"column":6},"end":{"line":461,"column":9}},"53":{"start":{"line":463,"column":6},"end":{"line":463,"column":64}},"54":{"start":{"line":464,"column":6},"end":{"line":464,"column":109}},"55":{"start":{"line":472,"column":4},"end":{"line":480,"column":5}},"56":{"start":{"line":473,"column":18},"end":{"line":473,"column":82}},"57":{"start":{"line":474,"column":6},"end":{"line":476,"column":9}},"58":{"start":{"line":478,"column":6},"end":{"line":478,"column":65}},"59":{"start":{"line":479,"column":6},"end":{"line":479,"column":112}},"60":{"start":{"line":487,"column":4},"end":{"line":511,"column":5}},"61":{"start":{"line":489,"column":22},"end":{"line":489,"column":69}},"62":{"start":{"line":490,"column":23},"end":{"line":492,"column":8}},"63":{"start":{"line":494,"column":19},"end":{"line":494,"column":32}},"64":{"start":{"line":495,"column":26},"end":{"line":495,"column":88}},"65":{"start":{"line":495,"column":67},"end":{"line":495,"column":87}},"66":{"start":{"line":497,"column":6},"end":{"line":499,"column":7}},"67":{"start":{"line":498,"column":8},"end":{"line":498,"column":79}},"68":{"start":{"line":501,"column":6},"end":{"line":507,"column":8}},"69":{"start":{"line":509,"column":6},"end":{"line":509,"column":64}},"70":{"start":{"line":510,"column":6},"end":{"line":510,"column":109}},"71":{"start":{"line":518,"column":4},"end":{"line":537,"column":5}},"72":{"start":{"line":519,"column":22},"end":{"line":519,"column":69}},"73":{"start":{"line":520,"column":23},"end":{"line":522,"column":8}},"74":{"start":{"line":524,"column":19},"end":{"line":524,"column":32}},"75":{"start":{"line":525,"column":6},"end":{"line":533,"column":16}},"76":{"start":{"line":525,"column":54},"end":{"line":533,"column":8}},"77":{"start":{"line":535,"column":6},"end":{"line":535,"column":70}},"78":{"start":{"line":536,"column":6},"end":{"line":536,"column":92}},"79":{"start":{"line":544,"column":4},"end":{"line":571,"column":5}},"80":{"start":{"line":545,"column":22},"end":{"line":545,"column":24}},"81":{"start":{"line":549,"column":6},"end":{"line":565,"column":7}},"82":{"start":{"line":550,"column":8},"end":{"line":564,"column":9}},"83":{"start":{"line":551,"column":10},"end":{"line":551,"column":66}},"84":{"start":{"line":552,"column":10},"end":{"line":556,"column":13}},"85":{"start":{"line":558,"column":10},"end":{"line":563,"column":13}},"86":{"start":{"line":567,"column":6},"end":{"line":567,"column":21}},"87":{"start":{"line":569,"column":6},"end":{"line":569,"column":70}},"88":{"start":{"line":570,"column":6},"end":{"line":570,"column":97}},"89":{"start":{"line":582,"column":4},"end":{"line":630,"column":5}},"90":{"start":{"line":585,"column":8},"end":{"line":585,"column":41}},"91":{"start":{"line":589,"column":8},"end":{"line":589,"column":58}},"92":{"start":{"line":592,"column":8},"end":{"line":592,"column":54}},"93":{"start":{"line":595,"column":8},"end":{"line":595,"column":42}},"94":{"start":{"line":598,"column":8},"end":{"line":598,"column":67}},"95":{"start":{"line":601,"column":8},"end":{"line":601,"column":69}},"96":{"start":{"line":604,"column":8},"end":{"line":604,"column":61}},"97":{"start":{"line":607,"column":8},"end":{"line":607,"column":90}},"98":{"start":{"line":607,"column":72},"end":{"line":607,"column":88}},"99":{"start":{"line":610,"column":8},"end":{"line":612,"column":10}},"100":{"start":{"line":611,"column":10},"end":{"line":611,"column":80}},"101":{"start":{"line":611,"column":67},"end":{"line":611,"column":79}},"102":{"start":{"line":615,"column":8},"end":{"line":616,"column":69}},"103":{"start":{"line":619,"column":41},"end":{"line":619,"column":58}},"104":{"start":{"line":620,"column":8},"end":{"line":620,"column":75}},"105":{"start":{"line":623,"column":8},"end":{"line":625,"column":9}},"106":{"start":{"line":624,"column":10},"end":{"line":624,"column":81}},"107":{"start":{"line":624,"column":58},"end":{"line":624,"column":79}},"108":{"start":{"line":626,"column":8},"end":{"line":626,"column":41}},"109":{"start":{"line":629,"column":8},"end":{"line":629,"column":20}},"110":{"start":{"line":637,"column":4},"end":{"line":701,"column":5}},"111":{"start":{"line":640,"column":8},"end":{"line":643,"column":10}},"112":{"start":{"line":646,"column":8},"end":{"line":649,"column":10}},"113":{"start":{"line":652,"column":8},"end":{"line":656,"column":10}},"114":{"start":{"line":659,"column":8},"end":{"line":661,"column":10}},"115":{"start":{"line":665,"column":8},"end":{"line":667,"column":10}},"116":{"start":{"line":670,"column":8},"end":{"line":672,"column":10}},"117":{"start":{"line":677,"column":8},"end":{"line":679,"column":10}},"118":{"start":{"line":682,"column":8},"end":{"line":685,"column":10}},"119":{"start":{"line":688,"column":8},"end":{"line":692,"column":10}},"120":{"start":{"line":695,"column":8},"end":{"line":697,"column":10}},"121":{"start":{"line":700,"column":8},"end":{"line":700,"column":18}},"122":{"start":{"line":709,"column":4},"end":{"line":714,"column":5}},"123":{"start":{"line":710,"column":6},"end":{"line":710,"column":22}},"124":{"start":{"line":711,"column":6},"end":{"line":711,"column":18}},"125":{"start":{"line":713,"column":6},"end":{"line":713,"column":19}},"126":{"start":{"line":718,"column":23},"end":{"line":718,"column":51}},"127":{"start":{"line":719,"column":4},"end":{"line":719,"column":34}},"128":{"start":{"line":723,"column":4},"end":{"line":743,"column":5}},"129":{"start":{"line":724,"column":21},"end":{"line":724,"column":43}},"130":{"start":{"line":725,"column":22},"end":{"line":725,"column":68}},"131":{"start":{"line":727,"column":6},"end":{"line":742,"column":7}},"132":{"start":{"line":729,"column":10},"end":{"line":729,"column":71}},"133":{"start":{"line":731,"column":10},"end":{"line":731,"column":82}},"134":{"start":{"line":733,"column":10},"end":{"line":733,"column":89}},"135":{"start":{"line":735,"column":10},"end":{"line":735,"column":74}},"136":{"start":{"line":737,"column":10},"end":{"line":737,"column":83}},"137":{"start":{"line":739,"column":10},"end":{"line":739,"column":74}},"138":{"start":{"line":741,"column":10},"end":{"line":741,"column":53}},"139":{"start":{"line":745,"column":4},"end":{"line":745,"column":72}},"140":{"start":{"line":749,"column":48},"end":{"line":751,"column":1}},"141":{"start":{"line":750,"column":2},"end":{"line":750,"column":48}}},"fnMap":{"0":{"name":"(anonymous_0)","decl":{"start":{"line":302,"column":2},"end":{"line":302,"column":14}},"loc":{"start":{"line":302,"column":35},"end":{"line":305,"column":3}}},"1":{"name":"(anonymous_1)","decl":{"start":{"line":307,"column":10},"end":{"line":307,"column":20}},"loc":{"start":{"line":307,"column":20},"end":{"line":313,"column":3}}},"2":{"name":"(anonymous_2)","decl":{"start":{"line":322,"column":2},"end":{"line":322,"column":7}},"loc":{"start":{"line":322,"column":74},"end":{"line":334,"column":3}}},"3":{"name":"(anonymous_3)","decl":{"start":{"line":339,"column":2},"end":{"line":339,"column":7}},"loc":{"start":{"line":339,"column":78},"end":{"line":351,"column":3}}},"4":{"name":"(anonymous_4)","decl":{"start":{"line":356,"column":2},"end":{"line":356,"column":7}},"loc":{"start":{"line":356,"column":76},"end":{"line":368,"column":3}}},"5":{"name":"(anonymous_5)","decl":{"start":{"line":373,"column":2},"end":{"line":373,"column":7}},"loc":{"start":{"line":373,"column":77},"end":{"line":384,"column":3}}},"6":{"name":"(anonymous_6)","decl":{"start":{"line":389,"column":2},"end":{"line":389,"column":7}},"loc":{"start":{"line":389,"column":81},"end":{"line":400,"column":3}}},"7":{"name":"(anonymous_7)","decl":{"start":{"line":405,"column":2},"end":{"line":405,"column":7}},"loc":{"start":{"line":405,"column":79},"end":{"line":416,"column":3}}},"8":{"name":"(anonymous_8)","decl":{"start":{"line":421,"column":2},"end":{"line":421,"column":7}},"loc":{"start":{"line":421,"column":74},"end":{"line":432,"column":3}}},"9":{"name":"(anonymous_9)","decl":{"start":{"line":437,"column":2},"end":{"line":437,"column":7}},"loc":{"start":{"line":437,"column":41},"end":{"line":447,"column":3}}},"10":{"name":"(anonymous_10)","decl":{"start":{"line":456,"column":2},"end":{"line":456,"column":7}},"loc":{"start":{"line":456,"column":71},"end":{"line":466,"column":3}}},"11":{"name":"(anonymous_11)","decl":{"start":{"line":471,"column":2},"end":{"line":471,"column":7}},"loc":{"start":{"line":471,"column":62},"end":{"line":481,"column":3}}},"12":{"name":"(anonymous_12)","decl":{"start":{"line":486,"column":2},"end":{"line":486,"column":7}},"loc":{"start":{"line":486,"column":59},"end":{"line":512,"column":3}}},"13":{"name":"(anonymous_13)","decl":{"start":{"line":495,"column":51},"end":{"line":495,"column":52}},"loc":{"start":{"line":495,"column":67},"end":{"line":495,"column":87}}},"14":{"name":"(anonymous_14)","decl":{"start":{"line":517,"column":2},"end":{"line":517,"column":7}},"loc":{"start":{"line":517,"column":47},"end":{"line":538,"column":3}}},"15":{"name":"(anonymous_15)","decl":{"start":{"line":525,"column":37},"end":{"line":525,"column":38}},"loc":{"start":{"line":525,"column":54},"end":{"line":533,"column":8}}},"16":{"name":"(anonymous_16)","decl":{"start":{"line":543,"column":2},"end":{"line":543,"column":7}},"loc":{"start":{"line":543,"column":99},"end":{"line":572,"column":3}}},"17":{"name":"(anonymous_17)","decl":{"start":{"line":581,"column":2},"end":{"line":581,"column":20}},"loc":{"start":{"line":581,"column":51},"end":{"line":631,"column":3}}},"18":{"name":"(anonymous_18)","decl":{"start":{"line":607,"column":47},"end":{"line":607,"column":48}},"loc":{"start":{"line":607,"column":72},"end":{"line":607,"column":88}}},"19":{"name":"(anonymous_19)","decl":{"start":{"line":610,"column":51},"end":{"line":610,"column":52}},"loc":{"start":{"line":611,"column":10},"end":{"line":611,"column":80}}},"20":{"name":"(anonymous_20)","decl":{"start":{"line":611,"column":42},"end":{"line":611,"column":43}},"loc":{"start":{"line":611,"column":67},"end":{"line":611,"column":79}}},"21":{"name":"(anonymous_21)","decl":{"start":{"line":624,"column":53},"end":{"line":624,"column":54}},"loc":{"start":{"line":624,"column":58},"end":{"line":624,"column":79}}},"22":{"name":"(anonymous_22)","decl":{"start":{"line":636,"column":2},"end":{"line":636,"column":22}},"loc":{"start":{"line":636,"column":44},"end":{"line":702,"column":3}}},"23":{"name":"(anonymous_23)","decl":{"start":{"line":708,"column":10},"end":{"line":708,"column":20}},"loc":{"start":{"line":708,"column":35},"end":{"line":715,"column":3}}},"24":{"name":"(anonymous_24)","decl":{"start":{"line":717,"column":10},"end":{"line":717,"column":22}},"loc":{"start":{"line":717,"column":36},"end":{"line":720,"column":3}}},"25":{"name":"(anonymous_25)","decl":{"start":{"line":722,"column":10},"end":{"line":722,"column":21}},"loc":{"start":{"line":722,"column":49},"end":{"line":746,"column":3}}},"26":{"name":"(anonymous_26)","decl":{"start":{"line":749,"column":48},"end":{"line":749,"column":49}},"loc":{"start":{"line":749,"column":102},"end":{"line":751,"column":1}}}},"branchMap":{"0":{"loc":{"start":{"line":304,"column":20},"end":{"line":304,"column":55}},"type":"binary-expr","locations":[{"start":{"line":304,"column":20},"end":{"line":304,"column":49}},{"start":{"line":304,"column":53},"end":{"line":304,"column":55}}]},"1":{"loc":{"start":{"line":329,"column":13},"end":{"line":329,"column":39}},"type":"binary-expr","locations":[{"start":{"line":329,"column":13},"end":{"line":329,"column":33}},{"start":{"line":329,"column":37},"end":{"line":329,"column":39}}]},"2":{"loc":{"start":{"line":346,"column":13},"end":{"line":346,"column":39}},"type":"binary-expr","locations":[{"start":{"line":346,"column":13},"end":{"line":346,"column":33}},{"start":{"line":346,"column":37},"end":{"line":346,"column":39}}]},"3":{"loc":{"start":{"line":363,"column":13},"end":{"line":363,"column":39}},"type":"binary-expr","locations":[{"start":{"line":363,"column":13},"end":{"line":363,"column":33}},{"start":{"line":363,"column":37},"end":{"line":363,"column":39}}]},"4":{"loc":{"start":{"line":497,"column":6},"end":{"line":499,"column":7}},"type":"if","locations":[{"start":{"line":497,"column":6},"end":{"line":499,"column":7}}]},"5":{"loc":{"start":{"line":525,"column":13},"end":{"line":533,"column":15}},"type":"binary-expr","locations":[{"start":{"line":525,"column":13},"end":{"line":533,"column":9}},{"start":{"line":533,"column":13},"end":{"line":533,"column":15}}]},"6":{"loc":{"start":{"line":582,"column":4},"end":{"line":630,"column":5}},"type":"switch","locations":[{"start":{"line":583,"column":6},"end":{"line":583,"column":18}},{"start":{"line":584,"column":6},"end":{"line":585,"column":41}},{"start":{"line":587,"column":6},"end":{"line":587,"column":20}},{"start":{"line":588,"column":6},"end":{"line":589,"column":58}},{"start":{"line":591,"column":6},"end":{"line":592,"column":54}},{"start":{"line":594,"column":6},"end":{"line":595,"column":42}},{"start":{"line":597,"column":6},"end":{"line":598,"column":67}},{"start":{"line":600,"column":6},"end":{"line":601,"column":69}},{"start":{"line":603,"column":6},"end":{"line":604,"column":61}},{"start":{"line":606,"column":6},"end":{"line":607,"column":90}},{"start":{"line":609,"column":6},"end":{"line":612,"column":10}},{"start":{"line":614,"column":6},"end":{"line":616,"column":69}},{"start":{"line":618,"column":6},"end":{"line":620,"column":75}},{"start":{"line":622,"column":6},"end":{"line":626,"column":41}},{"start":{"line":628,"column":6},"end":{"line":629,"column":20}}]},"7":{"loc":{"start":{"line":589,"column":15},"end":{"line":589,"column":57}},"type":"binary-expr","locations":[{"start":{"line":589,"column":15},"end":{"line":589,"column":40}},{"start":{"line":589,"column":44},"end":{"line":589,"column":57}}]},"8":{"loc":{"start":{"line":592,"column":15},"end":{"line":592,"column":53}},"type":"binary-expr","locations":[{"start":{"line":592,"column":15},"end":{"line":592,"column":40}},{"start":{"line":592,"column":44},"end":{"line":592,"column":53}}]},"9":{"loc":{"start":{"line":598,"column":15},"end":{"line":598,"column":66}},"type":"binary-expr","locations":[{"start":{"line":598,"column":15},"end":{"line":598,"column":40}},
[...]
art":{"line":89,"column":29},"end":{"line":112,"column":1}},"32":{"start":{"line":90,"column":2},"end":{"line":97,"column":3}},"33":{"start":{"line":92,"column":4},"end":{"line":96,"column":14}},"34":{"start":{"line":99,"column":2},"end":{"line":101,"column":3}},"35":{"start":{"line":100,"column":4},"end":{"line":100,"column":36}},"36":{"start":{"line":103,"column":2},"end":{"line":109,"column":3}},"37":{"start":{"line":104,"column":27},"end":{"line":104,"column":29}},"38":{"start":{"line":105,"column":4},"end":{"line":107,"column":5}},"39":{"start":{"line":106,"column":6},"end":{"line":106,"column":59}},"40":{"start":{"line":108,"column":4},"end":{"line":108,"column":21}},"41":{"start":{"line":111,"column":2},"end":{"line":111,"column":15}},"42":{"start":{"line":89,"column":13},"end":{"line":89,"column":29}},"43":{"start":{"line":117,"column":40},"end":{"line":154,"column":1}},"44":{"start":{"line":122,"column":2},"end":{"line":153,"column":3}},"45":{"start":{"line":123,"column":4},"end":{"line":125,"column":5}},"46":{"start":{"line":124,"column":6},"end":{"line":124,"column":95}},"47":{"start":{"line":128,"column":30},"end":{"line":131,"column":20}},"48":{"start":{"line":134,"column":30},"end":{"line":134,"column":63}},"49":{"start":{"line":137,"column":4},"end":{"line":139,"column":5}},"50":{"start":{"line":138,"column":6},"end":{"line":138,"column":67}},"51":{"start":{"line":142,"column":20},"end":{"line":144,"column":null}},"52":{"start":{"line":147,"column":4},"end":{"line":147,"column":23}},"53":{"start":{"line":149,"column":4},"end":{"line":152,"column":6}},"54":{"start":{"line":117,"column":13},"end":{"line":117,"column":40}},"55":{"start":{"line":159,"column":34},"end":{"line":233,"column":1}},"56":{"start":{"line":164,"column":27},"end":{"line":164,"column":29}},"57":{"start":{"line":167,"column":2},"end":{"line":195,"column":3}},"58":{"start":{"line":168,"column":4},"end":{"line":168,"column":61}},"59":{"start":{"line":171,"column":4},"end":{"line":173,"column":5}},"60":{"start":{"line":172,"column":6},"end":{"line":172,"column":63}},"61":{"start":{"line":176,"column":32},"end":{"line":179,"column":6}},"62":{"start":{"line":181,"column":22},"end":{"line":181,"column":61}},"63":{"start":{"line":182,"column":4},"end":{"line":184,"column":5}},"64":{"start":{"line":183,"column":6},"end":{"line":183,"column":64}},"65":{"start":{"line":187,"column":4},"end":{"line":189,"column":5}},"66":{"start":{"line":188,"column":6},"end":{"line":188,"column":60}},"67":{"start":{"line":192,"column":4},"end":{"line":194,"column":5}},"68":{"start":{"line":193,"column":6},"end":{"line":193,"column":50}},"69":{"start":{"line":198,"column":2},"end":{"line":216,"column":3}},"70":{"start":{"line":199,"column":29},"end":{"line":211,"column":6}},"71":{"start":{"line":213,"column":4},"end":{"line":215,"column":5}},"72":{"start":{"line":214,"column":6},"end":{"line":214,"column":56}},"73":{"start":{"line":219,"column":2},"end":{"line":227,"column":3}},"74":{"start":{"line":220,"column":20},"end":{"line":220,"column":37}},"75":{"start":{"line":221,"column":4},"end":{"line":223,"column":5}},"76":{"start":{"line":222,"column":6},"end":{"line":222,"column":64}},"77":{"start":{"line":224,"column":4},"end":{"line":226,"column":5}},"78":{"start":{"line":225,"column":6},"end":{"line":225,"column":39}},"79":{"start":{"line":229,"column":2},"end":{"line":232,"column":4}},"80":{"start":{"line":159,"column":13},"end":{"line":159,"column":34}},"81":{"start":{"line":238,"column":27},"end":{"line":270,"column":1}},"82":{"start":{"line":239,"column":2},"end":{"line":269,"column":3}},"83":{"start":{"line":240,"column":22},"end":{"line":240,"column":34}},"84":{"start":{"line":243,"column":4},"end":{"line":245,"column":5}},"85":{"start":{"line":244,"column":6},"end":{"line":244,"column":79}},"86":{"start":{"line":248,"column":21},"end":{"line":248,"column":53}},"87":{"start":{"line":249,"column":4},"end":{"line":264,"column":5}},"88":{"start":{"line":263,"column":6},"end":{"line":263,"column":85}},"89":{"start":{"line":266,"column":4},"end":{"line":266,"column":29}},"90":{"start":{"line":268,"column":4},"end":{"line":268,"column":59}},"91":{"start":{"line":238,"column":13},"end":{"line":238,"column":27}},"92":{"start":{"line":275,"column":35},"end":{"line":277,"column":1}},"93":{"start":{"line":276,"column":2},"end":{"line":276,"column":52}},"94":{"start":{"line":275,"column":13},"end":{"line":275,"column":35}},"95":{"start":{"line":282,"column":33},"end":{"line":285,"column":1}},"96":{"start":{"line":283,"column":21},"end":{"line":283,"column":67}},"97":{"start":{"line":284,"column":2},"end":{"line":284,"column":82}},"98":{"start":{"line":282,"column":13},"end":{"line":282,"column":33}},"99":{"start":{"line":290,"column":35},"end":{"line":315,"column":1}},"100":{"start":{"line":291,"column":27},"end":{"line":291,"column":29}},"101":{"start":{"line":294,"column":23},"end":{"line":294,"column":44}},"102":{"start":{"line":296,"column":2},"end":{"line":309,"column":3}},"103":{"start":{"line":297,"column":18},"end":{"line":297,"column":38}},"104":{"start":{"line":298,"column":4},"end":{"line":308,"column":5}},"105":{"start":{"line":299,"column":6},"end":{"line":299,"column":71}},"106":{"start":{"line":302,"column":6},"end":{"line":307,"column":7}},"107":{"start":{"line":303,"column":27},"end":{"line":303,"column":50}},"108":{"start":{"line":304,"column":8},"end":{"line":306,"column":9}},"109":{"start":{"line":305,"column":10},"end":{"line":305,"column":65}},"110":{"start":{"line":311,"column":2},"end":{"line":314,"column":4}},"111":{"start":{"line":290,"column":13},"end":{"line":290,"column":35}},"112":{"start":{"line":320,"column":34},"end":{"line":329,"column":1}},"113":{"start":{"line":321,"column":2},"end":{"line":328,"column":4}},"114":{"start":{"line":320,"column":13},"end":{"line":320,"column":34}},"115":{"start":{"line":334,"column":32},"end":{"line":349,"column":1}},"116":{"start":{"line":339,"column":20},"end":{"line":339,"column":44}},"117":{"start":{"line":340,"column":19},"end":{"line":345,"column":4}},"118":{"start":{"line":348,"column":2},"end":{"line":348,"column":86}},"119":{"start":{"line":334,"column":13},"end":{"line":334,"column":32}},"120":{"start":{"line":354,"column":37},"end":{"line":377,"column":1}},"121":{"start":{"line":358,"column":2},"end":{"line":376,"column":3}},"122":{"start":{"line":360,"column":28},"end":{"line":360,"column":49}},"123":{"start":{"line":363,"column":17},"end":{"line":363,"column":46}},"124":{"start":{"line":365,"column":4},"end":{"line":365,"column":35}},"125":{"start":{"line":367,"column":4},"end":{"line":370,"column":5}},"126":{"start":{"line":368,"column":21},"end":{"line":368,"column":85}},"127":{"start":{"line":368,"column":45},"end":{"line":368,"column":84}},"128":{"start":{"line":369,"column":6},"end":{"line":369,"column":40}},"129":{"start":{"line":372,"column":4},"end":{"line":375,"column":6}},"130":{"start":{"line":354,"column":13},"end":{"line":354,"column":37}}},"fnMap":{"0":{"name":"(anonymous_1)","decl":{"start":{"line":22,"column":0},"end":{"line":22,"column":6}},"loc":{"start":{"line":22,"column":0},"end":{"line":54,"column":1}}},"1":{"name":"(anonymous_2)","decl":{"start":{"line":25,"column":2},"end":{"line":25,"column":11}},"loc":{"start":{"line":25,"column":48},"end":{"line":45,"column":3}}},"2":{"name":"(anonymous_3)","decl":{"start":{"line":33,"column":46},"end":{"line":33,"column":50}},"loc":{"start":{"line":33,"column":54},"end":{"line":33,"column":72}}},"3":{"name":"(anonymous_4)","decl":{"start":{"line":47,"column":2},"end":{"line":47,"column":7}},"loc":{"start":{"line":47,"column":20},"end":{"line":53,"column":3}}},"4":{"name":"(anonymous_5)","decl":{"start":{"line":61,"column":32},"end":{"line":61,"column":33}},"loc":{"start":{"line":61,"column":88},"end":{"line":84,"column":1}}},"5":{"name":"(anonymous_6)","decl":{"start":{"line":89,"column":29},"end":{"line":89,"column":30}},"loc":{"start":{"line":89,"column":49},"end":{"line":112,"column":1}}},"6":{"name":"(anonymous_7)","decl":{"start":{"line":117,"column":40},"end":{"line":117,"column":null}},"loc":{"start":{"line":121,"column":42},"end":{"line":154,"column":1}}},"7":{"name":"(anonymous_8)","decl":{"start":{"line":159,"column":34},"end":{"line":159,"column":null}},"loc":{"start":{"line":163,"column":44},"end":{"line":233,"column":1}}},"8":{"name":"(anonymous_9)","decl":{"start":{"line":238,"column":27},"end":{"line":238,"column":28}},"loc":{"start":{"line":238,"column":81},"end":{"line":270,"column":1}}},"9":{"name":"(anonymous_10)","decl":{"start":{"line":275,"column":35},"end":{"line":275,"column":36}},"loc":{"start":{"line":275,"column":67},"end":{"line":277,"column":1}}},"10":{"name":"(anonymous_11)","decl":{"start":{"line":282,"column":33},"end":{"line":282,"column":34}},"loc":{"start":{"line":282,"column":73},"end":{"line":285,"column":1}}},"11":{"name":"(anonymous_12)","decl":{"start":{"line":290,"column":35},"end":{"line":290,"column":78}},"loc":{"start":{"line":290,"column":80},"end":{"line":315,"column":1}}},"12":{"name":"(anonymous_13)","decl":{"start":{"line":320,"column":34},"end":{"line":320,"column":61}},"loc":{"start":{"line":320,"column":63},"end":{"line":329,"column":1}}},"13":{"name":"(anonymous_14)","decl":{"start":{"line":334,"column":32},"end":{"line":334,"column":null}},"loc":{"start":{"line":338,"column":10},"end":{"line":349,"column":1}}},"14":{"name":"(anonymous_15)","decl":{"start":{"line":354,"column":37},"end":{"line":354,"column":null}},"loc":{"start":{"line":357,"column":57},"end":{"line":377,"column":1}}},"15":{"name":"(anonymous_16)","decl":{"start":{"line":368,"column":38},"end":{"line":368,"column":41}},"loc":{"start":{"line":368,"column":45},"end":{"line":368,"column":84}}}},"branchMap":{"0":{"loc":{"start":{"line":30,"column":24},"end":{"line":30,"column":52}},"type":"binary-expr","locations":[{"start":{"line":30,"column":24},"end":{"line":30,"column":46}},{"start":{"line":30,"column":50},"end":{"line":30,"column":52}}]},"1":{"loc":{"start":{"line":36,"column":4},"end":{"line":38,"column":5}},"type":"if","locations":[{"start":{"line":36,"column":4},"end":{"line":38,"column":5}}]},"2":{"loc":{"start":{"line":48,"column":4},"end":{"line":52,"column":5}},"type":"if","locations":[{"start":{"line":48,"column":4},"end":{"line":52,"column":5}},{"start":{"line":50,"column":11},"end":{"line":52,"column":5}}]},"3":{"loc":{"start":{"line":62,"column":2},"end":{"line":64,"column":3}},"type":"if","locations":[{"start":{"line":62,"column":2},"end":{"line":64,"column":3}}]},"4":{"loc":{"start":{"line":66,"column":2},"end":{"line":68,"column":3}},"type":"if","locations":[{"start":{"line":66,"column":2},"end":{"line":68,"column":3}}]},"5":{"loc":{"start":{"line":70,"column":2},"end":{"line":72,"column":3}},"type":"if","locations":[{"start":{"line":70,"column":2},"end":{"line":72,"column":3}}]},"6":{"loc":{"start":{"line":74,"column":2},"end":{"line":76,"column":3}},"type":"if","locations":[{"start":{"line":74,"column":2},"end":{"line":76,"column":3}}]},"7":{"loc":{"start":{"line":79,"column":2},"end":{"line":81,"column":3}},"type":"if","locations":[{"start":{"line":79,"column":2},"end":{"line":81,"column":3}}]},"8":{"loc":{"start":{"line":79,"column":6},"end":{"line":79,"column":73}},"type":"binary-expr","locations":[{"start":{"line":79,"column":6},"end":{"line":79,"column":25}},{"start":{"line":79,"column":29},"end":{"line":79,"column":49}},{"start":{"line":79,"column":53},"end":{"line":79,"column":73}}]},"9":{"loc":{"start":{"line":90,"column":2},"end":{"line":97,"column":3}},"type":"if","locations":[{"start":{"line":90,"column":2},"end":{"line":97,"column":3}}]},"10":{"loc":{"start":{"line":99,"column":2},"end":{"line":101,"column":3}},"type":"if","locations":[{"start":{"line":99,"column":2},"end":{"line":101,"column":3}}]},"11":{"loc":{"start":{"line":103,"column":2},"end":{"line":109,"column":3}},"type":"if","locations":[{"start":{"line":103,"column":2},"end":{"line":109,"column":3}}]},"12":{"loc":{"start":{"line":103,"column":6},"end":{"line":103,"column":40}},"type":"binary-expr","locations":[{"start":{"line":103,"column":6},"end":{"line":103,"column":11}},{"start":{"line":103,"column":15},"end":{"line":103,"column":40}}]},"13":{"loc":{"start":{"line":123,"column":4},"end":{"line":125,"column":5}},"type":"if","locations":[{"start":{"line":123,"column":4},"end":{"line":125,"column":5}}]},"14":{"loc":{"start":{"line":123,"column":8},"end":{"line":123,"column":41}},"type":"binary-expr","locations":[{"start":{"line":123,"column":8},"end":{"line":123,"column":16}},{"start":{"line":123,"column":20},"end":{"line":123,"column":30}},{"start":{"line":123,"column":34},"end":{"line":123,"column":41}}]},"15":{"loc":{"start":{"line":137,"column":4},"end":{"line":139,"column":5}},"type":"if","locations":[{"start":{"line":137,"column":4},"end":{"line":139,"column":5}}]},"16":{"loc":{"start":{"line":151,"column":44},"end":{"line":151,"column":100}},"type":"cond-expr","locations":[{"start":{"line":151,"column":69},"end":{"line":151,"column":82}},{"start":{"line":151,"column":85},"end":{"line":151,"column":100}}]},"17":{"loc":{"start":{"line":167,"column":2},"end":{"line":195,"column":3}},"type":"if","locations":[{"start":{"line":167,"column":2},"end":{"line":195,"column":3}},{"start":{"line":169,"column":9},"end":{"line":195,"column":3}}]},"18":{"loc":{"start":{"line":167,"column":6},"end":{"line":167,"column":47}},"type":"binary-expr","locations":[{"start":{"line":167,"column":6},"end":{"line":167,"column":15}},{"start":{"line":167,"column":19},"end":{"line":167,"column":47}}]},"19":{"loc":{"start":{"line":171,"column":4},"end":{"line":173,"column":5}},"type":"if","locations":[{"start":{"line":171,"column":4},"end":{"line":173,"column":5}}]},"20":{"loc":{"start":{"line":171,"column":8},"end":{"line":171,"column":84}},"type":"binary-expr","locations":[{"start":{"line":171,"column":8},"end":{"line":171,"column":31}},{"start":{"line":171,"column":35},"end":{"line":171,"column":57}},{"start":{"line":171,"column":61},"end":{"line":171,"column":84}}]},"21":{"loc":{"start":{"line":182,"column":4},"end":{"line":184,"column":5}},"type":"if","locations":[{"start":{"line":182,"column":4},"end":{"line":184,"column":5}}]},"22":{"loc":{"start":{"line":182,"column":8},"end":{"line":182,"column":66}},"type":"binary-expr","locations":[{"start":{"line":182,"column":8},"end":{"line":182,"column":17}},{"start":{"line":182,"column":21},"end":{"line":182,"column":66}}]},"23":{"loc":{"start":{"line":187,"column":4},"end":{"line":189,"column":5}},"type":"if","locations":[{"start":{"line":187,"column":4},"end":{"line":189,"column":5}}]},"24":{"loc":{"start":{"line":192,"column":4},"end":{"line":194,"column":5}},"type":"if","locations":[{"start":{"line":192,"column":4},"end":{"line":194,"column":5}}]},"25":{"loc":{"start":{"line":198,"column":2},"end":{"line":216,"column":3}},"type":"if","locations":[{"start":{"line":198,"column":2},"end":{"line":216,"column":3}}]},"26":{"loc":{"start":{"line":213,"column":4},"end":{"line":215,"column":5}},"type":"if","locations":[{"start":{"line":213,"column":4},"end":{"line":215,"column":5}}]},"27":{"loc":{"start":{"line":219,"column":2},"end":{"line":227,"column":3}},"type":"if","locations":[{"start":{"line":219,"column":2},"end":{"line":227,"column":3}}]},"28":{"loc":{"start":{"line":221,"column":4},"end":{"line":223,"column":5}},"type":"if","locations":[{"start":{"line":221,"column":4},"end":{"line":223,"column":5}}]},"29":{"loc":{"start":{"line":224,"column":4},"end":{"line":226,"column":5}},"type":"if","locations":[{"start":{"line":224,"column":4},"end":{"line":226,"column":5}}]},"30":{"loc":{"start":{"line":243,"column":4},"end":{"line":245,"column":5}},"type":"if","locations":[{"start":{"line":243,"column":4},"end":{"line":245,"column":5}}]},"31":{"loc":{"start":{"line":249,"column":4},"end":{"line":264,"column":5}},"type":"if","locations":[{"start":{"line":249,"column":4},"end":{"line":264,"column":5}}]},"32":{"loc":{"start":{"line":250,"column":6},"end":{"line":261,"column":36}},"type":"binary-expr","locations":[{"start":{"line":250,"column":6},"end":{"line":250,"column":30}},{"start":{"line":251,"column":6},"end":{"line":251,"column":30}},{"start":{"line":252,"column":6},"end":{"line":252,"column":24}},{"start":{"line":253,"column":6},"end":{"line":253,"column":37}},{"start":{"line":254,"column":6},"end":{"line":254,"column":32}},{"start":{"line":255,"column":6},"end":{"line":255,"column":36}},{"start":{"line":256,"column":6},"end":{"line":256,"column":36}},{"start":{"line":257,"column":6},"end":{"line":257,"column":36}},{"start":{"line":258,"column":6},"end":{"line":258,"column":36}},{"start":{"line":259,"column":6},"end":{"line":259,"column":34}},{"start":{"line":260,"column":6},"end":{"line":260,"column":36}},{"start":{"line":261,"column":6},"end":{"line":261,"column":36}}]},"33":{"loc":{"start":{"line":275,"column":36},"end":{"line":275,"column":55}},"type":"default-arg","locations":[{"start":{"line":275,"column":53},"end":{"line":275,"column":55}}]},"34":{"loc":{"start":{"line":283,"column":21},"end":{"line":283,"column":67}},"type":"binary-expr","locations":[{"start":{"line":283,"column":21},"end":{"line":283,"column":25}},{"start":{"line":283,"column":29},"end":{"line":283,"column":67}}]},"35":{"loc":{"start":{"line":298,"column":4},"end":{"line":308,"column":5}},"type":"if","locations":[{"start":{"line":298,"column":4},"end":{"line":308,"column":5}},{"start":{"line":300,"column":11},"end":{"line":308,"column":5}}]},"36":{"loc":{"start":{"line":302,"column":6},"end":{"line":307,"column":7}},"type":"if","locations":[{"start":{"line":302,"column":6},"end":{"line":307,"column":7}}]},"37":{"loc":{"start":{"line":304,"column":8},"end":{"line":306,"column":9}},"type":"if","locations":[{"start":{"line":304,"column":8},"end":{"line":306,"column":9}}]},"38":{"loc":{"start":{"line":337,"column":2},"end":{"line":337,"column":43}},"type":"default-arg","locations":[{"start":{"line":337,"column":37},"end":{"line":337,"column":43}}]},"39":{"loc":{"start":{"line":367,"column":4},"end":{"line":370,"column":5}},"type":"if","locations":[{"start":{"line":367,"column":4},"end":{"line":370,"column":5}}]},"40":{"loc":{"start":{"line":374,"column":36},"end":{"line":374,"column":92}},"type":"cond-expr","locations":[{"start":{"line":374,"column":61},"end":{"line":374,"column":74}},{"start":{"line":374,"column":77},"end":{"line":374,"column":92}}]}},"s":{"0":1,"1":1,"2":1,"3":1,"4":15,"5":15,"6":15,"7":15,"8":17,"9":15,"10":4,"11":11,"12":11,"13":11,"14":34,"15":0,"16":34,"17":1,"18":1,"19":7,"20":1,"21":6,"22":1,"23":5,"24":2,"25":3,"26":0,"27":3,"28":1,"29":2,"30":1,"31":1,"32":12,"33":7,"34":5,"35":1,"36":4,"37":1,"38":1,"39":2,"40":1,"41":3,"42":1,"43":1,"44":4,"45":4,"46":1,"47":3,"48":3,"49":3,"50":1,"51":2,"52":2,"53":0,"54":1,"55":1,"56":5,"57":5,"58":0,"59":5,"60":1,"61":5,"62":5,"63":5,"64":2,"65":5,"66":0,"67":5,"68":0,"69":5,"70":3,"71":3,"72":1,"73":5,"74":2,"75":2,"76":1,"77":2,"78":0,"79":5,"80":1,"81":1,"82":6,"83":6,"84":5,"85":1,"86":4,"87":4,"88":2,"89":2,"90":1,"91":1,"92":1,"93":4,"94":1,"95":1,"96":0,"97":0,"98":1,"99":1,"100":3,"101":3,"102":3,"103":3,"104":3,"105":1,"106":2,"107":2,"108":2,"109":1,"110":3,"111":1,"112":1,"113":0,"114":1,"115":1,"116":0,"117":0,"118":0,"119":1,"120":1,"121":0,"122":0,"123":0,"124":0,"125":0,"126":0,"127":0,"128":0,"129":0,"130":1},"f":{"0":1,"1":15,"2":17,"3":34,"4":7,"5":12,"6":4,"7":5,"8":6,"9":4,"10":0,"11":3,"12":0,"13":0,"14":0,"15":0},"b":{"0":[15,5],"1":[4],"2":[0,34],"3":[1],"4":[1],"5":[2],"6":[0],"7":[1],"8":[3,2,2],"9":[7],"10":[1],"11":[1],"12":[4,2],"13":[1],"14":[4,3,3],"15":[1],"16":[0,0],"17":[0,5],"18":[5,5],"19":[1],"20":[5,4,4],"21":[2],"22":[5,5],"23":[0],"24":[0],"25":[3],"26":[1],"27":[2],"28":[1],"29":[0],"30":[1],"31":[2],"32":[4,3,3,3,2,2,2,2,2,2,2,2],"33":[3],"34":[0,0],"35":[1,2],"36":[2],"37":[1],"38":[0],"39":[0],"40":[0,0]}}
}
