TN:
SF:src/index-enhanced.ts
FN:30,(anonymous_0)
FN:37,(anonymous_1)
FN:47,(anonymous_2)
FN:63,(anonymous_3)
FN:74,(anonymous_4)
FNF:5
FNH:0
FNDA:0,(anonymous_0)
FNDA:0,(anonymous_1)
FNDA:0,(anonymous_2)
FNDA:0,(anonymous_3)
FNDA:0,(anonymous_4)
DA:31,0
DA:37,0
DA:38,0
DA:39,0
DA:43,0
DA:44,0
DA:49,0
DA:50,0
DA:51,0
DA:52,0
DA:53,0
DA:54,0
DA:55,0
DA:56,0
DA:57,0
DA:58,0
DA:59,0
DA:60,0
DA:65,0
DA:66,0
DA:67,0
DA:68,0
DA:69,0
DA:70,0
DA:71,0
DA:75,0
DA:76,0
DA:77,0
DA:82,0
DA:83,0
LF:30
LH:0
BRF:0
BRH:0
end_of_record
TN:
SF:src/clickup-client/attachments-enhanced.ts
FN:15,(anonymous_0)
FN:22,(anonymous_1)
FN:45,(anonymous_2)
FN:67,(anonymous_3)
FN:75,(anonymous_4)
FN:92,(anonymous_5)
FN:100,(anonymous_6)
FN:121,(anonymous_7)
FN:158,(anonymous_8)
FN:175,(anonymous_9)
FN:198,(anonymous_10)
FN:206,(anonymous_11)
FN:242,(anonymous_12)
FN:269,(anonymous_13)
FN:285,(anonymous_14)
FN:301,(anonymous_15)
FN:337,(anonymous_16)
FNF:17
FNH:0
FNDA:0,(anonymous_0)
FNDA:0,(anonymous_1)
FNDA:0,(anonymous_2)
FNDA:0,(anonymous_3)
FNDA:0,(anonymous_4)
FNDA:0,(anonymous_5)
FNDA:0,(anonymous_6)
FNDA:0,(anonymous_7)
FNDA:0,(anonymous_8)
FNDA:0,(anonymous_9)
FNDA:0,(anonymous_10)
FNDA:0,(anonymous_11)
FNDA:0,(anonymous_12)
FNDA:0,(anonymous_13)
FNDA:0,(anonymous_14)
FNDA:0,(anonymous_15)
FNDA:0,(anonymous_16)
DA:16,0
DA:23,0
DA:25,0
DA:32,0
DA:33,0
DA:34,0
DA:35,0
DA:38,0
DA:39,0
DA:46,0
DA:48,0
DA:49,0
DA:50,0
DA:51,0
DA:52,0
DA:53,0
DA:54,0
DA:55,0
DA:57,0
DA:58,0
DA:60,0
DA:61,0
DA:68,0
DA:69,0
DA:76,0
DA:78,0
DA:79,0
DA:80,0
DA:82,0
DA:86,0
DA:93,0
DA:94,0
DA:107,0
DA:115,0
DA:136,0
DA:152,0
DA:159,0
DA:165,0
DA:169,0
DA:183,0
DA:192,0
DA:199,0
DA:200,0
DA:219,0
DA:220,0
DA:221,0
DA:222,0
DA:223,0
DA:224,0
DA:225,0
DA:226,0
DA:227,0
DA:228,0
DA:229,0
DA:230,0
DA:232,0
DA:233,0
DA:235,0
DA:236,0
DA:250,0
DA:251,0
DA:252,0
DA:253,0
DA:255,0
DA:256,0
DA:258,0
DA:263,0
DA:270,0
DA:275,0
DA:279,0
DA:286,0
DA:291,0
DA:295,0
DA:316,0
DA:332,0
DA:338,0
DA:340,0
DA:342,0
DA:344,0
DA:346,0
DA:348,0
LF:81
LH:0
BRDA:32,0,0,0
BRDA:32,0,1,0
BRDA:34,1,0,0
BRDA:49,2,0,0
BRDA:50,3,0,0
BRDA:51,4,0,0
BRDA:52,5,0,0
BRDA:53,6,0,0
BRDA:54,7,0,0
BRDA:55,8,0,0
BRDA:58,9,0,0
BRDA:58,9,1,0
BRDA:78,10,0,0
BRDA:79,11,0,0
BRDA:80,12,0,0
BRDA:161,13,0,0
BRDA:161,13,1,0
BRDA:220,14,0,0
BRDA:221,15,0,0
BRDA:222,16,0,0
BRDA:223,17,0,0
BRDA:224,18,0,0
BRDA:225,19,0,0
BRDA:226,20,0,0
BRDA:227,21,0,0
BRDA:228,22,0,0
BRDA:229,23,0,0
BRDA:230,24,0,0
BRDA:233,25,0,0
BRDA:233,25,1,0
BRDA:251,26,0,0
BRDA:252,27,0,0
BRDA:253,28,0,0
BRDA:256,29,0,0
BRDA:256,29,1,0
BRDA:338,30,0,0
BRDA:338,30,1,0
BRDA:338,30,2,0
BRDA:338,30,3,0
BRDA:338,30,4,0
BRF:40
BRH:0
end_of_record
TN:
SF:src/clickup-client/auth.ts
FN:32,(anonymous_0)
FN:40,(anonymous_1)
FN:53,(anonymous_2)
FN:67,(anonymous_3)
FN:125,(anonymous_4)
FN:190,(anonymous_5)
FN:242,(anonymous_6)
FN:288,(anonymous_7)
FN:307,(anonymous_8)
FNF:9
FNH:0
FNDA:0,(anonymous_0)
FNDA:0,(anonymous_1)
FNDA:0,(anonymous_2)
FNDA:0,(anonymous_3)
FNDA:0,(anonymous_4)
FNDA:0,(anonymous_5)
FNDA:0,(anonymous_6)
FNDA:0,(anonymous_7)
FNDA:0,(anonymous_8)
DA:33,0
DA:41,0
DA:42,0
DA:44,0
DA:45,0
DA:54,0
DA:55,0
DA:57,0
DA:58,0
DA:112,0
DA:113,0
DA:115,0
DA:116,0
DA:177,0
DA:178,0
DA:180,0
DA:181,0
DA:229,0
DA:230,0
DA:232,0
DA:233,0
DA:275,0
DA:276,0
DA:278,0
DA:279,0
DA:298,0
DA:299,0
DA:301,0
DA:302,0
DA:307,0
DA:308,0
LF:31
LH:0
BRF:0
BRH:0
end_of_record
TN:
SF:src/clickup-client/checklists.ts
FN:49,(anonymous_0)
FN:59,(anonymous_1)
FN:69,(anonymous_2)
FN:78,(anonymous_3)
FN:88,(anonymous_4)
FN:99,(anonymous_5)
FN:109,(anonymous_6)
FN:114,(anonymous_7)
FNF:8
FNH:0
FNDA:0,(anonymous_0)
FNDA:0,(anonymous_1)
FNDA:0,(anonymous_2)
FNDA:0,(anonymous_3)
FNDA:0,(anonymous_4)
FNDA:0,(anonymous_5)
FNDA:0,(anonymous_6)
FNDA:0,(anonymous_7)
DA:50,0
DA:60,0
DA:70,0
DA:79,0
DA:89,0
DA:100,0
DA:110,0
DA:114,0
DA:115,0
LF:9
LH:0
BRF:0
BRH:0
end_of_record
TN:
SF:src/clickup-client/comments-enhanced.ts
FN:101,processCommentResponse
FN:125,prepareCommentParams
FN:144,(anonymous_2)
FN:154,(anonymous_3)
FN:159,(anonymous_4)
FN:174,(anonymous_5)
FN:197,(anonymous_6)
FN:229,(anonymous_7)
FN:234,(anonymous_8)
FN:246,(anonymous_9)
FN:265,(anonymous_10)
FN:270,(anonymous_11)
FN:282,(anonymous_12)
FN:302,(anonymous_13)
FN:321,(anonymous_14)
FN:331,(anonymous_15)
FN:336,(anonymous_16)
FN:348,(anonymous_17)
FN:362,(anonymous_18)
FNF:19
FNH:0
FNDA:0,processCommentResponse
FNDA:0,prepareCommentParams
FNDA:0,(anonymous_2)
FNDA:0,(anonymous_3)
FNDA:0,(anonymous_4)
FNDA:0,(anonymous_5)
FNDA:0,(anonymous_6)
FNDA:0,(anonymous_7)
FNDA:0,(anonymous_8)
FNDA:0,(anonymous_9)
FNDA:0,(anonymous_10)
FNDA:0,(anonymous_11)
FNDA:0,(anonymous_12)
FNDA:0,(anonymous_13)
FNDA:0,(anonymous_14)
FNDA:0,(anonymous_15)
FNDA:0,(anonymous_16)
FNDA:0,(anonymous_17)
FNDA:0,(anonymous_18)
DA:105,0
DA:108,0
DA:109,0
DA:110,0
DA:112,0
DA:114,0
DA:118,0
DA:126,0
DA:128,0
DA:130,0
DA:138,0
DA:145,0
DA:155,0
DA:158,0
DA:159,0
DA:162,0
DA:176,0
DA:181,0
DA:182,0
DA:183,0
DA:184,0
DA:187,0
DA:189,0
DA:190,0
DA:191,0
DA:194,0
DA:199,0
DA:201,0
DA:208,0
DA:209,0
DA:210,0
DA:211,0
DA:213,0
DA:216,0
DA:217,0
DA:218,0
DA:220,0
DA:230,0
DA:233,0
DA:234,0
DA:237,0
DA:248,0
DA:250,0
DA:255,0
DA:256,0
DA:266,0
DA:269,0
DA:270,0
DA:273,0
DA:284,0
DA:286,0
DA:292,0
DA:293,0
DA:304,0
DA:306,0
DA:312,0
DA:313,0
DA:322,0
DA:332,0
DA:335,0
DA:336,0
DA:339,0
DA:350,0
DA:352,0
DA:357,0
DA:358,0
DA:362,0
DA:363,0
LF:68
LH:0
BRDA:108,0,0,0
BRDA:108,1,0,0
BRDA:108,1,1,0
BRDA:114,2,0,0
BRDA:114,2,1,0
BRDA:126,3,0,0
BRDA:131,4,0,0
BRDA:131,4,1,0
BRDA:158,5,0,0
BRDA:158,6,0,0
BRDA:158,6,1,0
BRDA:202,7,0,0
BRDA:202,7,1,0
BRDA:233,8,0,0
BRDA:233,9,0,0
BRDA:233,9,1,0
BRDA:251,10,0,0
BRDA:251,10,1,0
BRDA:269,11,0,0
BRDA:269,12,0,0
BRDA:269,12,1,0
BRDA:287,13,0,0
BRDA:287,13,1,0
BRDA:335,14,0,0
BRDA:335,15,0,0
BRDA:335,15,1,0
BRDA:353,16,0,0
BRDA:353,16,1,0
BRF:28
BRH:0
end_of_record
TN:
SF:src/clickup-client/comments.ts
FN:100,(anonymous_0)
FN:110,(anonymous_1)
FN:115,(anonymous_2)
FN:138,(anonymous_3)
FN:182,(anonymous_4)
FN:215,(anonymous_5)
FN:220,(anonymous_6)
FN:245,(anonymous_7)
FN:284,(anonymous_8)
FN:289,(anonymous_9)
FN:314,(anonymous_10)
FN:353,(anonymous_11)
FN:391,(anonymous_12)
FN:401,(anonymous_13)
FN:406,(anonymous_14)
FN:431,(anonymous_15)
FN:464,(anonymous_16)
FNF:17
FNH:0
FNDA:0,(anonymous_0)
FNDA:0,(anonymous_1)
FNDA:0,(anonymous_2)
FNDA:0,(anonymous_3)
FNDA:0,(anonymous_4)
FNDA:0,(anonymous_5)
FNDA:0,(anonymous_6)
FNDA:0,(anonymous_7)
FNDA:0,(anonymous_8)
FNDA:0,(anonymous_9)
FNDA:0,(anonymous_10)
FNDA:0,(anonymous_11)
FNDA:0,(anonymous_12)
FNDA:0,(anonymous_13)
FNDA:0,(anonymous_14)
FNDA:0,(anonymous_15)
FNDA:0,(anonymous_16)
DA:101,0
DA:111,0
DA:114,0
DA:115,0
DA:116,0
DA:119,0
DA:120,0
DA:121,0
DA:123,0
DA:127,0
DA:131,0
DA:139,0
DA:140,0
DA:143,0
DA:147,0
DA:152,0
DA:154,0
DA:157,0
DA:158,0
DA:162,0
DA:163,0
DA:164,0
DA:166,0
DA:173,0
DA:184,0
DA:186,0
DA:187,0
DA:190,0
DA:191,0
DA:194,0
DA:195,0
DA:198,0
DA:201,0
DA:204,0
DA:206,0
DA:216,0
DA:219,0
DA:220,0
DA:221,0
DA:224,0
DA:225,0
DA:226,0
DA:228,0
DA:232,0
DA:236,0
DA:247,0
DA:249,0
DA:250,0
DA:253,0
DA:254,0
DA:257,0
DA:258,0
DA:261,0
DA:264,0
DA:267,0
DA:268,0
DA:269,0
DA:271,0
DA:275,0
DA:285,0
DA:288,0
DA:289,0
DA:290,0
DA:293,0
DA:294,0
DA:295,0
DA:297,0
DA:301,0
DA:305,0
DA:316,0
DA:318,0
DA:319,0
DA:322,0
DA:323,0
DA:326,0
DA:327,0
DA:330,0
DA:333,0
DA:336,0
DA:337,0
DA:338,0
DA:340,0
DA:344,0
DA:355,0
DA:357,0
DA:358,0
DA:361,0
DA:362,0
DA:365,0
DA:366,0
DA:369,0
DA:372,0
DA:375,0
DA:376,0
DA:377,0
DA:379,0
DA:383,0
DA:392,0
DA:402,0
DA:405,0
DA:406,0
DA:407,0
DA:410,0
DA:411,0
DA:412,0
DA:414,0
DA:418,0
DA:422,0
DA:433,0
DA:434,0
DA:435,0
DA:438,0
DA:439,0
DA:442,0
DA:443,0
DA:446,0
DA:449,0
DA:452,0
DA:453,0
DA:454,0
DA:456,0
DA:460,0
DA:464,0
DA:465,0
LF:124
LH:0
BRDA:114,0,0,0
BRDA:114,1,0,0
BRDA:114,1,1,0
BRDA:119,2,0,0
BRDA:119,3,0,0
BRDA:119,3,1,0
BRDA:139,4,0,0
BRDA:139,5,0,0
BRDA:139,5,1,0
BRDA:139,5,2,0
BRDA:143,6,0,0
BRDA:143,7,0,0
BRDA:143,7,1,0
BRDA:143,7,2,0
BRDA:143,7,3,0
BRDA:147,8,0,0
BRDA:147,8,1,0
BRDA:147,8,2,0
BRDA:147,8,3,0
BRDA:152,9,0,0
BRDA:152,10,0,0
BRDA:152,10,1,0
BRDA:157,11,0,0
BRDA:157,12,0,0
BRDA:157,12,1,0
BRDA:162,13,0,0
BRDA:162,14,0,0
BRDA:162,14,1,0
BRDA:186,15,0,0
BRDA:219,16,0,0
BRDA:219,17,0,0
BRDA:219,17,1,0
BRDA:224,18,0,0
BRDA:224,19,0,0
BRDA:224,19,1,0
BRDA:249,20,0,0
BRDA:267,21,0,0
BRDA:267,22,0,0
BRDA:267,22,1,0
BRDA:288,23,0,0
BRDA:288,24,0,0
BRDA:288,24,1,0
BRDA:293,25,0,0
BRDA:293,26,0,0
BRDA:293,26,1,0
BRDA:318,27,0,0
BRDA:336,28,0,0
BRDA:336,29,0,0
BRDA:336,29,1,0
BRDA:357,30,0,0
BRDA:375,31,0,0
BRDA:375,32,0,0
BRDA:375,32,1,0
BRDA:405,33,0,0
BRDA:405,34,0,0
BRDA:405,34,1,0
BRDA:410,35,0,0
BRDA:410,36,0,0
BRDA:410,36,1,0
BRDA:434,37,0,0
BRDA:452,38,0,0
BRDA:452,39,0,0
BRDA:452,39,1,0
BRF:63
BRH:0
end_of_record
TN:
SF:src/clickup-client/custom-fields-enhanced.ts
FN:302,(anonymous_0)
FN:307,(anonymous_1)
FN:322,(anonymous_2)
FN:339,(anonymous_3)
FN:356,(anonymous_4)
FN:373,(anonymous_5)
FN:389,(anonymous_6)
FN:405,(anonymous_7)
FN:421,(anonymous_8)
FN:437,(anonymous_9)
FN:456,(anonymous_10)
FN:471,(anonymous_11)
FN:486,(anonymous_12)
FN:495,(anonymous_13)
FN:517,(anonymous_14)
FN:525,(anonymous_15)
FN:543,(anonymous_16)
FN:581,(anonymous_17)
FN:607,(anonymous_18)
FN:610,(anonymous_19)
FN:611,(anonymous_20)
FN:624,(anonymous_21)
FN:636,(anonymous_22)
FN:708,(anonymous_23)
FN:717,(anonymous_24)
FN:722,(anonymous_25)
FN:749,(anonymous_26)
FNF:27
FNH:0
FNDA:0,(anonymous_0)
FNDA:0,(anonymous_1)
FNDA:0,(anonymous_2)
FNDA:0,(anonymous_3)
FNDA:0,(anonymous_4)
FNDA:0,(anonymous_5)
FNDA:0,(anonymous_6)
FNDA:0,(anonymous_7)
FNDA:0,(anonymous_8)
FNDA:0,(anonymous_9)
FNDA:0,(anonymous_10)
FNDA:0,(anonymous_11)
FNDA:0,(anonymous_12)
FNDA:0,(anonymous_13)
FNDA:0,(anonymous_14)
FNDA:0,(anonymous_15)
FNDA:0,(anonymous_16)
FNDA:0,(anonymous_17)
FNDA:0,(anonymous_18)
FNDA:0,(anonymous_19)
FNDA:0,(anonymous_20)
FNDA:0,(anonymous_21)
FNDA:0,(anonymous_22)
FNDA:0,(anonymous_23)
FNDA:0,(anonymous_24)
FNDA:0,(anonymous_25)
FNDA:0,(anonymous_26)
DA:303,0
DA:304,0
DA:308,0
DA:323,0
DA:324,0
DA:325,0
DA:329,0
DA:331,0
DA:332,0
DA:340,0
DA:341,0
DA:342,0
DA:346,0
DA:348,0
DA:349,0
DA:357,0
DA:358,0
DA:359,0
DA:363,0
DA:365,0
DA:366,0
DA:374,0
DA:375,0
DA:376,0
DA:379,0
DA:381,0
DA:382,0
DA:390,0
DA:391,0
DA:392,0
DA:395,0
DA:397,0
DA:398,0
DA:406,0
DA:407,0
DA:408,0
DA:411,0
DA:413,0
DA:414,0
DA:422,0
DA:423,0
DA:424,0
DA:427,0
DA:429,0
DA:430,0
DA:438,0
DA:439,0
DA:440,0
DA:444,0
DA:445,0
DA:457,0
DA:458,0
DA:459,0
DA:463,0
DA:464,0
DA:472,0
DA:473,0
DA:474,0
DA:478,0
DA:479,0
DA:487,0
DA:489,0
DA:490,0
DA:494,0
DA:495,0
DA:497,0
DA:498,0
DA:501,0
DA:509,0
DA:510,0
DA:518,0
DA:519,0
DA:520,0
DA:524,0
DA:525,0
DA:535,0
DA:536,0
DA:544,0
DA:545,0
DA:549,0
DA:550,0
DA:551,0
DA:552,0
DA:558,0
DA:567,0
DA:569,0
DA:570,0
DA:582,0
DA:585,0
DA:589,0
DA:592,0
DA:595,0
DA:598,0
DA:601,0
DA:604,0
DA:607,0
DA:610,0
DA:611,0
DA:615,0
DA:619,0
DA:620,0
DA:623,0
DA:624,0
DA:626,0
DA:629,0
DA:637,0
DA:640,0
DA:646,0
DA:652,0
DA:659,0
DA:665,0
DA:670,0
DA:677,0
DA:682,0
DA:688,0
DA:695,0
DA:700,0
DA:709,0
DA:710,0
DA:711,0
DA:713,0
DA:718,0
DA:719,0
DA:723,0
DA:724,0
DA:725,0
DA:727,0
DA:729,0
DA:731,0
DA:733,0
DA:735,0
DA:737,0
DA:739,0
DA:741,0
DA:745,0
DA:749,0
DA:750,0
LF:137
LH:0
BRDA:304,0,0,0
BRDA:304,0,1,0
BRDA:329,1,0,0
BRDA:329,1,1,0
BRDA:346,2,0,0
BRDA:346,2,1,0
BRDA:363,3,0,0
BRDA:363,3,1,0
BRDA:497,4,0,0
BRDA:525,5,0,0
BRDA:525,5,1,0
BRDA:582,6,0,0
BRDA:582,6,1,0
BRDA:582,6,2,0
BRDA:582,6,3,0
BRDA:582,6,4,0
BRDA:582,6,5,0
BRDA:582,6,6,0
BRDA:582,6,7,0
BRDA:582,6,8,0
BRDA:582,6,9,0
BRDA:582,6,10,0
BRDA:582,6,11,0
BRDA:582,6,12,0
BRDA:582,6,13,0
BRDA:582,6,14,0
BRDA:589,7,0,0
BRDA:589,7,1,0
BRDA:592,8,0,0
BRDA:592,8,1,0
BRDA:598,9,0,0
BRDA:598,9,1,0
BRDA:601,10,0,0
BRDA:601,10,1,0
BRDA:604,11,0,0
BRDA:604,11,1,0
BRDA:610,12,0,0
BRDA:610,12,1,0
BRDA:615,13,0,0
BRDA:615,13,1,0
BRDA:615,13,2,0
BRDA:616,14,0,0
BRDA:616,14,1,0
BRDA:619,15,0,0
BRDA:619,16,0,0
BRDA:620,17,0,0
BRDA:620,17,1,0
BRDA:620,17,2,0
BRDA:623,18,0,0
BRDA:624,19,0,0
BRDA:624,19,1,0
BRDA:637,20,0,0
BRDA:637,20,1,0
BRDA:637,20,2,0
BRDA:637,20,3,0
BRDA:637,20,4,0
BRDA:637,20,5,0
BRDA:637,20,6,0
BRDA:637,20,7,0
BRDA:637,20,8,0
BRDA:637,20,9,0
BRDA:637,20,10,0
BRDA:637,20,11,0
BRDA:637,20,12,0
BRDA:637,20,13,0
BRDA:637,20,14,0
BRDA:723,21,0,0
BRDA:725,22,0,0
BRDA:725,22,1,0
BRDA:727,23,0,0
BRDA:727,23,1,0
BRDA:727,23,2,0
BRDA:727,23,3,0
BRDA:727,23,4,0
BRDA:727,23,5,0
BRDA:727,23,6,0
BRDA:745,24,0,0
BRDA:745,24,1,0
BRF:78
BRH:0
end_of_record
TN:
SF:src/clickup-client/dependencies-enhanced.ts
FN:17,(anonymous_0)
FN:24,(anonymous_1)
FN:41,(anonymous_2)
FN:57,(anonymous_3)
FN:73,(anonymous_4)
FN:81,(anonymous_5)
FN:98,(anonymous_6)
FN:113,(anonymous_7)
FN:136,(anonymous_8)
FN:158,(anonymous_9)
FN:199,(anonymous_10)
FN:230,(anonymous_11)
FN:285,(anonymous_12)
FN:305,(anonymous_13)
FNF:14
FNH:0
FNDA:0,(anonymous_0)
FNDA:0,(anonymous_1)
FNDA:0,(anonymous_2)
FNDA:0,(anonymous_3)
FNDA:0,(anonymous_4)
FNDA:0,(anonymous_5)
FNDA:0,(anonymous_6)
FNDA:0,(anonymous_7)
FNDA:0,(anonymous_8)
FNDA:0,(anonymous_9)
FNDA:0,(anonymous_10)
FNDA:0,(anonymous_11)
FNDA:0,(anonymous_12)
FNDA:0,(anonymous_13)
DA:18,0
DA:25,0
DA:31,0
DA:35,0
DA:42,0
DA:43,0
DA:44,0
DA:45,0
DA:47,0
DA:48,0
DA:50,0
DA:51,0
DA:58,0
DA:60,0
DA:61,0
DA:63,0
DA:67,0
DA:74,0
DA:75,0
DA:82,0
DA:83,0
DA:84,0
DA:85,0
DA:86,0
DA:88,0
DA:89,0
DA:91,0
DA:92,0
DA:99,0
DA:103,0
DA:107,0
DA:121,0
DA:130,0
DA:142,0
DA:143,0
DA:144,0
DA:145,0
DA:146,0
DA:148,0
DA:149,0
DA:151,0
DA:152,0
DA:175,0
DA:193,0
DA:213,0
DA:224,0
DA:254,0
DA:279,0
DA:290,0
DA:291,0
DA:293,0
DA:299,0
DA:323,0
DA:334,0
LF:54
LH:0
BRDA:43,0,0,0
BRDA:44,1,0,0
BRDA:45,2,0,0
BRDA:48,3,0,0
BRDA:48,3,1,0
BRDA:60,4,0,0
BRDA:61,5,0,0
BRDA:85,6,0,0
BRDA:86,7,0,0
BRDA:100,8,0,0
BRDA:100,8,1,0
BRDA:143,9,0,0
BRDA:144,10,0,0
BRDA:145,11,0,0
BRDA:146,12,0,0
BRDA:149,13,0,0
BRDA:149,13,1,0
BRDA:285,14,0,0
BRF:18
BRH:0
end_of_record
TN:
SF:src/clickup-client/docs-enhanced.ts
FN:123,(anonymous_0)
FN:128,(anonymous_1)
FN:143,(anonymous_2)
FN:160,(anonymous_3)
FN:183,(anonymous_4)
FN:216,(anonymous_5)
FN:256,(anonymous_6)
FN:279,(anonymous_7)
FN:295,(anonymous_8)
FN:317,(anonymous_9)
FN:348,(anonymous_10)
FN:372,(anonymous_11)
FN:388,(anonymous_12)
FN:412,(anonymous_13)
FN:430,(anonymous_14)
FN:452,(anonymous_15)
FN:473,(anonymous_16)
FN:504,(anonymous_17)
FN:512,(anonymous_18)
FN:521,(anonymous_19)
FNF:20
FNH:0
FNDA:0,(anonymous_0)
FNDA:0,(anonymous_1)
FNDA:0,(anonymous_2)
FNDA:0,(anonymous_3)
FNDA:0,(anonymous_4)
FNDA:0,(anonymous_5)
FNDA:0,(anonymous_6)
FNDA:0,(anonymous_7)
FNDA:0,(anonymous_8)
FNDA:0,(anonymous_9)
FNDA:0,(anonymous_10)
FNDA:0,(anonymous_11)
FNDA:0,(anonymous_12)
FNDA:0,(anonymous_13)
FNDA:0,(anonymous_14)
FNDA:0,(anonymous_15)
FNDA:0,(anonymous_16)
FNDA:0,(anonymous_17)
FNDA:0,(anonymous_18)
FNDA:0,(anonymous_19)
DA:124,0
DA:125,0
DA:129,0
DA:144,0
DA:145,0
DA:146,0
DA:150,0
DA:152,0
DA:153,0
DA:161,0
DA:162,0
DA:163,0
DA:168,0
DA:173,0
DA:175,0
DA:176,0
DA:184,0
DA:185,0
DA:186,0
DA:191,0
DA:192,0
DA:193,0
DA:194,0
DA:197,0
DA:202,0
DA:204,0
DA:205,0
DA:217,0
DA:221,0
DA:222,0
DA:223,0
DA:224,0
DA:225,0
DA:226,0
DA:228,0
DA:231,0
DA:238,0
DA:239,0
DA:242,0
DA:246,0
DA:248,0
DA:249,0
DA:257,0
DA:258,0
DA:260,0
DA:261,0
DA:262,0
DA:263,0
DA:265,0
DA:269,0
DA:271,0
DA:272,0
DA:280,0
DA:281,0
DA:283,0
DA:287,0
DA:288,0
DA:296,0
DA:297,0
DA:299,0
DA:303,0
DA:305,0
DA:306,0
DA:318,0
DA:319,0
DA:321,0
DA:327,0
DA:328,0
DA:330,0
DA:331,0
DA:334,0
DA:338,0
DA:340,0
DA:341,0
DA:349,0
DA:350,0
DA:352,0
DA:353,0
DA:354,0
DA:355,0
DA:356,0
DA:358,0
DA:362,0
DA:364,0
DA:365,0
DA:373,0
DA:374,0
DA:376,0
DA:380,0
DA:381,0
DA:389,0
DA:390,0
DA:391,0
DA:393,0
DA:398,0
DA:400,0
DA:401,0
DA:413,0
DA:414,0
DA:416,0
DA:420,0
DA:422,0
DA:423,0
DA:431,0
DA:432,0
DA:434,0
DA:438,0
DA:440,0
DA:441,0
DA:453,0
DA:454,0
DA:459,0
DA:461,0
DA:462,0
DA:474,0
DA:475,0
DA:476,0
DA:478,0
DA:480,0
DA:482,0
DA:484,0
DA:486,0
DA:488,0
DA:490,0
DA:492,0
DA:494,0
DA:498,0
DA:505,0
DA:506,0
DA:514,0
DA:521,0
DA:522,0
LF:132
LH:0
BRDA:125,0,0,0
BRDA:125,0,1,0
BRDA:160,1,0,0
BRDA:191,2,0,0
BRDA:221,3,0,0
BRDA:221,3,1,0
BRDA:223,4,0,0
BRDA:223,4,1,0
BRDA:225,5,0,0
BRDA:225,5,1,0
BRDA:233,6,0,0
BRDA:233,6,1,0
BRDA:234,7,0,0
BRDA:234,7,1,0
BRDA:238,8,0,0
BRDA:261,9,0,0
BRDA:262,10,0,0
BRDA:263,11,0,0
BRDA:324,12,0,0
BRDA:324,12,1,0
BRDA:327,13,0,0
BRDA:330,14,0,0
BRDA:353,15,0,0
BRDA:354,16,0,0
BRDA:355,17,0,0
BRDA:356,18,0,0
BRDA:391,19,0,0
BRDA:391,19,1,0
BRDA:474,20,0,0
BRDA:476,21,0,0
BRDA:476,21,1,0
BRDA:478,22,0,0
BRDA:478,22,1,0
BRDA:478,22,2,0
BRDA:478,22,3,0
BRDA:478,22,4,0
BRDA:478,22,5,0
BRDA:478,22,6,0
BRDA:478,22,7,0
BRDA:498,23,0,0
BRDA:498,23,1,0
BRF:41
BRH:0
end_of_record
TN:
SF:src/clickup-client/docs.ts
FN:37,(anonymous_0)
FN:47,(anonymous_1)
FN:80,(anonymous_2)
FN:117,(anonymous_3)
FN:166,(anonymous_4)
FN:180,(anonymous_5)
FN:194,(anonymous_6)
FN:206,(anonymous_7)
FNF:8
FNH:0
FNDA:0,(anonymous_0)
FNDA:0,(anonymous_1)
FNDA:0,(anonymous_2)
FNDA:0,(anonymous_3)
FNDA:0,(anonymous_4)
FNDA:0,(anonymous_5)
FNDA:0,(anonymous_6)
FNDA:0,(anonymous_7)
DA:38,0
DA:49,0
DA:51,0
DA:52,0
DA:55,0
DA:60,0
DA:65,0
DA:67,0
DA:68,0
DA:82,0
DA:84,0
DA:85,0
DA:88,0
DA:94,0
DA:99,0
DA:104,0
DA:106,0
DA:107,0
DA:119,0
DA:121,0
DA:125,0
DA:128,0
DA:135,0
DA:141,0
DA:142,0
DA:143,0
DA:144,0
DA:147,0
DA:152,0
DA:154,0
DA:155,0
DA:168,0
DA:169,0
DA:170,0
DA:182,0
DA:183,0
DA:184,0
DA:195,0
DA:196,0
DA:197,0
DA:200,0
DA:201,0
DA:202,0
DA:206,0
DA:207,0
LF:45
LH:0
BRDA:80,0,0,0
BRDA:141,1,0,0
BRDA:196,2,0,0
BRDA:197,3,0,0
BRF:4
BRH:0
end_of_record
TN:
SF:src/clickup-client/folders.ts
FN:26,(anonymous_0)
FN:36,(anonymous_1)
FN:46,(anonymous_2)
FN:56,(anonymous_3)
FN:66,(anonymous_4)
FN:75,(anonymous_5)
FN:80,(anonymous_6)
FNF:7
FNH:0
FNDA:0,(anonymous_0)
FNDA:0,(anonymous_1)
FNDA:0,(anonymous_2)
FNDA:0,(anonymous_3)
FNDA:0,(anonymous_4)
FNDA:0,(anonymous_5)
FNDA:0,(anonymous_6)
DA:27,0
DA:37,0
DA:47,0
DA:57,0
DA:67,0
DA:76,0
DA:80,0
DA:81,0
LF:8
LH:0
BRF:0
BRH:0
end_of_record
TN:
SF:src/clickup-client/goals-enhanced.ts
FN:114,(anonymous_0)
FN:118,(anonymous_1)
FN:129,(anonymous_2)
FN:147,(anonymous_3)
FN:162,(anonymous_4)
FN:177,(anonymous_5)
FN:190,(anonymous_6)
FN:209,(anonymous_7)
FN:224,(anonymous_8)
FN:239,(anonymous_9)
FN:256,(anonymous_10)
FN:306,(anonymous_11)
FN:330,(anonymous_12)
FN:340,(anonymous_13)
FN:357,(anonymous_14)
FN:376,(anonymous_15)
FN:384,(anonymous_16)
FN:403,(anonymous_17)
FN:412,(anonymous_18)
FN:421,(anonymous_19)
FN:448,(anonymous_20)
FNF:21
FNH:0
FNDA:0,(anonymous_0)
FNDA:0,(anonymous_1)
FNDA:0,(anonymous_2)
FNDA:0,(anonymous_3)
FNDA:0,(anonymous_4)
FNDA:0,(anonymous_5)
FNDA:0,(anonymous_6)
FNDA:0,(anonymous_7)
FNDA:0,(anonymous_8)
FNDA:0,(anonymous_9)
FNDA:0,(anonymous_10)
FNDA:0,(anonymous_11)
FNDA:0,(anonymous_12)
FNDA:0,(anonymous_13)
FNDA:0,(anonymous_14)
FNDA:0,(anonymous_15)
FNDA:0,(anonymous_16)
FNDA:0,(anonymous_17)
FNDA:0,(anonymous_18)
FNDA:0,(anonymous_19)
FNDA:0,(anonymous_20)
DA:115,0
DA:119,0
DA:130,0
DA:131,0
DA:132,0
DA:134,0
DA:135,0
DA:137,0
DA:139,0
DA:140,0
DA:148,0
DA:149,0
DA:150,0
DA:152,0
DA:154,0
DA:155,0
DA:163,0
DA:164,0
DA:165,0
DA:167,0
DA:169,0
DA:170,0
DA:178,0
DA:179,0
DA:180,0
DA:182,0
DA:183,0
DA:191,0
DA:192,0
DA:193,0
DA:195,0
DA:197,0
DA:198,0
DA:210,0
DA:211,0
DA:212,0
DA:214,0
DA:216,0
DA:217,0
DA:225,0
DA:226,0
DA:227,0
DA:229,0
DA:231,0
DA:232,0
DA:240,0
DA:241,0
DA:242,0
DA:244,0
DA:245,0
DA:257,0
DA:258,0
DA:260,0
DA:261,0
DA:262,0
DA:263,0
DA:264,0
DA:265,0
DA:271,0
DA:273,0
DA:275,0
DA:276,0
DA:277,0
DA:278,0
DA:281,0
DA:282,0
DA:283,0
DA:284,0
DA:286,0
DA:290,0
DA:291,0
DA:294,0
DA:295,0
DA:296,0
DA:306,0
DA:308,0
DA:318,0
DA:319,0
DA:331,0
DA:333,0
DA:334,0
DA:341,0
DA:343,0
DA:348,0
DA:350,0
DA:358,0
DA:365,0
DA:366,0
DA:369,0
DA:377,0
DA:378,0
DA:385,0
DA:386,0
DA:388,0
DA:389,0
DA:392,0
DA:393,0
DA:394,0
DA:396,0
DA:397,0
DA:404,0
DA:405,0
DA:406,0
DA:413,0
DA:414,0
DA:422,0
DA:423,0
DA:424,0
DA:426,0
DA:428,0
DA:430,0
DA:432,0
DA:434,0
DA:436,0
DA:438,0
DA:440,0
DA:444,0
DA:448,0
DA:449,0
LF:119
LH:0
BRDA:129,0,0,0
BRDA:132,1,0,0
BRDA:137,2,0,0
BRDA:137,2,1,0
BRDA:281,3,0,0
BRDA:281,3,1,0
BRDA:283,4,0,0
BRDA:283,4,1,0
BRDA:291,5,0,0
BRDA:291,5,1,0
BRDA:295,6,0,0
BRDA:295,7,0,0
BRDA:295,7,1,0
BRDA:295,7,2,0
BRDA:313,8,0,0
BRDA:313,8,1,0
BRDA:331,9,0,0
BRDA:341,10,0,0
BRDA:341,10,1,0
BRDA:341,10,2,0
BRDA:341,10,3,0
BRDA:341,10,4,0
BRDA:341,10,5,0
BRDA:357,11,0,0
BRDA:378,12,0,0
BRDA:378,12,1,0
BRDA:388,13,0,0
BRDA:389,14,0,0
BRDA:396,15,0,0
BRDA:422,16,0,0
BRDA:424,17,0,0
BRDA:424,17,1,0
BRDA:426,18,0,0
BRDA:426,18,1,0
BRDA:426,18,2,0
BRDA:426,18,3,0
BRDA:426,18,4,0
BRDA:426,18,5,0
BRDA:426,18,6,0
BRDA:444,19,0,0
BRDA:444,19,1,0
BRF:41
BRH:0
end_of_record
TN:
SF:src/clickup-client/lists.ts
FN:26,(anonymous_0)
FN:36,(anonymous_1)
FN:46,(anonymous_2)
FN:56,(anonymous_3)
FN:66,(anonymous_4)
FN:75,(anonymous_5)
FN:85,(anonymous_6)
FN:94,(anonymous_7)
FN:104,(anonymous_8)
FN:114,(anonymous_9)
FN:125,(anonymous_10)
FN:136,(anonymous_11)
FN:141,(anonymous_12)
FNF:13
FNH:0
FNDA:0,(anonymous_0)
FNDA:0,(anonymous_1)
FNDA:0,(anonymous_2)
FNDA:0,(anonymous_3)
FNDA:0,(anonymous_4)
FNDA:0,(anonymous_5)
FNDA:0,(anonymous_6)
FNDA:0,(anonymous_7)
FNDA:0,(anonymous_8)
FNDA:0,(anonymous_9)
FNDA:0,(anonymous_10)
FNDA:0,(anonymous_11)
FNDA:0,(anonymous_12)
DA:27,0
DA:37,0
DA:47,0
DA:57,0
DA:67,0
DA:76,0
DA:86,0
DA:95,0
DA:105,0
DA:115,0
DA:126,0
DA:137,0
DA:141,0
DA:142,0
LF:14
LH:0
BRF:0
BRH:0
end_of_record
TN:
SF:src/clickup-client/secure-client.ts
FN:23,(anonymous_0)
FN:48,(anonymous_1)
FN:73,(anonymous_2)
FN:78,(anonymous_3)
FN:85,(anonymous_4)
FN:103,(anonymous_5)
FN:104,(anonymous_6)
FN:116,(anonymous_7)
FN:117,(anonymous_8)
FN:126,(anonymous_9)
FN:127,(anonymous_10)
FN:136,(anonymous_11)
FN:137,(anonymous_12)
FN:146,(anonymous_13)
FN:147,(anonymous_14)
FN:156,(anonymous_15)
FN:190,(anonymous_16)
FN:195,(anonymous_17)
FN:209,(anonymous_18)
FN:228,(anonymous_19)
FN:274,(anonymous_20)
FN:303,(anonymous_21)
FN:320,(anonymous_22)
FN:346,(anonymous_23)
FN:356,(anonymous_24)
FNF:25
FNH:0
FNDA:0,(anonymous_0)
FNDA:0,(anonymous_1)
FNDA:0,(anonymous_2)
FNDA:0,(anonymous_3)
FNDA:0,(anonymous_4)
FNDA:0,(anonymous_5)
FNDA:0,(anonymous_6)
FNDA:0,(anonymous_7)
FNDA:0,(anonymous_8)
FNDA:0,(anonymous_9)
FNDA:0,(anonymous_10)
FNDA:0,(anonymous_11)
FNDA:0,(anonymous_12)
FNDA:0,(anonymous_13)
FNDA:0,(anonymous_14)
FNDA:0,(anonymous_15)
FNDA:0,(anonymous_16)
FNDA:0,(anonymous_17)
FNDA:0,(anonymous_18)
FNDA:0,(anonymous_19)
FNDA:0,(anonymous_20)
FNDA:0,(anonymous_21)
FNDA:0,(anonymous_22)
FNDA:0,(anonymous_23)
FNDA:0,(anonymous_24)
DA:6,0
DA:25,0
DA:26,0
DA:27,0
DA:30,0
DA:31,0
DA:32,0
DA:34,0
DA:47,0
DA:50,0
DA:51,0
DA:54,0
DA:55,0
DA:56,0
DA:57,0
DA:62,0
DA:63,0
DA:67,0
DA:68,0
DA:71,0
DA:73,0
DA:77,0
DA:80,0
DA:81,0
DA:83,0
DA:86,0
DA:87,0
DA:93,0
DA:95,0
DA:104,0
DA:105,0
DA:109,0
DA:117,0
DA:118,0
DA:119,0
DA:127,0
DA:128,0
DA:129,0
DA:137,0
DA:138,0
DA:139,0
DA:147,0
DA:148,0
DA:149,0
DA:166,0
DA:167,0
DA:170,0
DA:171,0
DA:175,0
DA:176,0
DA:177,0
DA:178,0
DA:182,0
DA:185,0
DA:186,0
DA:189,0
DA:190,0
DA:191,0
DA:195,0
DA:196,0
DA:202,0
DA:221,0
DA:222,0
DA:225,0
DA:226,0
DA:228,0
DA:229,0
DA:232,0
DA:234,0
DA:235,0
DA:237,0
DA:238,0
DA:240,0
DA:241,0
DA:243,0
DA:244,0
DA:246,0
DA:247,0
DA:249,0
DA:252,0
DA:254,0
DA:256,0
DA:257,0
DA:260,0
DA:264,0
DA:265,0
DA:268,0
DA:279,0
DA:281,0
DA:283,0
DA:284,0
DA:286,0
DA:292,0
DA:309,0
DA:321,0
DA:322,0
DA:323,0
DA:324,0
DA:326,0
DA:329,0
DA:330,0
DA:333,0
DA:334,0
DA:335,0
DA:338,0
DA:339,0
DA:348,0
DA:351,0
DA:356,0
DA:357,0
DA:359,0
DA:360,0
DA:363,0
LF:113
LH:0
BRDA:26,0,0,0
BRDA:30,1,0,0
BRDA:30,1,1,0
BRDA:31,2,0,0
BRDA:31,2,1,0
BRDA:32,3,0,0
BRDA:32,3,1,0
BRDA:35,4,0,0
BRDA:35,4,1,0
BRDA:36,5,0,0
BRDA:36,5,1,0
BRDA:54,6,0,0
BRDA:56,7,0,0
BRDA:62,8,0,0
BRDA:67,9,0,0
BRDA:80,10,0,0
BRDA:168,11,0,0
BRDA:168,11,1,0
BRDA:170,12,0,0
BRDA:175,13,0,0
BRDA:177,14,0,0
BRDA:189,15,0,0
BRDA:216,16,0,0
BRDA:221,17,0,0
BRDA:221,18,0,0
BRDA:232,19,0,0
BRDA:232,19,1,0
BRDA:232,19,2,0
BRDA:232,19,3,0
BRDA:232,19,4,0
BRDA:232,19,5,0
BRDA:254,20,0,0
BRDA:254,20,1,0
BRDA:256,21,0,0
BRDA:313,22,0,0
BRDA:313,22,1,0
BRDA:321,23,0,0
BRDA:323,24,0,0
BRDA:329,25,0,0
BRDA:333,26,0,0
BRDA:338,27,0,0
BRDA:357,28,0,0
BRDA:357,28,1,0
BRDA:359,29,0,0
BRF:44
BRH:0
end_of_record
TN:
SF:src/clickup-client/spaces.ts
FN:48,(anonymous_0)
FN:57,(anonymous_1)
FN:68,(anonymous_2)
FN:74,(anonymous_3)
FNF:4
FNH:0
FNDA:0,(anonymous_0)
FNDA:0,(anonymous_1)
FNDA:0,(anonymous_2)
FNDA:0,(anonymous_3)
DA:49,0
DA:59,0
DA:60,0
DA:69,0
DA:70,0
DA:74,0
DA:75,0
LF:7
LH:0
BRF:0
BRH:0
end_of_record
TN:
SF:src/clickup-client/tasks.ts
FN:120,(anonymous_0)
FN:130,(anonymous_1)
FN:135,(anonymous_2)
FN:149,(anonymous_3)
FN:160,(anonymous_4)
FN:179,(anonymous_5)
FN:197,(anonymous_6)
FN:206,(anonymous_7)
FN:218,(anonymous_8)
FN:226,(anonymous_9)
FNF:10
FNH:0
FNDA:0,(anonymous_0)
FNDA:0,(anonymous_1)
FNDA:0,(anonymous_2)
FNDA:0,(anonymous_3)
FNDA:0,(anonymous_4)
FNDA:0,(anonymous_5)
FNDA:0,(anonymous_6)
FNDA:0,(anonymous_7)
FNDA:0,(anonymous_8)
FNDA:0,(anonymous_9)
DA:121,0
DA:131,0
DA:134,0
DA:135,0
DA:138,0
DA:150,0
DA:151,0
DA:162,0
DA:163,0
DA:164,0
DA:165,0
DA:169,0
DA:170,0
DA:181,0
DA:182,0
DA:183,0
DA:184,0
DA:188,0
DA:189,0
DA:198,0
DA:207,0
DA:209,0
DA:210,0
DA:211,0
DA:215,0
DA:218,0
DA:220,0
DA:221,0
DA:226,0
DA:227,0
LF:30
LH:0
BRDA:134,0,0,0
BRDA:134,1,0,0
BRDA:134,1,1,0
BRDA:163,2,0,0
BRDA:182,3,0,0
BRDA:210,4,0,0
BRDA:210,5,0,0
BRDA:210,5,1,0
BRF:8
BRH:0
end_of_record
TN:
SF:src/clickup-client/time-tracking-enhanced.ts
FN:119,(anonymous_0)
FN:123,(anonymous_1)
FN:134,(anonymous_2)
FN:161,(anonymous_3)
FN:176,(anonymous_4)
FN:191,(anonymous_5)
FN:208,(anonymous_6)
FN:226,(anonymous_7)
FN:241,(anonymous_8)
FN:260,(anonymous_9)
FN:338,(anonymous_10)
FN:359,(anonymous_11)
FN:377,(anonymous_12)
FN:385,(anonymous_13)
FN:393,(anonymous_14)
FN:420,(anonymous_15)
FNF:16
FNH:0
FNDA:0,(anonymous_0)
FNDA:0,(anonymous_1)
FNDA:0,(anonymous_2)
FNDA:0,(anonymous_3)
FNDA:0,(anonymous_4)
FNDA:0,(anonymous_5)
FNDA:0,(anonymous_6)
FNDA:0,(anonymous_7)
FNDA:0,(anonymous_8)
FNDA:0,(anonymous_9)
FNDA:0,(anonymous_10)
FNDA:0,(anonymous_11)
FNDA:0,(anonymous_12)
FNDA:0,(anonymous_13)
FNDA:0,(anonymous_14)
FNDA:0,(anonymous_15)
DA:120,0
DA:124,0
DA:135,0
DA:136,0
DA:138,0
DA:139,0
DA:140,0
DA:141,0
DA:142,0
DA:143,0
DA:144,0
DA:145,0
DA:146,0
DA:148,0
DA:149,0
DA:151,0
DA:153,0
DA:154,0
DA:162,0
DA:163,0
DA:164,0
DA:166,0
DA:168,0
DA:169,0
DA:177,0
DA:178,0
DA:179,0
DA:181,0
DA:183,0
DA:184,0
DA:192,0
DA:193,0
DA:194,0
DA:196,0
DA:197,0
DA:209,0
DA:210,0
DA:211,0
DA:213,0
DA:214,0
DA:216,0
DA:218,0
DA:219,0
DA:227,0
DA:228,0
DA:229,0
DA:231,0
DA:233,0
DA:234,0
DA:242,0
DA:243,0
DA:244,0
DA:246,0
DA:248,0
DA:249,0
DA:261,0
DA:263,0
DA:266,0
DA:267,0
DA:268,0
DA:269,0
DA:270,0
DA:272,0
DA:273,0
DA:274,0
DA:276,0
DA:277,0
DA:279,0
DA:283,0
DA:284,0
DA:285,0
DA:292,0
DA:293,0
DA:294,0
DA:296,0
DA:299,0
DA:300,0
DA:301,0
DA:302,0
DA:309,0
DA:310,0
DA:311,0
DA:313,0
DA:317,0
DA:326,0
DA:327,0
DA:339,0
DA:340,0
DA:341,0
DA:343,0
DA:344,0
DA:347,0
DA:348,0
DA:352,0
DA:360,0
DA:362,0
DA:364,0
DA:366,0
DA:368,0
DA:370,0
DA:378,0
DA:379,0
DA:386,0
DA:394,0
DA:395,0
DA:396,0
DA:398,0
DA:400,0
DA:402,0
DA:404,0
DA:406,0
DA:408,0
DA:410,0
DA:412,0
DA:416,0
DA:420,0
DA:421,0
LF:117
LH:0
BRDA:134,0,0,0
BRDA:138,1,0,0
BRDA:139,2,0,0
BRDA:140,3,0,0
BRDA:141,4,0,0
BRDA:142,5,0,0
BRDA:143,6,0,0
BRDA:144,7,0,0
BRDA:145,8,0,0
BRDA:146,9,0,0
BRDA:151,10,0,0
BRDA:151,10,1,0
BRDA:211,11,0,0
BRDA:216,12,0,0
BRDA:216,12,1,0
BRDA:229,13,0,0
BRDA:229,13,1,0
BRDA:244,14,0,0
BRDA:244,14,1,0
BRDA:260,15,0,0
BRDA:276,16,0,0
BRDA:276,16,1,0
BRDA:284,17,0,0
BRDA:293,18,0,0
BRDA:299,19,0,0
BRDA:301,20,0,0
BRDA:310,21,0,0
BRDA:338,22,0,0
BRDA:343,23,0,0
BRDA:343,23,1,0
BRDA:344,24,0,0
BRDA:344,24,1,0
BRDA:347,25,0,0
BRDA:347,25,1,0
BRDA:348,26,0,0
BRDA:348,26,1,0
BRDA:352,27,0,0
BRDA:352,27,1,0
BRDA:360,28,0,0
BRDA:360,28,1,0
BRDA:360,28,2,0
BRDA:360,28,3,0
BRDA:360,28,4,0
BRDA:378,29,0,0
BRDA:394,30,0,0
BRDA:396,31,0,0
BRDA:396,31,1,0
BRDA:398,32,0,0
BRDA:398,32,1,0
BRDA:398,32,2,0
BRDA:398,32,3,0
BRDA:398,32,4,0
BRDA:398,32,5,0
BRDA:398,32,6,0
BRDA:416,33,0,0
BRDA:416,33,1,0
BRF:56
BRH:0
end_of_record
TN:
SF:src/clickup-client/views-enhanced.ts
FN:96,(anonymous_0)
FN:103,(anonymous_1)
FN:130,(anonymous_2)
FN:147,(anonymous_3)
FN:155,(anonymous_4)
FN:173,(anonymous_5)
FN:181,(anonymous_6)
FN:193,(anonymous_7)
FN:205,(anonymous_8)
FN:217,(anonymous_9)
FN:229,(anonymous_10)
FN:246,(anonymous_11)
FN:267,(anonymous_12)
FN:278,(anonymous_13)
FN:291,(anonymous_14)
FN:302,(anonymous_15)
FN:304,(anonymous_16)
FN:311,(anonymous_17)
FN:314,(anonymous_18)
FN:327,(anonymous_19)
FNF:20
FNH:0
FNDA:0,(anonymous_0)
FNDA:0,(anonymous_1)
FNDA:0,(anonymous_2)
FNDA:0,(anonymous_3)
FNDA:0,(anonymous_4)
FNDA:0,(anonymous_5)
FNDA:0,(anonymous_6)
FNDA:0,(anonymous_7)
FNDA:0,(anonymous_8)
FNDA:0,(anonymous_9)
FNDA:0,(anonymous_10)
FNDA:0,(anonymous_11)
FNDA:0,(anonymous_12)
FNDA:0,(anonymous_13)
FNDA:0,(anonymous_14)
FNDA:0,(anonymous_15)
FNDA:0,(anonymous_16)
FNDA:0,(anonymous_17)
FNDA:0,(anonymous_18)
FNDA:0,(anonymous_19)
DA:97,0
DA:104,0
DA:106,0
DA:123,0
DA:124,0
DA:131,0
DA:133,0
DA:134,0
DA:135,0
DA:137,0
DA:138,0
DA:140,0
DA:141,0
DA:148,0
DA:149,0
DA:156,0
DA:158,0
DA:159,0
DA:160,0
DA:161,0
DA:162,0
DA:163,0
DA:164,0
DA:166,0
DA:167,0
DA:174,0
DA:175,0
DA:182,0
DA:186,0
DA:187,0
DA:194,0
DA:198,0
DA:199,0
DA:206,0
DA:210,0
DA:211,0
DA:218,0
DA:222,0
DA:223,0
DA:230,0
DA:239,0
DA:240,0
DA:250,0
DA:251,0
DA:253,0
DA:254,0
DA:256,0
DA:261,0
DA:268,0
DA:272,0
DA:273,0
DA:279,0
DA:281,0
DA:283,0
DA:285,0
DA:287,0
DA:292,0
DA:294,0
DA:295,0
DA:303,0
DA:304,0
DA:312,0
DA:314,0
DA:335,0
DA:336,0
DA:345,0
LF:66
LH:0
BRDA:113,0,0,0
BRDA:113,0,1,0
BRDA:114,1,0,0
BRDA:114,1,1,0
BRDA:115,2,0,0
BRDA:115,2,1,0
BRDA:116,3,0,0
BRDA:116,3,1,0
BRDA:118,4,0,0
BRDA:118,4,1,0
BRDA:134,5,0,0
BRDA:135,6,0,0
BRDA:138,7,0,0
BRDA:138,7,1,0
BRDA:158,8,0,0
BRDA:159,9,0,0
BRDA:160,10,0,0
BRDA:161,11,0,0
BRDA:162,12,0,0
BRDA:163,13,0,0
BRDA:164,14,0,0
BRDA:235,15,0,0
BRDA:235,15,1,0
BRDA:251,16,0,0
BRDA:254,17,0,0
BRDA:254,17,1,0
BRDA:279,18,0,0
BRDA:279,18,1,0
BRDA:279,18,2,0
BRDA:279,18,3,0
BRDA:292,19,0,0
BRDA:297,20,0,0
BRDA:297,20,1,0
BRDA:306,21,0,0
BRDA:306,21,1,0
BRDA:317,22,0,0
BRDA:317,22,1,0
BRF:37
BRH:0
end_of_record
TN:
SF:src/clickup-client/webhooks-enhanced.ts
FN:55,(anonymous_0)
FN:62,(anonymous_1)
FN:78,(anonymous_2)
FN:97,(anonymous_3)
FN:105,(anonymous_4)
FN:124,(anonymous_5)
FN:132,(anonymous_6)
FN:148,(anonymous_7)
FN:158,(anonymous_8)
FN:181,(anonymous_9)
FN:238,(anonymous_10)
FN:267,(anonymous_11)
FNF:12
FNH:0
FNDA:0,(anonymous_0)
FNDA:0,(anonymous_1)
FNDA:0,(anonymous_2)
FNDA:0,(anonymous_3)
FNDA:0,(anonymous_4)
FNDA:0,(anonymous_5)
FNDA:0,(anonymous_6)
FNDA:0,(anonymous_7)
FNDA:0,(anonymous_8)
FNDA:0,(anonymous_9)
FNDA:0,(anonymous_10)
FNDA:0,(anonymous_11)
DA:56,0
DA:63,0
DA:72,0
DA:79,0
DA:80,0
DA:81,0
DA:83,0
DA:84,0
DA:87,0
DA:88,0
DA:90,0
DA:91,0
DA:98,0
DA:99,0
DA:106,0
DA:108,0
DA:109,0
DA:110,0
DA:111,0
DA:112,0
DA:114,0
DA:118,0
DA:125,0
DA:126,0
DA:133,0
DA:134,0
DA:135,0
DA:138,0
DA:139,0
DA:141,0
DA:142,0
DA:149,0
DA:152,0
DA:159,0
DA:160,0
DA:166,0
DA:168,0
DA:173,0
DA:174,0
DA:193,0
DA:194,0
DA:200,0
DA:201,0
DA:215,0
DA:216,0
DA:222,0
DA:245,0
DA:246,0
DA:247,0
DA:250,0
DA:251,0
DA:253,0
DA:261,0
DA:268,0
DA:272,0
LF:55
LH:0
BRDA:80,0,0,0
BRDA:83,1,0,0
BRDA:88,2,0,0
BRDA:88,2,1,0
BRDA:108,3,0,0
BRDA:109,4,0,0
BRDA:110,5,0,0
BRDA:111,6,0,0
BRDA:112,7,0,0
BRDA:134,8,0,0
BRDA:139,9,0,0
BRDA:139,9,1,0
BRDA:193,10,0,0
BRDA:193,11,0,0
BRDA:193,11,1,0
BRDA:193,11,2,0
BRDA:200,12,0,0
BRDA:226,13,0,0
BRDA:226,13,1,0
BRDA:246,14,0,0
BRDA:251,15,0,0
BRDA:251,15,1,0
BRDA:270,16,0,0
BRDA:270,16,1,0
BRF:24
BRH:0
end_of_record
TN:
SF:src/resources/checklist-resources.ts
FN:11,setupChecklistResources
FN:19,(anonymous_1)
FN:63,(anonymous_2)
FN:100,(anonymous_3)
FNF:4
FNH:0
FNDA:0,setupChecklistResources
FNDA:0,(anonymous_1)
FNDA:0,(anonymous_2)
FNDA:0,(anonymous_3)
DA:7,0
DA:8,0
DA:9,0
DA:13,0
DA:20,0
DA:21,0
DA:24,0
DA:31,0
DA:36,0
DA:50,0
DA:51,0
DA:57,0
DA:64,0
DA:65,0
DA:72,0
DA:77,0
DA:87,0
DA:88,0
DA:94,0
DA:101,0
DA:102,0
DA:105,0
DA:108,0
DA:110,0
DA:124,0
DA:125,0
LF:26
LH:0
BRF:0
BRH:0
end_of_record
TN:
SF:src/resources/comment-resources.ts
FN:9,setupCommentResources
FN:17,(anonymous_1)
FN:47,(anonymous_2)
FN:77,(anonymous_3)
FN:107,(anonymous_4)
FN:137,(anonymous_5)
FN:166,(anonymous_6)
FNF:7
FNH:0
FNDA:0,setupCommentResources
FNDA:0,(anonymous_1)
FNDA:0,(anonymous_2)
FNDA:0,(anonymous_3)
FNDA:0,(anonymous_4)
FNDA:0,(anonymous_5)
FNDA:0,(anonymous_6)
DA:6,0
DA:7,0
DA:11,0
DA:18,0
DA:19,0
DA:20,0
DA:21,0
DA:22,0
DA:24,0
DA:34,0
DA:35,0
DA:41,0
DA:48,0
DA:49,0
DA:50,0
DA:51,0
DA:52,0
DA:54,0
DA:64,0
DA:65,0
DA:71,0
DA:78,0
DA:79,0
DA:80,0
DA:81,0
DA:82,0
DA:84,0
DA:94,0
DA:95,0
DA:101,0
DA:108,0
DA:109,0
DA:110,0
DA:111,0
DA:112,0
DA:114,0
DA:124,0
DA:125,0
DA:131,0
DA:138,0
DA:139,0
DA:140,0
DA:141,0
DA:142,0
DA:144,0
DA:154,0
DA:155,0
DA:160,0
DA:167,0
DA:168,0
DA:169,0
DA:170,0
DA:171,0
DA:173,0
DA:183,0
DA:184,0
LF:56
LH:0
BRF:0
BRH:0
end_of_record
TN:
SF:src/resources/doc-resources.ts
FN:9,setupDocResources
FN:17,(anonymous_1)
FN:60,(anonymous_2)
FNF:3
FNH:0
FNDA:0,setupDocResources
FNDA:0,(anonymous_1)
FNDA:0,(anonymous_2)
DA:6,0
DA:7,0
DA:11,0
DA:18,0
DA:19,0
DA:20,0
DA:22,0
DA:25,0
DA:28,0
DA:29,0
DA:30,0
DA:31,0
DA:32,0
DA:37,0
DA:47,0
DA:48,0
DA:54,0
DA:61,0
DA:62,0
DA:63,0
DA:65,0
DA:68,0
DA:71,0
DA:72,0
DA:73,0
DA:74,0
DA:75,0
DA:80,0
DA:90,0
DA:91,0
LF:30
LH:0
BRDA:29,0,0,0
BRDA:31,1,0,0
BRDA:42,2,0,0
BRDA:42,2,1,0
BRDA:72,3,0,0
BRDA:74,4,0,0
BRDA:85,5,0,0
BRDA:85,5,1,0
BRF:8
BRH:0
end_of_record
TN:
SF:src/resources/folder-resources.ts
FN:9,setupFolderResources
FN:17,(anonymous_1)
FN:47,(anonymous_2)
FN:85,(anonymous_3)
FN:115,(anonymous_4)
FN:144,(anonymous_5)
FN:177,(anonymous_6)
FNF:7
FNH:0
FNDA:0,setupFolderResources
FNDA:0,(anonymous_1)
FNDA:0,(anonymous_2)
FNDA:0,(anonymous_3)
FNDA:0,(anonymous_4)
FNDA:0,(anonymous_5)
FNDA:0,(anonymous_6)
DA:6,0
DA:7,0
DA:11,0
DA:18,0
DA:19,0
DA:20,0
DA:21,0
DA:22,0
DA:24,0
DA:34,0
DA:35,0
DA:41,0
DA:48,0
DA:49,0
DA:50,0
DA:57,0
DA:62,0
DA:72,0
DA:73,0
DA:79,0
DA:86,0
DA:87,0
DA:88,0
DA:89,0
DA:90,0
DA:92,0
DA:102,0
DA:103,0
DA:109,0
DA:116,0
DA:117,0
DA:118,0
DA:119,0
DA:120,0
DA:122,0
DA:132,0
DA:133,0
DA:138,0
DA:145,0
DA:146,0
DA:147,0
DA:150,0
DA:155,0
DA:165,0
DA:166,0
DA:171,0
DA:178,0
DA:179,0
DA:180,0
DA:181,0
DA:182,0
DA:184,0
DA:194,0
DA:195,0
LF:54
LH:0
BRF:0
BRH:0
end_of_record
TN:
SF:src/resources/list-resources.ts
FN:9,setupListResources
FN:17,(anonymous_1)
FN:47,(anonymous_2)
FN:77,(anonymous_3)
FN:106,(anonymous_4)
FNF:5
FNH:0
FNDA:0,setupListResources
FNDA:0,(anonymous_1)
FNDA:0,(anonymous_2)
FNDA:0,(anonymous_3)
FNDA:0,(anonymous_4)
DA:6,0
DA:7,0
DA:11,0
DA:18,0
DA:19,0
DA:20,0
DA:21,0
DA:22,0
DA:24,0
DA:34,0
DA:35,0
DA:41,0
DA:48,0
DA:49,0
DA:50,0
DA:51,0
DA:52,0
DA:54,0
DA:64,0
DA:65,0
DA:71,0
DA:78,0
DA:79,0
DA:80,0
DA:81,0
DA:82,0
DA:84,0
DA:94,0
DA:95,0
DA:100,0
DA:107,0
DA:108,0
DA:109,0
DA:110,0
DA:111,0
DA:113,0
DA:123,0
DA:124,0
LF:38
LH:0
BRF:0
BRH:0
end_of_record
TN:
SF:src/resources/space-resources.ts
FN:9,setupSpaceResources
FN:17,(anonymous_1)
FN:47,(anonymous_2)
FN:77,(anonymous_3)
FN:106,(anonymous_4)
FNF:5
FNH:0
FNDA:0,setupSpaceResources
FNDA:0,(anonymous_1)
FNDA:0,(anonymous_2)
FNDA:0,(anonymous_3)
FNDA:0,(anonymous_4)
DA:6,0
DA:7,0
DA:11,0
DA:18,0
DA:19,0
DA:20,0
DA:21,0
DA:22,0
DA:24,0
DA:34,0
DA:35,0
DA:41,0
DA:48,0
DA:49,0
DA:50,0
DA:51,0
DA:52,0
DA:54,0
DA:64,0
DA:65,0
DA:71,0
DA:78,0
DA:79,0
DA:80,0
DA:81,0
DA:82,0
DA:84,0
DA:94,0
DA:95,0
DA:100,0
DA:107,0
DA:108,0
DA:109,0
DA:110,0
DA:111,0
DA:113,0
DA:123,0
DA:124,0
LF:38
LH:0
BRF:0
BRH:0
end_of_record
TN:
SF:src/resources/task-resources.ts
FN:9,setupTaskResources
FN:17,(anonymous_1)
FN:47,(anonymous_2)
FNF:3
FNH:0
FNDA:0,setupTaskResources
FNDA:0,(anonymous_1)
FNDA:0,(anonymous_2)
DA:6,0
DA:7,0
DA:11,0
DA:18,0
DA:19,0
DA:20,0
DA:21,0
DA:22,0
DA:24,0
DA:34,0
DA:35,0
DA:41,0
DA:48,0
DA:49,0
DA:50,0
DA:51,0
DA:52,0
DA:54,0
DA:64,0
DA:65,0
LF:20
LH:0
BRF:0
BRH:0
end_of_record
TN:
SF:src/schemas/attachments-schemas.ts
FN:167,(anonymous_0)
FN:206,(anonymous_1)
FN:234,(anonymous_2)
FN:247,(anonymous_3)
FN:307,(anonymous_4)
FNF:5
FNH:0
FNDA:0,(anonymous_0)
FNDA:0,(anonymous_1)
FNDA:0,(anonymous_2)
FNDA:0,(anonymous_3)
FNDA:0,(anonymous_4)
DA:4,0
DA:17,0
DA:27,0
DA:35,0
DA:47,0
DA:55,0
DA:68,0
DA:76,0
DA:167,0
DA:168,0
DA:169,0
DA:170,0
DA:172,0
DA:179,0
DA:181,0
DA:186,0
DA:188,0
DA:192,0
DA:194,0
DA:201,0
DA:203,0
DA:206,0
DA:207,0
DA:208,0
DA:210,0
DA:211,0
DA:213,0
DA:214,0
DA:216,0
DA:217,0
DA:219,0
DA:220,0
DA:222,0
DA:223,0
DA:225,0
DA:226,0
DA:228,0
DA:229,0
DA:231,0
DA:234,0
DA:235,0
DA:236,0
DA:237,0
DA:239,0
DA:240,0
DA:241,0
DA:244,0
DA:247,0
DA:251,0
DA:254,0
DA:255,0
DA:259,0
DA:260,0
DA:264,0
DA:265,0
DA:269,0
DA:270,0
DA:271,0
DA:275,0
DA:276,0
DA:277,0
DA:279,0
DA:284,0
DA:285,0
DA:289,0
DA:290,0
DA:291,0
DA:294,0
DA:295,0
DA:296,0
DA:301,0
DA:307,0
DA:312,0
DA:313,0
DA:314,0
DA:315,0
DA:316,0
DA:318,0
DA:319,0
DA:326,0
DA:327,0
DA:334,0
DA:335,0
DA:342,0
DA:343,0
DA:350,0
DA:351,0
DA:358,0
LF:88
LH:0
BRDA:168,0,0,0
BRDA:169,1,0,0
BRDA:170,2,0,0
BRDA:179,3,0,0
BRDA:186,4,0,0
BRDA:192,5,0,0
BRDA:201,6,0,0
BRDA:208,7,0,0
BRDA:211,8,0,0
BRDA:214,9,0,0
BRDA:217,10,0,0
BRDA:220,11,0,0
BRDA:223,12,0,0
BRDA:226,13,0,0
BRDA:229,14,0,0
BRDA:239,15,0,0
BRDA:239,15,1,0
BRDA:244,16,0,0
BRDA:244,16,1,0
BRDA:254,17,0,0
BRDA:254,18,0,0
BRDA:254,18,1,0
BRDA:259,19,0,0
BRDA:259,20,0,0
BRDA:259,20,1,0
BRDA:264,21,0,0
BRDA:270,22,0,0
BRDA:275,23,0,0
BRDA:284,24,0,0
BRDA:284,25,0,0
BRDA:284,25,1,0
BRDA:289,26,0,0
BRDA:290,27,0,0
BRDA:295,28,0,0
BRDA:318,29,0,0
BRDA:322,30,0,0
BRDA:322,30,1,0
BRDA:326,31,0,0
BRDA:330,32,0,0
BRDA:330,32,1,0
BRDA:334,33,0,0
BRDA:342,34,0,0
BRDA:350,35,0,0
BRF:43
BRH:0
end_of_record
TN:
SF:src/schemas/custom-field-schemas.ts
FN:88,(anonymous_0)
FN:220,(anonymous_1)
FN:389,validateFieldValueByType
FN:437,getFieldTypeConfigSchema
FNF:4
FNH:0
FNDA:0,(anonymous_0)
FNDA:0,(anonymous_1)
FNDA:0,validateFieldValueByType
FNDA:0,getFieldTypeConfigSchema
DA:7,0
DA:23,0
DA:29,0
DA:35,0
DA:42,0
DA:48,0
DA:55,0
DA:61,0
DA:66,0
DA:71,0
DA:77,0
DA:83,0
DA:88,0
DA:94,0
DA:103,0
DA:110,0
DA:116,0
DA:122,0
DA:128,0
DA:134,0
DA:140,0
DA:146,0
DA:152,0
DA:158,0
DA:164,0
DA:170,0
DA:176,0
DA:182,0
DA:188,0
DA:194,0
DA:215,0
DA:221,0
DA:233,0
DA:236,0
DA:239,0
DA:242,0
DA:245,0
DA:248,0
DA:251,0
DA:254,0
DA:257,0
DA:260,0
DA:263,0
DA:266,0
DA:275,0
DA:276,0
DA:277,0
DA:278,0
DA:279,0
DA:286,0
DA:291,0
DA:296,0
DA:302,0
DA:311,0
DA:320,0
DA:330,0
DA:339,0
DA:344,0
DA:351,0
DA:360,0
DA:390,0
DA:393,0
DA:397,0
DA:400,0
DA:403,0
DA:406,0
DA:409,0
DA:412,0
DA:415,0
DA:418,0
DA:421,0
DA:424,0
DA:427,0
DA:430,0
DA:438,0
DA:441,0
DA:444,0
DA:447,0
DA:450,0
DA:453,0
DA:456,0
DA:459,0
DA:464,0
DA:467,0
DA:470,0
DA:473,0
DA:476,0
LF:87
LH:0
BRDA:88,0,0,0
BRDA:88,0,1,0
BRDA:88,1,0,0
BRDA:88,1,1,0
BRDA:390,2,0,0
BRDA:390,2,1,0
BRDA:390,2,2,0
BRDA:390,2,3,0
BRDA:390,2,4,0
BRDA:390,2,5,0
BRDA:390,2,6,0
BRDA:390,2,7,0
BRDA:390,2,8,0
BRDA:390,2,9,0
BRDA:390,2,10,0
BRDA:390,2,11,0
BRDA:390,2,12,0
BRDA:390,2,13,0
BRDA:390,2,14,0
BRDA:438,3,0,0
BRDA:438,3,1,0
BRDA:438,3,2,0
BRDA:438,3,3,0
BRDA:438,3,4,0
BRDA:438,3,5,0
BRDA:438,3,6,0
BRDA:438,3,7,0
BRDA:438,3,8,0
BRDA:438,3,9,0
BRDA:438,3,10,0
BRDA:438,3,11,0
BRDA:438,3,12,0
BRDA:438,3,13,0
BRDA:438,3,14,0
BRF:34
BRH:0
end_of_record
TN:
SF:src/schemas/dependencies-schemas.ts
FN:187,(anonymous_0)
FN:200,(anonymous_1)
FN:213,(anonymous_2)
FN:222,(anonymous_3)
FN:242,(anonymous_4)
FN:271,(anonymous_5)
FN:281,(anonymous_6)
FN:284,(anonymous_7)
FN:289,(anonymous_8)
FN:311,(anonymous_9)
FNF:10
FNH:0
FNDA:0,(anonymous_0)
FNDA:0,(anonymous_1)
FNDA:0,(anonymous_2)
FNDA:0,(anonymous_3)
FNDA:0,(anonymous_4)
FNDA:0,(anonymous_5)
FNDA:0,(anonymous_6)
FNDA:0,(anonymous_7)
FNDA:0,(anonymous_8)
FNDA:0,(anonymous_9)
DA:4,0
DA:11,0
DA:19,0
DA:27,0
DA:34,0
DA:42,0
DA:51,0
DA:60,0
DA:187,0
DA:188,0
DA:190,0
DA:192,0
DA:194,0
DA:196,0
DA:200,0
DA:201,0
DA:203,0
DA:205,0
DA:207,0
DA:209,0
DA:213,0
DA:218,0
DA:219,0
DA:222,0
DA:223,0
DA:224,0
DA:226,0
DA:227,0
DA:230,0
DA:231,0
DA:232,0
DA:233,0
DA:238,0
DA:239,0
DA:240,0
DA:242,0
DA:243,0
DA:244,0
DA:245,0
DA:247,0
DA:248,0
DA:249,0
DA:250,0
DA:251,0
DA:253,0
DA:254,0
DA:255,0
DA:260,0
DA:264,0
DA:265,0
DA:266,0
DA:270,0
DA:271,0
DA:274,0
DA:281,0
DA:284,0
DA:285,0
DA:286,0
DA:289,0
DA:290,0
DA:292,0
DA:293,0
DA:294,0
DA:296,0
DA:297,0
DA:300,0
DA:301,0
DA:302,0
DA:303,0
DA:307,0
DA:311,0
DA:313,0
DA:314,0
DA:315,0
DA:316,0
DA:320,0
LF:76
LH:0
BRDA:188,0,0,0
BRDA:188,0,1,0
BRDA:188,0,2,0
BRDA:188,0,3,0
BRDA:201,1,0,0
BRDA:201,1,1,0
BRDA:201,1,2,0
BRDA:201,1,3,0
BRDA:223,2,0,0
BRDA:226,3,0,0
BRDA:230,4,0,0
BRDA:230,4,1,0
BRDA:232,5,0,0
BRDA:247,6,0,0
BRDA:247,6,1,0
BRDA:249,7,0,0
BRDA:249,7,1,0
BRDA:251,8,0,0
BRDA:254,9,0,0
BRDA:265,10,0,0
BRDA:270,11,0,0
BRDA:290,12,0,0
BRDA:294,13,0,0
BRDA:302,14,0,0
BRDA:315,15,0,0
BRF:25
BRH:0
end_of_record
TN:
SF:src/schemas/document-schemas.ts
FN:17,(anonymous_0)
FN:30,(anonymous_1)
FN:53,(anonymous_2)
FN:69,(anonymous_3)
FN:84,(anonymous_4)
FNF:5
FNH:0
FNDA:0,(anonymous_0)
FNDA:0,(anonymous_1)
FNDA:0,(anonymous_2)
FNDA:0,(anonymous_3)
FNDA:0,(anonymous_4)
DA:4,0
DA:9,0
DA:18,0
DA:26,0
DA:31,0
DA:39,0
DA:48,0
DA:54,0
DA:63,0
DA:70,0
DA:78,0
DA:85,0
DA:93,0
DA:101,0
DA:107,0
DA:110,0
DA:113,0
DA:116,0
LF:18
LH:0
BRDA:18,0,0,0
BRDA:18,0,1,0
BRDA:18,0,2,0
BRDA:31,1,0,0
BRDA:31,1,1,0
BRDA:31,1,2,0
BRDA:54,2,0,0
BRDA:54,2,1,0
BRDA:54,2,2,0
BRDA:54,2,3,0
BRDA:85,3,0,0
BRDA:85,3,1,0
BRDA:85,3,2,0
BRF:13
BRH:0
end_of_record
TN:
SF:src/schemas/goals-schemas.ts
FN:224,calculateTargetProgress
FN:234,isTargetCompleted
FN:251,formatCurrencyValue
FN:270,formatNumberValue
FN:278,validateGoalDate
FN:286,calculateGoalProgress
FN:292,(anonymous_6)
FN:299,getGoalStatus
FNF:8
FNH:0
FNDA:0,calculateTargetProgress
FNDA:0,isTargetCompleted
FNDA:0,formatCurrencyValue
FNDA:0,formatNumberValue
FNDA:0,validateGoalDate
FNDA:0,calculateGoalProgress
FNDA:0,(anonymous_6)
FNDA:0,getGoalStatus
DA:8,0
DA:11,0
DA:14,0
DA:17,0
DA:24,0
DA:27,0
DA:38,0
DA:49,0
DA:54,0
DA:64,0
DA:67,0
DA:73,0
DA:81,0
DA:89,0
DA:96,0
DA:105,0
DA:113,0
DA:122,0
DA:133,0
DA:143,0
DA:150,0
DA:167,0
DA:177,0
DA:195,0
DA:225,0
DA:227,0
DA:228,0
DA:235,0
DA:237,0
DA:242,0
DA:244,0
DA:252,0
DA:259,0
DA:260,0
DA:263,0
DA:271,0
DA:272,0
DA:279,0
DA:280,0
DA:290,0
DA:292,0
DA:293,0
DA:300,0
DA:301,0
DA:303,0
DA:304,0
DA:307,0
DA:308,0
DA:309,0
DA:311,0
DA:312,0
DA:319,0
LF:52
LH:0
BRDA:225,0,0,0
BRDA:235,1,0,0
BRDA:235,1,1,0
BRDA:235,1,2,0
BRDA:235,1,3,0
BRDA:235,1,4,0
BRDA:235,1,5,0
BRDA:251,2,0,0
BRDA:272,3,0,0
BRDA:272,3,1,0
BRDA:290,4,0,0
BRDA:303,5,0,0
BRDA:304,6,0,0
BRDA:311,7,0,0
BRF:14
BRH:0
end_of_record
TN:
SF:src/schemas/time-tracking-schemas.ts
FN:194,convertDuration
FN:212,formatDuration
FN:233,validateTimeRange
FN:241,getCurrentTimestamp
FNF:4
FNH:0
FNDA:0,convertDuration
FNDA:0,formatDuration
FNDA:0,validateTimeRange
FNDA:0,getCurrentTimestamp
DA:8,0
DA:11,0
DA:14,0
DA:17,0
DA:24,0
DA:32,0
DA:44,0
DA:56,0
DA:62,0
DA:80,0
DA:87,0
DA:94,0
DA:104,0
DA:121,0
DA:124,0
DA:130,0
DA:137,0
DA:170,0
DA:195,0
DA:197,0
DA:199,0
DA:201,0
DA:203,0
DA:205,0
DA:213,0
DA:214,0
DA:215,0
DA:217,0
DA:218,0
DA:221,0
DA:222,0
DA:226,0
DA:234,0
DA:235,0
DA:242,0
DA:249,0
LF:36
LH:0
BRDA:195,0,0,0
BRDA:195,0,1,0
BRDA:195,0,2,0
BRDA:195,0,3,0
BRDA:195,0,4,0
BRDA:212,1,0,0
BRDA:217,2,0,0
BRDA:217,2,1,0
BRDA:218,3,0,0
BRDA:218,3,1,0
BRDA:221,4,0,0
BRDA:221,4,1,0
BRDA:222,5,0,0
BRDA:222,5,1,0
BRDA:226,6,0,0
BRDA:226,6,1,0
BRDA:234,7,0,0
BRF:17
BRH:0
end_of_record
TN:
SF:src/schemas/views-schemas.ts
FN:209,(anonymous_0)
FN:213,(anonymous_1)
FN:220,(anonymous_2)
FN:228,(anonymous_3)
FN:229,(anonymous_4)
FN:238,(anonymous_5)
FN:256,(anonymous_6)
FNF:7
FNH:0
FNDA:0,(anonymous_0)
FNDA:0,(anonymous_1)
FNDA:0,(anonymous_2)
FNDA:0,(anonymous_3)
FNDA:0,(anonymous_4)
FNDA:0,(anonymous_5)
FNDA:0,(anonymous_6)
DA:4,0
DA:20,0
DA:27,0
DA:49,0
DA:57,0
DA:64,0
DA:70,0
DA:85,0
DA:93,0
DA:102,0
DA:113,0
DA:122,0
DA:136,0
DA:148,0
DA:156,0
DA:162,0
DA:168,0
DA:174,0
DA:180,0
DA:209,0
DA:213,0
DA:220,0
DA:228,0
DA:229,0
DA:238,0
DA:239,0
DA:242,0
DA:245,0
DA:250,0
DA:252,0
DA:256,0
DA:257,0
DA:259,0
DA:262,0
DA:264,0
LF:35
LH:0
BRDA:239,0,0,0
BRDA:239,0,1,0
BRDA:239,0,2,0
BRDA:239,0,3,0
BRDA:239,0,4,0
BRDA:239,0,5,0
BRDA:239,0,6,0
BRDA:239,0,7,0
BRDA:239,0,8,0
BRDA:242,1,0,0
BRDA:242,1,1,0
BRDA:257,2,0,0
BRDA:257,2,1,0
BRDA:257,2,2,0
BRDA:257,2,3,0
BRF:15
BRH:0
end_of_record
TN:
SF:src/schemas/webhook-schemas.ts
FN:144,(anonymous_0)
FN:148,(anonymous_1)
FN:157,(anonymous_2)
FNF:3
FNH:0
FNDA:0,(anonymous_0)
FNDA:0,(anonymous_1)
FNDA:0,(anonymous_2)
DA:4,0
DA:12,0
DA:19,0
DA:26,0
DA:34,0
DA:41,0
DA:57,0
DA:65,0
DA:91,0
DA:99,0
DA:108,0
DA:115,0
DA:122,0
DA:144,0
DA:145,0
DA:148,0
DA:149,0
DA:154,0
DA:157,0
DA:158,0
LF:20
LH:0
BRDA:154,0,0,0
BRDA:154,0,1,0
BRF:2
BRH:0
end_of_record
TN:
SF:src/tools/attachments-tools-setup.ts
FN:20,setupAttachmentsTools
FN:39,(anonymous_1)
FN:76,(anonymous_2)
FN:105,(anonymous_3)
FN:136,(anonymous_4)
FN:165,(anonymous_5)
FN:193,(anonymous_6)
FN:236,(anonymous_7)
FN:276,(anonymous_8)
FN:307,(anonymous_9)
FN:338,(anonymous_10)
FN:372,(anonymous_11)
FN:407,(anonymous_12)
FN:439,(anonymous_13)
FN:471,(anonymous_14)
FNF:15
FNH:0
FNDA:0,setupAttachmentsTools
FNDA:0,(anonymous_1)
FNDA:0,(anonymous_2)
FNDA:0,(anonymous_3)
FNDA:0,(anonymous_4)
FNDA:0,(anonymous_5)
FNDA:0,(anonymous_6)
FNDA:0,(anonymous_7)
FNDA:0,(anonymous_8)
FNDA:0,(anonymous_9)
FNDA:0,(anonymous_10)
FNDA:0,(anonymous_11)
FNDA:0,(anonymous_12)
FNDA:0,(anonymous_13)
FNDA:0,(anonymous_14)
DA:17,0
DA:18,0
DA:26,0
DA:40,0
DA:41,0
DA:42,0
DA:44,0
DA:51,0
DA:62,0
DA:77,0
DA:78,0
DA:79,0
DA:81,0
DA:88,0
DA:99,0
DA:106,0
DA:107,0
DA:109,0
DA:116,0
DA:127,0
DA:137,0
DA:138,0
DA:139,0
DA:141,0
DA:148,0
DA:159,0
DA:166,0
DA:167,0
DA:169,0
DA:176,0
DA:187,0
DA:194,0
DA:195,0
DA:197,0
DA:204,0
DA:219,0
DA:237,0
DA:238,0
DA:252,0
DA:259,0
DA:270,0
DA:277,0
DA:278,0
DA:280,0
DA:287,0
DA:298,0
DA:308,0
DA:309,0
DA:310,0
DA:312,0
DA:319,0
DA:330,0
DA:339,0
DA:340,0
DA:346,0
DA:353,0
DA:364,0
DA:373,0
DA:374,0
DA:380,0
DA:387,0
DA:398,0
DA:408,0
DA:409,0
DA:415,0
DA:422,0
DA:433,0
DA:440,0
DA:441,0
DA:443,0
DA:450,0
DA:461,0
DA:472,0
DA:473,0
DA:474,0
DA:476,0
DA:483,0
LF:77
LH:0
BRDA:54,0,0,0
BRDA:54,0,1,0
BRDA:91,1,0,0
BRDA:91,1,1,0
BRDA:119,2,0,0
BRDA:119,2,1,0
BRDA:151,3,0,0
BRDA:151,3,1,0
BRDA:179,4,0,0
BRDA:179,4,1,0
BRDA:207,5,0,0
BRDA:207,5,1,0
BRDA:262,6,0,0
BRDA:262,6,1,0
BRDA:290,7,0,0
BRDA:290,7,1,0
BRDA:322,8,0,0
BRDA:322,8,1,0
BRDA:356,9,0,0
BRDA:356,9,1,0
BRDA:390,10,0,0
BRDA:390,10,1,0
BRDA:425,11,0,0
BRDA:425,11,1,0
BRDA:453,12,0,0
BRDA:453,12,1,0
BRDA:486,13,0,0
BRDA:486,13,1,0
BRF:28
BRH:0
end_of_record
TN:
SF:src/tools/checklist-tools.ts
FN:10,setupChecklistTools
FN:19,(anonymous_1)
FN:44,(anonymous_2)
FN:68,(anonymous_3)
FN:95,(anonymous_4)
FN:127,(anonymous_5)
FN:157,(anonymous_6)
FNF:7
FNH:0
FNDA:0,setupChecklistTools
FNDA:0,(anonymous_1)
FNDA:0,(anonymous_2)
FNDA:0,(anonymous_3)
FNDA:0,(anonymous_4)
FNDA:0,(anonymous_5)
FNDA:0,(anonymous_6)
DA:7,0
DA:8,0
DA:12,0
DA:20,0
DA:21,0
DA:23,0
DA:27,0
DA:28,0
DA:37,0
DA:45,0
DA:46,0
DA:48,0
DA:52,0
DA:53,0
DA:62,0
DA:69,0
DA:70,0
DA:72,0
DA:76,0
DA:77,0
DA:86,0
DA:96,0
DA:97,0
DA:98,0
DA:99,0
DA:101,0
DA:103,0
DA:107,0
DA:108,0
DA:117,0
DA:128,0
DA:129,0
DA:130,0
DA:131,0
DA:132,0
DA:134,0
DA:136,0
DA:140,0
DA:141,0
DA:150,0
DA:158,0
DA:159,0
DA:161,0
DA:165,0
DA:166,0
LF:45
LH:0
BRDA:98,0,0,0
BRDA:99,1,0,0
BRDA:130,2,0,0
BRDA:131,3,0,0
BRDA:132,4,0,0
BRF:5
BRH:0
end_of_record
TN:
SF:src/tools/comment-tools.ts
FN:22,formatCommentResponse
FN:38,(anonymous_1)
FN:57,setupCommentTools
FN:66,(anonymous_3)
FN:91,(anonymous_4)
FN:135,(anonymous_5)
FN:184,(anonymous_6)
FN:209,(anonymous_7)
FN:234,(anonymous_8)
FN:260,(anonymous_9)
FN:286,(anonymous_10)
FN:309,(anonymous_11)
FN:334,(anonymous_12)
FN:359,(anonymous_13)
FNF:14
FNH:0
FNDA:0,formatCommentResponse
FNDA:0,(anonymous_1)
FNDA:0,setupCommentTools
FNDA:0,(anonymous_3)
FNDA:0,(anonymous_4)
FNDA:0,(anonymous_5)
FNDA:0,(anonymous_6)
FNDA:0,(anonymous_7)
FNDA:0,(anonymous_8)
FNDA:0,(anonymous_9)
FNDA:0,(anonymous_10)
FNDA:0,(anonymous_11)
FNDA:0,(anonymous_12)
FNDA:0,(anonymous_13)
DA:16,0
DA:17,0
DA:23,0
DA:25,0
DA:26,0
DA:33,0
DA:37,0
DA:38,0
DA:39,0
DA:40,0
DA:46,0
DA:50,0
DA:52,0
DA:53,0
DA:59,0
DA:67,0
DA:68,0
DA:69,0
DA:73,0
DA:74,0
DA:83,0
DA:92,0
DA:93,0
DA:94,0
DA:95,0
DA:99,0
DA:100,0
DA:109,0
DA:136,0
DA:138,0
DA:141,0
DA:148,0
DA:149,0
DA:150,0
DA:151,0
DA:152,0
DA:153,0
DA:155,0
DA:158,0
DA:159,0
DA:160,0
DA:162,0
DA:166,0
DA:167,0
DA:176,0
DA:185,0
DA:186,0
DA:187,0
DA:191,0
DA:192,0
DA:201,0
DA:210,0
DA:211,0
DA:212,0
DA:216,0
DA:217,0
DA:226,0
DA:235,0
DA:236,0
DA:237,0
DA:241,0
DA:242,0
DA:251,0
DA:261,0
DA:262,0
DA:263,0
DA:267,0
DA:268,0
DA:277,0
DA:287,0
DA:288,0
DA:289,0
DA:293,0
DA:294,0
DA:303,0
DA:310,0
DA:311,0
DA:312,0
DA:316,0
DA:317,0
DA:326,0
DA:335,0
DA:336,0
DA:337,0
DA:341,0
DA:342,0
DA:351,0
DA:360,0
DA:361,0
DA:362,0
DA:366,0
DA:367,0
LF:92
LH:0
BRDA:25,0,0,0
BRDA:28,1,0,0
BRDA:28,1,1,0
BRDA:37,2,0,0
BRDA:37,3,0,0
BRDA:37,3,1,0
BRDA:39,4,0,0
BRDA:142,5,0,0
BRDA:142,5,1,0
BRF:9
BRH:0
end_of_record
TN:
SF:src/tools/custom-field-tools.ts
FN:11,setupCustomFieldTools
FN:25,(anonymous_1)
FN:84,(anonymous_2)
FN:142,(anonymous_3)
FN:186,(anonymous_4)
FN:218,(anonymous_5)
FN:245,(anonymous_6)
FN:272,(anonymous_7)
FN:302,(anonymous_8)
FN:305,(anonymous_9)
FN:334,(anonymous_10)
FN:370,(anonymous_11)
FN:426,(anonymous_12)
FN:429,(anonymous_13)
FN:485,(anonymous_14)
FN:541,(anonymous_15)
FN:596,(anonymous_16)
FN:652,(anonymous_17)
FN:668,(anonymous_18)
FNF:19
FNH:0
FNDA:0,setupCustomFieldTools
FNDA:0,(anonymous_1)
FNDA:0,(anonymous_2)
FNDA:0,(anonymous_3)
FNDA:0,(anonymous_4)
FNDA:0,(anonymous_5)
FNDA:0,(anonymous_6)
FNDA:0,(anonymous_7)
FNDA:0,(anonymous_8)
FNDA:0,(anonymous_9)
FNDA:0,(anonymous_10)
FNDA:0,(anonymous_11)
FNDA:0,(anonymous_12)
FNDA:0,(anonymous_13)
FNDA:0,(anonymous_14)
FNDA:0,(anonymous_15)
FNDA:0,(anonymous_16)
FNDA:0,(anonymous_17)
FNDA:0,(anonymous_18)
DA:8,0
DA:9,0
DA:17,0
DA:26,0
DA:29,0
DA:31,0
DA:32,0
DA:34,0
DA:35,0
DA:37,0
DA:38,0
DA:40,0
DA:43,0
DA:50,0
DA:51,0
DA:63,0
DA:85,0
DA:87,0
DA:89,0
DA:98,0
DA:100,0
DA:101,0
DA:103,0
DA:104,0
DA:106,0
DA:107,0
DA:109,0
DA:112,0
DA:119,0
DA:120,0
DA:132,0
DA:143,0
DA:145,0
DA:147,0
DA:153,0
DA:160,0
DA:167,0
DA:168,0
DA:180,0
DA:187,0
DA:188,0
DA:190,0
DA:197,0
DA:198,0
DA:210,0
DA:219,0
DA:220,0
DA:222,0
DA:229,0
DA:230,0
DA:238,0
DA:246,0
DA:247,0
DA:249,0
DA:256,0
DA:257,0
DA:265,0
DA:273,0
DA:274,0
DA:276,0
DA:283,0
DA:284,0
DA:292,0
DA:303,0
DA:305,0
DA:310,0
DA:312,0
DA:319,0
DA:320,0
DA:328,0
DA:335,0
DA:336,0
DA:338,0
DA:345,0
DA:346,0
DA:358,0
DA:371,0
DA:372,0
DA:377,0
DA:386,0
DA:388,0
DA:389,0
DA:391,0
DA:392,0
DA:394,0
DA:395,0
DA:398,0
DA:405,0
DA:406,0
DA:414,0
DA:427,0
DA:428,0
DA:429,0
DA:436,0
DA:445,0
DA:447,0
DA:448,0
DA:450,0
DA:451,0
DA:453,0
DA:454,0
DA:457,0
DA:464,0
DA:465,0
DA:473,0
DA:486,0
DA:487,0
DA:492,0
DA:501,0
DA:503,0
DA:504,0
DA:506,0
DA:507,0
DA:509,0
DA:510,0
DA:513,0
DA:520,0
DA:521,0
DA:529,0
DA:542,0
DA:543,0
DA:548,0
DA:557,0
DA:559,0
DA:560,0
DA:562,0
DA:563,0
DA:565,0
DA:566,0
DA:569,0
DA:576,0
DA:577,0
DA:585,0
DA:597,0
DA:598,0
DA:602,0
DA:611,0
DA:613,0
DA:614,0
DA:616,0
DA:617,0
DA:619,0
DA:620,0
DA:623,0
DA:630,0
DA:631,0
DA:643,0
DA:653,0
DA:656,0
DA:658,0
DA:659,0
DA:661,0
DA:662,0
DA:664,0
DA:665,0
DA:668,0
DA:669,0
DA:670,0
DA:677,0
DA:679,0
DA:686,0
DA:687,0
LF:162
LH:0
BRDA:29,0,0,0
BRDA:29,0,1,0
BRDA:29,0,2,0
BRDA:29,0,3,0
BRDA:87,1,0,0
BRDA:87,1,1,0
BRDA:98,2,0,0
BRDA:98,2,1,0
BRDA:98,2,2,0
BRDA:98,2,3,0
BRDA:145,3,0,0
BRDA:145,4,0,0
BRDA:145,4,1,0
BRDA:145,4,2,0
BRDA:145,4,3,0
BRDA:386,5,0,0
BRDA:386,5,1,0
BRDA:386,5,2,0
BRDA:431,6,0,0
BRDA:431,6,1,0
BRDA:445,7,0,0
BRDA:445,7,1,0
BRDA:445,7,2,0
BRDA:501,8,0,0
BRDA:501,8,1,0
BRDA:501,8,2,0
BRDA:557,9,0,0
BRDA:557,9,1,0
BRDA:557,9,2,0
BRDA:572,10,0,0
BRDA:572,10,1,0
BRDA:611,11,0,0
BRDA:611,11,1,0
BRDA:611,11,2,0
BRDA:656,12,0,0
BRDA:656,12,1,0
BRDA:656,12,2,0
BRDA:669,13,0,0
BRF:38
BRH:0
end_of_record
TN:
SF:src/tools/dependencies-tools-setup.ts
FN:20,setupDependenciesTools
FN:35,(anonymous_1)
FN:67,(anonymous_2)
FN:98,(anonymous_3)
FN:127,(anonymous_4)
FN:159,(anonymous_5)
FN:192,(anonymous_6)
FN:229,(anonymous_7)
FN:262,(anonymous_8)
FN:293,(anonymous_9)
FN:325,(anonymous_10)
FN:354,(anonymous_11)
FN:384,(anonymous_12)
FNF:13
FNH:0
FNDA:0,setupDependenciesTools
FNDA:0,(anonymous_1)
FNDA:0,(anonymous_2)
FNDA:0,(anonymous_3)
FNDA:0,(anonymous_4)
FNDA:0,(anonymous_5)
FNDA:0,(anonymous_6)
FNDA:0,(anonymous_7)
FNDA:0,(anonymous_8)
FNDA:0,(anonymous_9)
FNDA:0,(anonymous_10)
FNDA:0,(anonymous_11)
FNDA:0,(anonymous_12)
DA:17,0
DA:18,0
DA:26,0
DA:36,0
DA:37,0
DA:38,0
DA:40,0
DA:47,0
DA:58,0
DA:68,0
DA:69,0
DA:70,0
DA:72,0
DA:79,0
DA:90,0
DA:99,0
DA:100,0
DA:101,0
DA:103,0
DA:110,0
DA:121,0
DA:128,0
DA:129,0
DA:131,0
DA:138,0
DA:149,0
DA:160,0
DA:161,0
DA:162,0
DA:164,0
DA:171,0
DA:182,0
DA:193,0
DA:194,0
DA:195,0
DA:197,0
DA:204,0
DA:219,0
DA:230,0
DA:231,0
DA:238,0
DA:245,0
DA:256,0
DA:263,0
DA:264,0
DA:266,0
DA:273,0
DA:284,0
DA:294,0
DA:295,0
DA:301,0
DA:308,0
DA:319,0
DA:326,0
DA:327,0
DA:329,0
DA:336,0
DA:347,0
DA:355,0
DA:356,0
DA:357,0
DA:359,0
DA:366,0
DA:377,0
DA:385,0
DA:386,0
DA:388,0
DA:395,0
LF:68
LH:0
BRDA:50,0,0,0
BRDA:50,0,1,0
BRDA:82,1,0,0
BRDA:82,1,1,0
BRDA:113,2,0,0
BRDA:113,2,1,0
BRDA:141,3,0,0
BRDA:141,3,1,0
BRDA:174,4,0,0
BRDA:174,4,1,0
BRDA:207,5,0,0
BRDA:207,5,1,0
BRDA:248,6,0,0
BRDA:248,6,1,0
BRDA:276,7,0,0
BRDA:276,7,1,0
BRDA:311,8,0,0
BRDA:311,8,1,0
BRDA:339,9,0,0
BRDA:339,9,1,0
BRDA:369,10,0,0
BRDA:369,10,1,0
BRDA:398,11,0,0
BRDA:398,11,1,0
BRF:24
BRH:0
end_of_record
TN:
SF:src/tools/doc-tools-enhanced.ts
FN:13,setupEnhancedDocTools
FN:27,(anonymous_1)
FN:61,(anonymous_2)
FN:87,(anonymous_3)
FN:117,(anonymous_4)
FN:149,(anonymous_5)
FN:194,(anonymous_6)
FN:232,(anonymous_7)
FN:258,(anonymous_8)
FN:293,(anonymous_9)
FN:330,(anonymous_10)
FN:370,(anonymous_11)
FN:400,(anonymous_12)
FN:431,(anonymous_13)
FN:481,(anonymous_14)
FNF:15
FNH:0
FNDA:0,setupEnhancedDocTools
FNDA:0,(anonymous_1)
FNDA:0,(anonymous_2)
FNDA:0,(anonymous_3)
FNDA:0,(anonymous_4)
FNDA:0,(anonymous_5)
FNDA:0,(anonymous_6)
FNDA:0,(anonymous_7)
FNDA:0,(anonymous_8)
FNDA:0,(anonymous_9)
FNDA:0,(anonymous_10)
FNDA:0,(anonymous_11)
FNDA:0,(anonymous_12)
FNDA:0,(anonymous_13)
FNDA:0,(anonymous_14)
DA:9,0
DA:10,0
DA:11,0
DA:19,0
DA:28,0
DA:29,0
DA:31,0
DA:32,0
DA:33,0
DA:34,0
DA:35,0
DA:40,0
DA:44,0
DA:45,0
DA:53,0
DA:62,0
DA:63,0
DA:64,0
DA:68,0
DA:69,0
DA:77,0
DA:88,0
DA:89,0
DA:96,0
DA:100,0
DA:101,0
DA:109,0
DA:118,0
DA:119,0
DA:120,0
DA:124,0
DA:125,0
DA:137,0
DA:150,0
DA:152,0
DA:153,0
DA:159,0
DA:169,0
DA:176,0
DA:177,0
DA:185,0
DA:195,0
DA:197,0
DA:198,0
DA:204,0
DA:210,0
DA:217,0
DA:218,0
DA:226,0
DA:233,0
DA:234,0
DA:236,0
DA:243,0
DA:244,0
DA:252,0
DA:259,0
DA:260,0
DA:262,0
DA:269,0
DA:270,0
DA:282,0
DA:294,0
DA:295,0
DA:303,0
DA:310,0
DA:311,0
DA:319,0
DA:331,0
DA:333,0
DA:334,0
DA:340,0
DA:347,0
DA:354,0
DA:355,0
DA:363,0
DA:371,0
DA:372,0
DA:374,0
DA:381,0
DA:382,0
DA:394,0
DA:401,0
DA:402,0
DA:404,0
DA:411,0
DA:412,0
DA:420,0
DA:432,0
DA:434,0
DA:436,0
DA:442,0
DA:450,0
DA:457,0
DA:458,0
DA:470,0
DA:482,0
DA:484,0
DA:485,0
DA:491,0
DA:499,0
DA:506,0
DA:507,0
LF:102
LH:0
BRDA:32,0,0,0
BRDA:34,1,0,0
BRDA:41,2,0,0
BRDA:41,2,1,0
BRDA:152,3,0,0
BRDA:152,4,0,0
BRDA:152,4,1,0
BRDA:152,4,2,0
BRDA:197,5,0,0
BRDA:197,6,0,0
BRDA:197,6,1,0
BRDA:197,6,2,0
BRDA:333,7,0,0
BRDA:333,8,0,0
BRDA:333,8,1,0
BRDA:333,8,2,0
BRDA:333,8,3,0
BRDA:434,9,0,0
BRDA:434,10,0,0
BRDA:434,10,1,0
BRDA:434,10,2,0
BRDA:434,10,3,0
BRDA:434,10,4,0
BRDA:484,11,0,0
BRDA:484,12,0,0
BRDA:484,12,1,0
BRDA:484,12,2,0
BRF:27
BRH:0
end_of_record
TN:
SF:src/tools/doc-tools.ts
FN:12,setupDocTools
FN:21,(anonymous_1)
FN:58,(anonymous_2)
FN:87,(anonymous_3)
FN:119,(anonymous_4)
FNF:5
FNH:0
FNDA:0,setupDocTools
FNDA:0,(anonymous_1)
FNDA:0,(anonymous_2)
FNDA:0,(anonymous_3)
FNDA:0,(anonymous_4)
DA:8,0
DA:9,0
DA:10,0
DA:14,0
DA:22,0
DA:24,0
DA:27,0
DA:28,0
DA:29,0
DA:30,0
DA:31,0
DA:36,0
DA:40,0
DA:41,0
DA:50,0
DA:59,0
DA:61,0
DA:63,0
DA:67,0
DA:68,0
DA:77,0
DA:88,0
DA:90,0
DA:97,0
DA:101,0
DA:102,0
DA:111,0
DA:120,0
DA:122,0
DA:124,0
DA:128,0
DA:129,0
LF:32
LH:0
BRDA:28,0,0,0
BRDA:30,1,0,0
BRDA:37,2,0,0
BRDA:37,2,1,0
BRDA:92,3,0,0
BRDA:92,3,1,0
BRDA:93,4,0,0
BRDA:93,4,1,0
BRDA:94,5,0,0
BRDA:94,5,1,0
BRF:10
BRH:0
end_of_record
TN:
SF:src/tools/goals-tools.ts
FN:18,setupGoalsTools
FN:31,(anonymous_1)
FN:63,(anonymous_2)
FN:112,(anonymous_3)
FN:155,(anonymous_4)
FN:181,(anonymous_5)
FN:193,(anonymous_6)
FN:230,(anonymous_7)
FN:272,(anonymous_8)
FN:307,(anonymous_9)
FN:337,(anonymous_10)
FN:375,(anonymous_11)
FN:426,(anonymous_12)
FN:472,(anonymous_13)
FN:500,(anonymous_14)
FNF:15
FNH:0
FNDA:0,setupGoalsTools
FNDA:0,(anonymous_1)
FNDA:0,(anonymous_2)
FNDA:0,(anonymous_3)
FNDA:0,(anonymous_4)
FNDA:0,(anonymous_5)
FNDA:0,(anonymous_6)
FNDA:0,(anonymous_7)
FNDA:0,(anonymous_8)
FNDA:0,(anonymous_9)
FNDA:0,(anonymous_10)
FNDA:0,(anonymous_11)
FNDA:0,(anonymous_12)
FNDA:0,(anonymous_13)
FNDA:0,(anonymous_14)
DA:15,0
DA:16,0
DA:24,0
DA:32,0
DA:33,0
DA:35,0
DA:42,0
DA:43,0
DA:51,0
DA:64,0
DA:66,0
DA:67,0
DA:73,0
DA:82,0
DA:84,0
DA:91,0
DA:92,0
DA:100,0
DA:113,0
DA:115,0
DA:116,0
DA:122,0
DA:131,0
DA:133,0
DA:140,0
DA:141,0
DA:149,0
DA:156,0
DA:157,0
DA:159,0
DA:166,0
DA:167,0
DA:175,0
DA:182,0
DA:183,0
DA:186,0
DA:193,0
DA:197,0
DA:204,0
DA:205,0
DA:217,0
DA:231,0
DA:232,0
DA:242,0
DA:244,0
DA:251,0
DA:252,0
DA:260,0
DA:273,0
DA:274,0
DA:282,0
DA:284,0
DA:291,0
DA:292,0
DA:300,0
DA:308,0
DA:309,0
DA:311,0
DA:318,0
DA:319,0
DA:331,0
DA:338,0
DA:339,0
DA:341,0
DA:348,0
DA:349,0
DA:361,0
DA:376,0
DA:378,0
DA:388,0
DA:396,0
DA:403,0
DA:404,0
DA:412,0
DA:427,0
DA:429,0
DA:439,0
DA:448,0
DA:450,0
DA:457,0
DA:458,0
DA:466,0
DA:473,0
DA:474,0
DA:476,0
DA:477,0
DA:479,0
DA:480,0
DA:481,0
DA:482,0
DA:484,0
DA:485,0
DA:487,0
DA:490,0
DA:493,0
DA:500,0
DA:507,0
DA:514,0
DA:515,0
LF:99
LH:0
BRDA:66,0,0,0
BRDA:115,1,0,0
BRDA:115,2,0,0
BRDA:115,2,1,0
BRDA:484,3,0,0
BRDA:484,3,1,0
BRDA:485,4,0,0
BRDA:485,4,1,0
BRDA:485,5,0,0
BRDA:485,5,1,0
BRDA:487,6,0,0
BRDA:487,6,1,0
BRDA:487,7,0,0
BRDA:487,7,1,0
BRDA:504,8,0,0
BRDA:504,8,1,0
BRF:16
BRH:0
end_of_record
TN:
SF:src/tools/space-tools.ts
FN:10,setupSpaceTools
FN:16,(anonymous_1)
FN:40,(anonymous_2)
FNF:3
FNH:0
FNDA:0,setupSpaceTools
FNDA:0,(anonymous_1)
FNDA:0,(anonymous_2)
DA:7,0
DA:8,0
DA:12,0
DA:17,0
DA:18,0
DA:19,0
DA:20,0
DA:22,0
DA:26,0
DA:27,0
DA:36,0
DA:41,0
DA:42,0
DA:43,0
DA:44,0
DA:46,0
DA:50,0
DA:51,0
LF:18
LH:0
BRF:0
BRH:0
end_of_record
TN:
SF:src/tools/task-tools.ts
FN:16,setupTaskTools
FN:22,(anonymous_1)
FN:42,(anonymous_2)
FN:70,(anonymous_3)
FN:93,(anonymous_4)
FN:128,(anonymous_5)
FN:161,(anonymous_6)
FN:185,(anonymous_7)
FN:216,(anonymous_8)
FN:239,(anonymous_9)
FN:261,(anonymous_10)
FN:283,(anonymous_11)
FN:307,(anonymous_12)
FN:338,(anonymous_13)
FN:360,(anonymous_14)
FN:383,(anonymous_15)
FN:405,(anonymous_16)
FN:428,(anonymous_17)
FN:451,(anonymous_18)
FN:475,(anonymous_19)
FN:499,(anonymous_20)
FNF:21
FNH:0
FNDA:0,setupTaskTools
FNDA:0,(anonymous_1)
FNDA:0,(anonymous_2)
FNDA:0,(anonymous_3)
FNDA:0,(anonymous_4)
FNDA:0,(anonymous_5)
FNDA:0,(anonymous_6)
FNDA:0,(anonymous_7)
FNDA:0,(anonymous_8)
FNDA:0,(anonymous_9)
FNDA:0,(anonymous_10)
FNDA:0,(anonymous_11)
FNDA:0,(anonymous_12)
FNDA:0,(anonymous_13)
FNDA:0,(anonymous_14)
FNDA:0,(anonymous_15)
FNDA:0,(anonymous_16)
FNDA:0,(anonymous_17)
FNDA:0,(anonymous_18)
FNDA:0,(anonymous_19)
FNDA:0,(anonymous_20)
DA:10,0
DA:11,0
DA:12,0
DA:13,0
DA:14,0
DA:18,0
DA:23,0
DA:24,0
DA:25,0
DA:29,0
DA:30,0
DA:38,0
DA:43,0
DA:44,0
DA:45,0
DA:49,0
DA:50,0
DA:59,0
DA:71,0
DA:72,0
DA:73,0
DA:77,0
DA:78,0
DA:86,0
DA:94,0
DA:95,0
DA:96,0
DA:100,0
DA:101,0
DA:109,0
DA:129,0
DA:130,0
DA:131,0
DA:135,0
DA:136,0
DA:144,0
DA:162,0
DA:163,0
DA:164,0
DA:168,0
DA:169,0
DA:178,0
DA:186,0
DA:188,0
DA:189,0
DA:190,0
DA:191,0
DA:193,0
DA:196,0
DA:200,0
DA:201,0
DA:209,0
DA:217,0
DA:218,0
DA:219,0
DA:223,0
DA:224,0
DA:232,0
DA:240,0
DA:241,0
DA:242,0
DA:246,0
DA:247,0
DA:255,0
DA:262,0
DA:263,0
DA:264,0
DA:268,0
DA:269,0
DA:277,0
DA:284,0
DA:285,0
DA:286,0
DA:290,0
DA:291,0
DA:299,0
DA:308,0
DA:310,0
DA:311,0
DA:312,0
DA:313,0
DA:315,0
DA:318,0
DA:322,0
DA:323,0
DA:331,0
DA:339,0
DA:340,0
DA:341,0
DA:345,0
DA:346,0
DA:354,0
DA:361,0
DA:362,0
DA:363,0
DA:367,0
DA:368,0
DA:376,0
DA:384,0
DA:385,0
DA:386,0
DA:390,0
DA:391,0
DA:399,0
DA:406,0
DA:407,0
DA:408,0
DA:412,0
DA:413,0
DA:421,0
DA:429,0
DA:430,0
DA:431,0
DA:435,0
DA:436,0
DA:444,0
DA:452,0
DA:453,0
DA:454,0
DA:458,0
DA:459,0
DA:467,0
DA:476,0
DA:477,0
DA:478,0
DA:482,0
DA:483,0
DA:491,0
DA:500,0
DA:501,0
DA:502,0
DA:506,0
DA:507,0
LF:133
LH:0
BRDA:188,0,0,0
BRDA:188,0,1,0
BRDA:190,1,0,0
BRDA:190,1,1,0
BRDA:310,2,0,0
BRDA:310,2,1,0
BRDA:312,3,0,0
BRDA:312,3,1,0
BRF:8
BRH:0
end_of_record
TN:
SF:src/tools/time-tracking-tools.ts
FN:18,setupTimeTrackingTools
FN:39,(anonymous_1)
FN:88,(anonymous_2)
FN:135,(anonymous_3)
FN:171,(anonymous_4)
FN:202,(anonymous_5)
FN:230,(anonymous_6)
FN:258,(anonymous_7)
FN:295,(anonymous_8)
FN:310,(anonymous_9)
FN:351,(anonymous_10)
FN:391,(anonymous_11)
FNF:12
FNH:0
FNDA:0,setupTimeTrackingTools
FNDA:0,(anonymous_1)
FNDA:0,(anonymous_2)
FNDA:0,(anonymous_3)
FNDA:0,(anonymous_4)
FNDA:0,(anonymous_5)
FNDA:0,(anonymous_6)
FNDA:0,(anonymous_7)
FNDA:0,(anonymous_8)
FNDA:0,(anonymous_9)
FNDA:0,(anonymous_10)
FNDA:0,(anonymous_11)
DA:15,0
DA:16,0
DA:24,0
DA:40,0
DA:41,0
DA:53,0
DA:55,0
DA:62,0
DA:63,0
DA:71,0
DA:89,0
DA:90,0
DA:100,0
DA:102,0
DA:109,0
DA:110,0
DA:118,0
DA:136,0
DA:137,0
DA:146,0
DA:148,0
DA:155,0
DA:156,0
DA:164,0
DA:172,0
DA:173,0
DA:175,0
DA:182,0
DA:183,0
DA:195,0
DA:203,0
DA:204,0
DA:206,0
DA:213,0
DA:214,0
DA:222,0
DA:231,0
DA:232,0
DA:234,0
DA:241,0
DA:242,0
DA:250,0
DA:259,0
DA:260,0
DA:262,0
DA:269,0
DA:270,0
DA:282,0
DA:296,0
DA:297,0
DA:307,0
DA:310,0
DA:312,0
DA:319,0
DA:326,0
DA:327,0
DA:339,0
DA:352,0
DA:353,0
DA:356,0
DA:365,0
DA:367,0
DA:374,0
DA:375,0
DA:383,0
DA:392,0
DA:393,0
DA:394,0
DA:396,0
DA:403,0
DA:404,0
LF:71
LH:0
BRF:0
BRH:0
end_of_record
TN:
SF:src/tools/views-tools-setup.ts
FN:30,setupViewsTools
FN:57,(anonymous_1)
FN:89,(anonymous_2)
FN:118,(anonymous_3)
FN:159,(anonymous_4)
FN:188,(anonymous_5)
FN:217,(anonymous_6)
FN:247,(anonymous_7)
FN:277,(anonymous_8)
FN:313,(anonymous_9)
FN:347,(anonymous_10)
FN:376,(anonymous_11)
FN:407,(anonymous_12)
FN:437,(anonymous_13)
FNF:14
FNH:0
FNDA:0,setupViewsTools
FNDA:0,(anonymous_1)
FNDA:0,(anonymous_2)
FNDA:0,(anonymous_3)
FNDA:0,(anonymous_4)
FNDA:0,(anonymous_5)
FNDA:0,(anonymous_6)
FNDA:0,(anonymous_7)
FNDA:0,(anonymous_8)
FNDA:0,(anonymous_9)
FNDA:0,(anonymous_10)
FNDA:0,(anonymous_11)
FNDA:0,(anonymous_12)
FNDA:0,(anonymous_13)
DA:27,0
DA:28,0
DA:36,0
DA:58,0
DA:59,0
DA:60,0
DA:62,0
DA:69,0
DA:80,0
DA:90,0
DA:91,0
DA:92,0
DA:94,0
DA:101,0
DA:112,0
DA:119,0
DA:120,0
DA:122,0
DA:129,0
DA:140,0
DA:160,0
DA:161,0
DA:162,0
DA:164,0
DA:171,0
DA:182,0
DA:189,0
DA:190,0
DA:192,0
DA:199,0
DA:210,0
DA:218,0
DA:219,0
DA:220,0
DA:222,0
DA:229,0
DA:240,0
DA:248,0
DA:249,0
DA:250,0
DA:252,0
DA:259,0
DA:270,0
DA:278,0
DA:279,0
DA:280,0
DA:282,0
DA:289,0
DA:300,0
DA:314,0
DA:315,0
DA:316,0
DA:318,0
DA:325,0
DA:340,0
DA:348,0
DA:349,0
DA:351,0
DA:358,0
DA:369,0
DA:377,0
DA:378,0
DA:380,0
DA:387,0
DA:398,0
DA:408,0
DA:409,0
DA:410,0
DA:412,0
DA:419,0
DA:430,0
DA:438,0
DA:439,0
DA:441,0
DA:448,0
LF:75
LH:0
BRDA:72,0,0,0
BRDA:72,0,1,0
BRDA:104,1,0,0
BRDA:104,1,1,0
BRDA:132,2,0,0
BRDA:132,2,1,0
BRDA:174,3,0,0
BRDA:174,3,1,0
BRDA:202,4,0,0
BRDA:202,4,1,0
BRDA:232,5,0,0
BRDA:232,5,1,0
BRDA:262,6,0,0
BRDA:262,6,1,0
BRDA:292,7,0,0
BRDA:292,7,1,0
BRDA:328,8,0,0
BRDA:328,8,1,0
BRDA:361,9,0,0
BRDA:361,9,1,0
BRDA:390,10,0,0
BRDA:390,10,1,0
BRDA:422,11,0,0
BRDA:422,11,1,0
BRDA:451,12,0,0
BRDA:451,12,1,0
BRF:26
BRH:0
end_of_record
TN:
SF:src/tools/webhook-tools-setup.ts
FN:18,setupWebhookTools
FN:42,(anonymous_1)
FN:73,(anonymous_2)
FN:102,(anonymous_3)
FN:143,(anonymous_4)
FN:172,(anonymous_5)
FN:201,(anonymous_6)
FN:229,(anonymous_7)
FN:259,(anonymous_8)
FN:292,(anonymous_9)
FN:332,(anonymous_10)
FN:361,(anonymous_11)
FNF:12
FNH:0
FNDA:0,setupWebhookTools
FNDA:0,(anonymous_1)
FNDA:0,(anonymous_2)
FNDA:0,(anonymous_3)
FNDA:0,(anonymous_4)
FNDA:0,(anonymous_5)
FNDA:0,(anonymous_6)
FNDA:0,(anonymous_7)
FNDA:0,(anonymous_8)
FNDA:0,(anonymous_9)
FNDA:0,(anonymous_10)
FNDA:0,(anonymous_11)
DA:15,0
DA:16,0
DA:24,0
DA:43,0
DA:44,0
DA:45,0
DA:47,0
DA:54,0
DA:65,0
DA:74,0
DA:75,0
DA:76,0
DA:78,0
DA:85,0
DA:96,0
DA:103,0
DA:104,0
DA:106,0
DA:113,0
DA:124,0
DA:144,0
DA:145,0
DA:146,0
DA:148,0
DA:155,0
DA:166,0
DA:173,0
DA:174,0
DA:176,0
DA:183,0
DA:194,0
DA:202,0
DA:203,0
DA:205,0
DA:212,0
DA:223,0
DA:230,0
DA:231,0
DA:233,0
DA:240,0
DA:251,0
DA:260,0
DA:261,0
DA:262,0
DA:263,0
DA:265,0
DA:272,0
DA:283,0
DA:293,0
DA:295,0
DA:296,0
DA:297,0
DA:300,0
DA:301,0
DA:305,0
DA:307,0
DA:314,0
DA:325,0
DA:333,0
DA:334,0
DA:336,0
DA:343,0
DA:354,0
DA:362,0
DA:363,0
DA:365,0
DA:372,0
LF:67
LH:0
BRDA:57,0,0,0
BRDA:57,0,1,0
BRDA:88,1,0,0
BRDA:88,1,1,0
BRDA:116,2,0,0
BRDA:116,2,1,0
BRDA:158,3,0,0
BRDA:158,3,1,0
BRDA:186,4,0,0
BRDA:186,4,1,0
BRDA:215,5,0,0
BRDA:215,5,1,0
BRDA:243,6,0,0
BRDA:243,6,1,0
BRDA:275,7,0,0
BRDA:275,7,1,0
BRDA:296,8,0,0
BRDA:317,9,0,0
BRDA:317,9,1,0
BRDA:346,10,0,0
BRDA:346,10,1,0
BRDA:375,11,0,0
BRDA:375,11,1,0
BRF:23
BRH:0
end_of_record
TN:
SF:src/tools/webhook-tools.ts
FN:12,createWebhookTools
FN:298,handleWebhookTool
FNF:2
FNH:0
FNDA:0,createWebhookTools
FNDA:0,handleWebhookTool
DA:13,0
DA:303,0
DA:304,0
DA:306,0
DA:307,0
DA:311,0
DA:312,0
DA:316,0
DA:317,0
DA:321,0
DA:322,0
DA:326,0
DA:327,0
DA:331,0
DA:332,0
DA:336,0
DA:337,0
DA:341,0
DA:342,0
DA:343,0
DA:348,0
DA:349,0
DA:350,0
DA:353,0
DA:354,0
DA:358,0
DA:362,0
DA:363,0
DA:367,0
DA:368,0
DA:372,0
DA:375,0
DA:376,0
DA:378,0
LF:34
LH:0
BRDA:304,0,0,0
BRDA:304,0,1,0
BRDA:304,0,2,0
BRDA:304,0,3,0
BRDA:304,0,4,0
BRDA:304,0,5,0
BRDA:304,0,6,0
BRDA:304,0,7,0
BRDA:304,0,8,0
BRDA:304,0,9,0
BRDA:304,0,10,0
BRDA:304,0,11,0
BRDA:349,1,0,0
BRDA:375,2,0,0
BRF:14
BRH:0
end_of_record
TN:
SF:src/utils/clickup-comment-formatter.ts
FN:35,markdownToClickUpComment
FN:133,clickUpCommentToMarkdown
FN:138,(anonymous_2)
FN:171,createPlainTextComment
FN:185,createBoldComment
FN:199,createItalicComment
FN:213,createCodeComment
FN:228,createLinkComment
FN:242,combineCommentBlocks
FN:252,parseMarkdownToClickUpComment
FN:341,markdownToPlainText
FN:364,(anonymous_11)
FN:393,cleanDuplicateCommentText
FN:482,cleanClickUpCommentResponse
FN:508,ensureCodeBlockSeparation
FN:559,prepareCommentForClickUp
FN:590,processCommentBlocks
FN:596,(anonymous_17)
FNF:18
FNH:0
FNDA:0,markdownToClickUpComment
FNDA:0,clickUpCommentToMarkdown
FNDA:0,(anonymous_2)
FNDA:0,createPlainTextComment
FNDA:0,createBoldComment
FNDA:0,createItalicComment
FNDA:0,createCodeComment
FNDA:0,createLinkComment
FNDA:0,combineCommentBlocks
FNDA:0,parseMarkdownToClickUpComment
FNDA:0,markdownToPlainText
FNDA:0,(anonymous_11)
FNDA:0,cleanDuplicateCommentText
FNDA:0,cleanClickUpCommentResponse
FNDA:0,ensureCodeBlockSeparation
FNDA:0,prepareCommentForClickUp
FNDA:0,processCommentBlocks
FNDA:0,(anonymous_17)
DA:36,0
DA:37,0
DA:40,0
DA:43,0
DA:45,0
DA:46,0
DA:47,0
DA:50,0
DA:51,0
DA:52,0
DA:58,0
DA:60,0
DA:61,0
DA:67,0
DA:68,0
DA:69,0
DA:75,0
DA:76,0
DA:77,0
DA:83,0
DA:84,0
DA:85,0
DA:91,0
DA:92,0
DA:93,0
DA:94,0
DA:95,0
DA:102,0
DA:104,0
DA:108,0
DA:109,0
DA:118,0
DA:119,0
DA:125,0
DA:134,0
DA:135,0
DA:138,0
DA:139,0
DA:140,0
DA:143,0
DA:144,0
DA:146,0
DA:147,0
DA:149,0
DA:150,0
DA:152,0
DA:153,0
DA:155,0
DA:156,0
DA:158,0
DA:159,0
DA:162,0
DA:172,0
DA:186,0
DA:200,0
DA:214,0
DA:229,0
DA:243,0
DA:253,0
DA:254,0
DA:258,0
DA:259,0
DA:261,0
DA:262,0
DA:264,0
DA:266,0
DA:267,0
DA:269,0
DA:273,0
DA:274,0
DA:275,0
DA:276,0
DA:280,0
DA:281,0
DA:285,0
DA:286,0
DA:287,0
DA:288,0
DA:289,0
DA:290,0
DA:294,0
DA:295,0
DA:296,0
DA:297,0
DA:298,0
DA:299,0
DA:300,0
DA:304,0
DA:306,0
DA:307,0
DA:308,0
DA:309,0
DA:310,0
DA:313,0
DA:314,0
DA:318,0
DA:320,0
DA:324,0
DA:325,0
DA:328,0
DA:329,0
DA:333,0
DA:342,0
DA:343,0
DA:346,0
DA:349,0
DA:352,0
DA:353,0
DA:354,0
DA:355,0
DA:358,0
DA:361,0
DA:364,0
DA:366,0
DA:367,0
DA:371,0
DA:374,0
DA:377,0
DA:378,0
DA:381,0
DA:382,0
DA:384,0
DA:394,0
DA:395,0
DA:403,0
DA:412,0
DA:413,0
DA:414,0
DA:416,0
DA:417,0
DA:419,0
DA:422,0
DA:423,0
DA:424,0
DA:432,0
DA:433,0
DA:435,0
DA:437,0
DA:438,0
DA:439,0
DA:442,0
DA:446,0
DA:452,0
DA:453,0
DA:454,0
DA:455,0
DA:456,0
DA:459,0
DA:460,0
DA:462,0
DA:463,0
DA:464,0
DA:465,0
DA:469,0
DA:470,0
DA:474,0
DA:483,0
DA:484,0
DA:487,0
DA:490,0
DA:491,0
DA:495,0
DA:496,0
DA:499,0
DA:509,0
DA:510,0
DA:513,0
DA:515,0
DA:516,0
DA:517,0
DA:520,0
DA:524,0
DA:526,0
DA:527,0
DA:529,0
DA:531,0
DA:538,0
DA:539,0
DA:544,0
DA:550,0
DA:562,0
DA:563,0
DA:569,0
DA:571,0
DA:572,0
DA:573,0
DA:578,0
DA:591,0
DA:592,0
DA:596,0
DA:601,0
LF:191
LH:0
BRDA:36,0,0,0
BRDA:36,1,0,0
BRDA:36,1,1,0
BRDA:47,2,0,0
BRDA:50,3,0,0
BRDA:50,3,1,0
BRDA:50,4,0,0
BRDA:50,4,1,0
BRDA:58,5,0,0
BRDA:58,5,1,0
BRDA:58,6,0,0
BRDA:58,6,1,0
BRDA:58,6,2,0
BRDA:58,6,3,0
BRDA:58,6,4,0
BRDA:58,6,5,0
BRDA:67,7,0,0
BRDA:67,7,1,0
BRDA:67,8,0,0
BRDA:67,8,1,0
BRDA:75,9,0,0
BRDA:75,9,1,0
BRDA:75,10,0,0
BRDA:75,10,1,0
BRDA:83,11,0,0
BRDA:83,11,1,0
BRDA:83,12,0,0
BRDA:83,12,1,0
BRDA:91,13,0,0
BRDA:91,13,1,0
BRDA:93,14,0,0
BRDA:102,15,0,0
BRDA:102,15,1,0
BRDA:102,16,0,0
BRDA:102,16,1,0
BRDA:102,16,2,0
BRDA:108,17,0,0
BRDA:118,18,0,0
BRDA:134,19,0,0
BRDA:134,20,0,0
BRDA:134,20,1,0
BRDA:139,21,0,0
BRDA:139,21,1,0
BRDA:140,22,0,0
BRDA:140,22,1,0
BRDA:143,23,0,0
BRDA:146,24,0,0
BRDA:149,25,0,0
BRDA:152,26,0,0
BRDA:155,27,0,0
BRDA:158,28,0,0
BRDA:174,29,0,0
BRDA:174,29,1,0
BRDA:188,30,0,0
BRDA:188,30,1,0
BRDA:202,31,0,0
BRDA:202,31,1,0
BRDA:216,32,0,0
BRDA:216,32,1,0
BRDA:231,33,0,0
BRDA:231,33,1,0
BRDA:253,34,0,0
BRDA:253,35,0,0
BRDA:253,35,1,0
BRDA:264,36,0,0
BRDA:266,37,0,0
BRDA:273,38,0,0
BRDA:274,39,0,0
BRDA:274,39,1,0
BRDA:285,40,0,0
BRDA:285,41,0,0
BRDA:285,41,1,0
BRDA:294,42,0,0
BRDA:304,43,0,0
BRDA:308,44,0,0
BRDA:308,44,1,0
BRDA:313,45,0,0
BRDA:328,46,0,0
BRDA:342,47,0,0
BRDA:342,48,0,0
BRDA:342,48,1,0
BRDA:394,49,0,0
BRDA:394,50,0,0
BRDA:394,50,1,0
BRDA:414,51,0,0
BRDA:414,52,0,0
BRDA:414,52,1,0
BRDA:419,53,0,0
BRDA:423,54,0,0
BRDA:435,55,0,0
BRDA:442,56,0,0
BRDA:442,57,0,0
BRDA:442,57,1,0
BRDA:442,57,2,0
BRDA:442,57,3,0
BRDA:453,58,0,0
BRDA:464,59,0,0
BRDA:464,60,0,0
BRDA:464,60,1,0
BRDA:469,61,0,0
BRDA:483,62,0,0
BRDA:483,63,0,0
BRDA:483,63,1,0
BRDA:490,64,0,0
BRDA:490,65,0,0
BRDA:490,65,1,0
BRDA:495,66,0,0
BRDA:495,67,0,0
BRDA:495,67,1,0
BRDA:509,68,0,0
BRDA:509,69,0,0
BRDA:509,69,1,0
BRDA:509,69,2,0
BRDA:517,70,0,0
BRDA:517,70,1,0
BRDA:520,71,0,0
BRDA:520,71,1,0
BRDA:520,71,2,0
BRDA:524,72,0,0
BRDA:524,73,0,0
BRDA:524,73,1,0
BRDA:526,74,0,0
BRDA:526,74,1,0
BRDA:529,75,0,0
BRDA:534,76,0,0
BRDA:534,76,1,0
BRDA:538,77,0,0
BRDA:546,78,0,0
BRDA:546,78,1,0
BRDA:562,79,0,0
BRDA:562,80,0,0
BRDA:562,80,1,0
BRDA:569,81,0,0
BRDA:569,81,1,0
BRDA:571,82,0,0
BRDA:571,82,1,0
BRDA:591,83,0,0
BRDA:591,84,0,0
BRDA:591,84,1,0
BRDA:591,84,2,0
BRDA:598,85,0,0
BRDA:598,85,1,0
BRF:142
BRH:0
end_of_record
TN:
SF:src/utils/error-handling.ts
FN:8,(anonymous_0)
FN:23,(anonymous_1)
FN:64,(anonymous_2)
FN:98,(anonymous_3)
FN:119,(anonymous_4)
FN:151,(anonymous_5)
FN:280,(anonymous_6)
FN:287,(anonymous_7)
FN:307,(anonymous_8)
FN:335,(anonymous_9)
FN:382,(anonymous_10)
FN:388,(anonymous_11)
FN:419,(anonymous_12)
FN:430,(anonymous_13)
FN:460,(anonymous_14)
FN:465,(anonymous_15)
FN:505,(anonymous_16)
FN:512,(anonymous_17)
FN:549,(anonymous_18)
FNF:19
FNH:0
FNDA:0,(anonymous_0)
FNDA:0,(anonymous_1)
FNDA:0,(anonymous_2)
FNDA:0,(anonymous_3)
FNDA:0,(anonymous_4)
FNDA:0,(anonymous_5)
FNDA:0,(anonymous_6)
FNDA:0,(anonymous_7)
FNDA:0,(anonymous_8)
FNDA:0,(anonymous_9)
FNDA:0,(anonymous_10)
FNDA:0,(anonymous_11)
FNDA:0,(anonymous_12)
FNDA:0,(anonymous_13)
FNDA:0,(anonymous_14)
FNDA:0,(anonymous_15)
FNDA:0,(anonymous_16)
FNDA:0,(anonymous_17)
FNDA:0,(anonymous_18)
DA:8,0
DA:9,0
DA:10,0
DA:11,0
DA:12,0
DA:13,0
DA:14,0
DA:15,0
DA:16,0
DA:17,0
DA:18,0
DA:19,0
DA:23,0
DA:24,0
DA:25,0
DA:26,0
DA:27,0
DA:64,0
DA:79,0
DA:98,0
DA:99,0
DA:101,0
DA:119,0
DA:120,0
DA:122,0
DA:124,0
DA:125,0
DA:126,0
DA:127,0
DA:130,0
DA:131,0
DA:134,0
DA:135,0
DA:138,0
DA:139,0
DA:142,0
DA:145,0
DA:151,0
DA:157,0
DA:158,0
DA:159,0
DA:164,0
DA:167,0
DA:169,0
DA:170,0
DA:171,0
DA:173,0
DA:174,0
DA:175,0
DA:177,0
DA:178,0
DA:179,0
DA:181,0
DA:182,0
DA:183,0
DA:185,0
DA:186,0
DA:187,0
DA:188,0
DA:189,0
DA:194,0
DA:195,0
DA:196,0
DA:197,0
DA:198,0
DA:200,0
DA:201,0
DA:202,0
DA:205,0
DA:226,0
DA:227,0
DA:244,0
DA:245,0
DA:262,0
DA:280,0
DA:287,0
DA:289,0
DA:307,0
DA:315,0
DA:335,0
DA:343,0
DA:344,0
DA:346,0
DA:347,0
DA:348,0
DA:349,0
DA:350,0
DA:351,0
DA:352,0
DA:353,0
DA:354,0
DA:357,0
DA:383,0
DA:384,0
DA:385,0
DA:397,0
DA:398,0
DA:399,0
DA:401,0
DA:405,0
DA:408,0
DA:409,0
DA:413,0
DA:418,0
DA:419,0
DA:423,0
DA:430,0
DA:431,0
DA:435,0
DA:448,0
DA:451,0
DA:453,0
DA:460,0
DA:465,0
DA:466,0
DA:468,0
DA:470,0
DA:473,0
DA:476,0
DA:485,0
DA:486,0
DA:487,0
DA:488,0
DA:490,0
DA:494,0
DA:497,0
DA:505,0
DA:506,0
DA:512,0
DA:520,0
DA:523,0
DA:524,0
DA:525,0
DA:526,0
DA:532,0
DA:540,0
DA:541,0
DA:542,0
DA:549,0
DA:550,0
DA:552,0
LF:141
LH:0
BRDA:8,0,0,0
BRDA:8,0,1,0
BRDA:23,1,0,0
BRDA:23,1,1,0
BRDA:67,2,0,0
BRDA:81,3,0,0
BRDA:81,3,1,0
BRDA:90,4,0,0
BRDA:90,4,1,0
BRDA:124,5,0,0
BRDA:124,5,1,0
BRDA:124,6,0,0
BRDA:124,6,1,0
BRDA:126,7,0,0
BRDA:130,8,0,0
BRDA:134,9,0,0
BRDA:138,10,0,0
BRDA:138,11,0,0
BRDA:138,11,1,0
BRDA:139,12,0,0
BRDA:139,12,1,0
BRDA:157,13,0,0
BRDA:167,14,0,0
BRDA:167,14,1,0
BRDA:167,14,2,0
BRDA:167,14,3,0
BRDA:167,14,4,0
BRDA:167,14,5,0
BRDA:167,14,6,0
BRDA:167,14,7,0
BRDA:167,14,8,0
BRDA:167,14,9,0
BRDA:188,15,0,0
BRDA:188,15,1,0
BRDA:207,16,0,0
BRDA:207,16,1,0
BRDA:207,16,2,0
BRDA:207,16,3,0
BRDA:226,17,0,0
BRDA:226,18,0,0
BRDA:226,18,1,0
BRDA:244,19,0,0
BRDA:244,20,0,0
BRDA:244,20,1,0
BRDA:264,21,0,0
BRDA:264,21,1,0
BRDA:317,22,0,0
BRDA:317,22,1,0
BRDA:343,23,0,0
BRDA:343,23,1,0
BRDA:346,24,0,0
BRDA:346,24,1,0
BRDA:349,25,0,0
BRDA:349,25,1,0
BRDA:352,26,0,0
BRDA:382,27,0,0
BRDA:382,28,0,0
BRDA:382,29,0,0
BRDA:401,30,0,0
BRDA:401,30,1,0
BRDA:408,31,0,0
BRDA:408,32,0,0
BRDA:408,32,1,0
BRDA:415,33,0,0
BRDA:415,33,1,0
BRDA:431,34,0,0
BRDA:431,34,1,0
BRDA:432,35,0,0
BRDA:432,35,1,0
BRDA:433,36,0,0
BRDA:433,36,1,0
BRDA:451,37,0,0
BRDA:479,38,0,0
BRDA:479,38,1,0
BRDA:485,39,0,0
BRDA:485,39,1,0
BRDA:487,40,0,0
BRDA:487,40,1,0
BRDA:527,41,0,0
BRDA:527,41,1,0
BRDA:528,42,0,0
BRDA:528,42,1,0
BRDA:543,43,0,0
BRDA:543,43,1,0
BRDA:550,44,0,0
BRDA:550,44,1,0
BRDA:550,45,0,0
BRDA:550,45,1,0
BRF:88
BRH:0
end_of_record
TN:
SF:src/utils/markdown-styling.ts
FN:75,colorize
FN:83,addEmoji
FN:91,processHeaders
FN:92,(anonymous_3)
FN:127,processEmphasis
FN:129,(anonymous_5)
FN:135,(anonymous_6)
FN:146,processCode
FN:148,(anonymous_8)
FN:158,(anonymous_9)
FN:169,processLists
FN:173,(anonymous_11)
FN:180,(anonymous_12)
FN:187,(anonymous_13)
FN:201,processBlockquotes
FN:202,(anonymous_15)
FN:212,processLinks
FN:214,(anonymous_17)
FN:220,(anonymous_18)
FN:231,processHorizontalRules
FN:232,(anonymous_20)
FN:241,addVisualEnhancements
FN:258,applyMarkdownStyling
FN:287,createMarkdownPreview
FN:313,extractStyledSections
FN:327,(anonymous_25)
FN:334,(anonymous_26)
FN:341,(anonymous_27)
FN:348,(anonymous_28)
FN:355,(anonymous_29)
FN:369,createMarkdownSummary
FNF:31
FNH:0
FNDA:0,colorize
FNDA:0,addEmoji
FNDA:0,processHeaders
FNDA:0,(anonymous_3)
FNDA:0,processEmphasis
FNDA:0,(anonymous_5)
FNDA:0,(anonymous_6)
FNDA:0,processCode
FNDA:0,(anonymous_8)
FNDA:0,(anonymous_9)
FNDA:0,processLists
FNDA:0,(anonymous_11)
FNDA:0,(anonymous_12)
FNDA:0,(anonymous_13)
FNDA:0,processBlockquotes
FNDA:0,(anonymous_15)
FNDA:0,processLinks
FNDA:0,(anonymous_17)
FNDA:0,(anonymous_18)
FNDA:0,processHorizontalRules
FNDA:0,(anonymous_20)
FNDA:0,addVisualEnhancements
FNDA:0,applyMarkdownStyling
FNDA:0,createMarkdownPreview
FNDA:0,extractStyledSections
FNDA:0,(anonymous_25)
FNDA:0,(anonymous_26)
FNDA:0,(anonymous_27)
FNDA:0,(anonymous_28)
FNDA:0,(anonymous_29)
FNDA:0,createMarkdownSummary
DA:13,0
DA:21,0
DA:50,0
DA:76,0
DA:77,0
DA:84,0
DA:85,0
DA:92,0
DA:93,0
DA:94,0
DA:96,0
DA:98,0
DA:100,0
DA:101,0
DA:103,0
DA:104,0
DA:106,0
DA:107,0
DA:109,0
DA:110,0
DA:112,0
DA:113,0
DA:115,0
DA:116,0
DA:119,0
DA:120,0
DA:129,0
DA:130,0
DA:131,0
DA:135,0
DA:136,0
DA:137,0
DA:140,0
DA:148,0
DA:149,0
DA:150,0
DA:151,0
DA:152,0
DA:154,0
DA:158,0
DA:159,0
DA:160,0
DA:163,0
DA:170,0
DA:173,0
DA:174,0
DA:175,0
DA:176,0
DA:180,0
DA:181,0
DA:182,0
DA:183,0
DA:187,0
DA:188,0
DA:189,0
DA:192,0
DA:195,0
DA:202,0
DA:203,0
DA:204,0
DA:205,0
DA:214,0
DA:215,0
DA:216,0
DA:220,0
DA:221,0
DA:222,0
DA:225,0
DA:232,0
DA:233,0
DA:234,0
DA:243,0
DA:244,0
DA:247,0
DA:249,0
DA:259,0
DA:260,0
DA:263,0
DA:265,0
DA:268,0
DA:269,0
DA:270,0
DA:271,0
DA:272,0
DA:273,0
DA:274,0
DA:275,0
DA:277,0
DA:292,0
DA:293,0
DA:295,0
DA:296,0
DA:299,0
DA:300,0
DA:301,0
DA:303,0
DA:318,0
DA:320,0
DA:321,0
DA:323,0
DA:325,0
DA:326,0
DA:327,0
DA:329,0
DA:332,0
DA:333,0
DA:334,0
DA:336,0
DA:339,0
DA:340,0
DA:341,0
DA:343,0
DA:346,0
DA:347,0
DA:348,0
DA:350,0
DA:353,0
DA:354,0
DA:355,0
DA:357,0
DA:360,0
DA:370,0
DA:372,0
DA:373,0
DA:376,0
DA:377,0
DA:378,0
DA:379,0
DA:383,0
DA:384,0
DA:385,0
DA:386,0
DA:390,0
DA:391,0
DA:392,0
DA:393,0
DA:397,0
DA:398,0
DA:399,0
DA:400,0
DA:403,0
LF:141
LH:0
BRDA:76,0,0,0
BRDA:84,1,0,0
BRDA:98,2,0,0
BRDA:98,2,1,0
BRDA:98,2,2,0
BRDA:98,2,3,0
BRDA:98,2,4,0
BRDA:98,2,5,0
BRDA:120,3,0,0
BRDA:120,3,1,0
BRDA:131,4,0,0
BRDA:131,4,1,0
BRDA:137,5,0,0
BRDA:137,5,1,0
BRDA:149,6,0,0
BRDA:149,6,1,0
BRDA:152,7,0,0
BRDA:152,7,1,0
BRDA:160,8,0,0
BRDA:160,8,1,0
BRDA:170,9,0,0
BRDA:170,9,1,0
BRDA:174,10,0,0
BRDA:174,10,1,0
BRDA:181,11,0,0
BRDA:181,11,1,0
BRDA:188,12,0,0
BRDA:188,12,1,0
BRDA:189,13,0,0
BRDA:189,13,1,0
BRDA:215,14,0,0
BRDA:215,14,1,0
BRDA:233,15,0,0
BRDA:233,15,1,0
BRDA:258,16,0,0
BRDA:259,17,0,0
BRDA:259,18,0,0
BRDA:259,18,1,0
BRDA:290,19,0,0
BRDA:295,20,0,0
BRDA:299,21,0,0
BRDA:299,21,1,0
BRDA:316,22,0,0
BRDA:318,23,0,0
BRDA:323,24,0,0
BRDA:323,24,1,0
BRDA:323,24,2,0
BRDA:323,24,3,0
BRDA:323,24,4,0
BRDA:326,25,0,0
BRDA:333,26,0,0
BRDA:340,27,0,0
BRDA:347,28,0,0
BRDA:354,29,0,0
BRDA:369,30,0,0
BRDA:370,31,0,0
BRDA:377,32,0,0
BRDA:384,33,0,0
BRDA:391,34,0,0
BRDA:398,35,0,0
BRF:60
BRH:0
end_of_record
TN:
SF:src/utils/markdown.ts
FN:29,(anonymous_0)
FN:34,(anonymous_1)
FN:39,(anonymous_2)
FN:47,markdownToHtml
FN:66,htmlToMarkdown
FN:85,markdownToPlainText
FN:115,isMarkdown
FN:136,(anonymous_7)
FN:144,isHtml
FN:159,formatContent
FN:198,prepareContentForClickUp
FN:240,processClickUpResponse
FN:256,(anonymous_12)
FNF:13
FNH:0
FNDA:0,(anonymous_0)
FNDA:0,(anonymous_1)
FNDA:0,(anonymous_2)
FNDA:0,markdownToHtml
FNDA:0,htmlToMarkdown
FNDA:0,markdownToPlainText
FNDA:0,isMarkdown
FNDA:0,(anonymous_7)
FNDA:0,isHtml
FNDA:0,formatContent
FNDA:0,prepareContentForClickUp
FNDA:0,processClickUpResponse
FNDA:0,(anonymous_12)
DA:10,0
DA:16,0
DA:27,0
DA:29,0
DA:32,0
DA:34,0
DA:37,0
DA:39,0
DA:48,0
DA:49,0
DA:52,0
DA:53,0
DA:54,0
DA:56,0
DA:57,0
DA:67,0
DA:68,0
DA:71,0
DA:72,0
DA:74,0
DA:76,0
DA:86,0
DA:87,0
DA:90,0
DA:92,0
DA:93,0
DA:94,0
DA:96,0
DA:98,0
DA:116,0
DA:117,0
DA:121,0
DA:136,0
DA:145,0
DA:146,0
DA:150,0
DA:163,0
DA:164,0
DA:168,0
DA:169,0
DA:171,0
DA:173,0
DA:174,0
DA:175,0
DA:178,0
DA:179,0
DA:180,0
DA:183,0
DA:184,0
DA:185,0
DA:188,0
DA:202,0
DA:203,0
DA:207,0
DA:208,0
DA:209,0
DA:211,0
DA:218,0
DA:219,0
DA:221,0
DA:228,0
DA:241,0
DA:242,0
DA:245,0
DA:248,0
DA:249,0
DA:253,0
DA:255,0
DA:256,0
DA:257,0
DA:258,0
DA:259,0
DA:262,0
DA:263,0
DA:266,0
DA:270,0
LF:76
LH:0
BRDA:48,0,0,0
BRDA:48,1,0,0
BRDA:48,1,1,0
BRDA:54,2,0,0
BRDA:54,2,1,0
BRDA:67,3,0,0
BRDA:67,4,0,0
BRDA:67,4,1,0
BRDA:86,5,0,0
BRDA:86,6,0,0
BRDA:86,6,1,0
BRDA:93,7,0,0
BRDA:93,7,1,0
BRDA:116,8,0,0
BRDA:116,9,0,0
BRDA:116,9,1,0
BRDA:145,10,0,0
BRDA:145,11,0,0
BRDA:145,11,1,0
BRDA:163,12,0,0
BRDA:163,13,0,0
BRDA:163,13,1,0
BRDA:169,14,0,0
BRDA:169,14,1,0
BRDA:171,15,0,0
BRDA:171,15,1,0
BRDA:171,15,2,0
BRDA:171,15,3,0
BRDA:173,16,0,0
BRDA:174,17,0,0
BRDA:178,18,0,0
BRDA:179,19,0,0
BRDA:183,20,0,0
BRDA:184,21,0,0
BRDA:202,22,0,0
BRDA:202,23,0,0
BRDA:202,23,1,0
BRDA:207,24,0,0
BRDA:218,25,0,0
BRDA:241,26,0,0
BRDA:241,27,0,0
BRDA:241,27,1,0
BRDA:248,28,0,0
BRDA:248,29,0,0
BRDA:248,29,1,0
BRDA:253,30,0,0
BRDA:253,31,0,0
BRDA:253,31,1,0
BRDA:253,31,2,0
BRDA:257,32,0,0
BRDA:258,33,0,0
BRDA:262,34,0,0
BRDA:262,35,0,0
BRDA:262,35,1,0
BRF:54
BRH:0
end_of_record
TN:
SF:src/utils/security.ts
FN:22,(anonymous_1)
FN:25,(anonymous_2)
FN:33,(anonymous_3)
FN:47,(anonymous_4)
FN:61,(anonymous_5)
FN:89,(anonymous_6)
FN:117,(anonymous_7)
FN:159,(anonymous_8)
FN:238,(anonymous_9)
FN:275,(anonymous_10)
FN:282,(anonymous_11)
FN:290,(anonymous_12)
FN:320,(anonymous_13)
FN:334,(anonymous_14)
FN:354,(anonymous_15)
FN:368,(anonymous_16)
FNF:16
FNH:11
FNDA:1,(anonymous_1)
FNDA:15,(anonymous_2)
FNDA:17,(anonymous_3)
FNDA:34,(anonymous_4)
FNDA:7,(anonymous_5)
FNDA:12,(anonymous_6)
FNDA:4,(anonymous_7)
FNDA:5,(anonymous_8)
FNDA:6,(anonymous_9)
FNDA:4,(anonymous_10)
FNDA:0,(anonymous_11)
FNDA:3,(anonymous_12)
FNDA:0,(anonymous_13)
FNDA:0,(anonymous_14)
FNDA:0,(anonymous_15)
FNDA:0,(anonymous_16)
DA:1,1
DA:2,1
DA:15,1
DA:23,1
DA:26,15
DA:27,15
DA:30,15
DA:33,17
DA:36,15
DA:37,4
DA:41,11
DA:42,11
DA:44,11
DA:48,34
DA:49,0
DA:51,34
DA:56,1
DA:61,1
DA:62,7
DA:63,1
DA:66,6
DA:67,1
DA:70,5
DA:71,2
DA:74,3
DA:75,0
DA:79,3
DA:80,1
DA:83,2
DA:89,1
DA:90,12
DA:92,7
DA:99,5
DA:100,1
DA:103,4
DA:104,1
DA:105,1
DA:106,2
DA:108,1
DA:111,3
DA:117,1
DA:122,4
DA:123,4
DA:124,1
DA:128,3
DA:134,3
DA:137,3
DA:138,1
DA:142,2
DA:147,2
DA:149,0
DA:159,1
DA:164,5
DA:167,5
DA:168,0
DA:171,5
DA:172,1
DA:176,5
DA:181,5
DA:182,5
DA:183,2
DA:187,5
DA:188,0
DA:192,5
DA:193,0
DA:198,5
DA:199,3
DA:213,3
DA:214,1
DA:219,5
DA:220,2
DA:221,2
DA:222,1
DA:224,2
DA:225,0
DA:229,5
DA:238,1
DA:239,6
DA:240,6
DA:243,5
DA:244,1
DA:248,4
DA:249,4
DA:263,2
DA:266,2
DA:268,1
DA:275,1
DA:276,4
DA:282,1
DA:283,0
DA:284,0
DA:290,1
DA:291,3
DA:294,3
DA:296,3
DA:297,3
DA:298,3
DA:299,1
DA:302,2
DA:303,2
DA:304,2
DA:305,1
DA:311,3
DA:320,1
DA:321,0
DA:334,1
DA:339,0
DA:340,0
DA:348,0
DA:354,1
DA:358,0
DA:360,0
DA:363,0
DA:365,0
DA:367,0
DA:368,0
DA:369,0
DA:372,0
LF:118
LH:97
BRDA:30,0,0,15
BRDA:30,0,1,5
BRDA:36,1,0,4
BRDA:48,2,0,0
BRDA:48,2,1,34
BRDA:62,3,0,1
BRDA:66,4,0,1
BRDA:70,5,0,2
BRDA:74,6,0,0
BRDA:79,7,0,1
BRDA:79,8,0,3
BRDA:79,8,1,2
BRDA:79,8,2,2
BRDA:90,9,0,7
BRDA:99,10,0,1
BRDA:103,11,0,1
BRDA:103,12,0,4
BRDA:103,12,1,2
BRDA:123,13,0,1
BRDA:123,14,0,4
BRDA:123,14,1,3
BRDA:123,14,2,3
BRDA:137,15,0,1
BRDA:151,16,0,0
BRDA:151,16,1,0
BRDA:167,17,0,0
BRDA:167,17,1,5
BRDA:167,18,0,5
BRDA:167,18,1,5
BRDA:171,19,0,1
BRDA:171,20,0,5
BRDA:171,20,1,4
BRDA:171,20,2,4
BRDA:182,21,0,2
BRDA:182,22,0,5
BRDA:182,22,1,5
BRDA:187,23,0,0
BRDA:192,24,0,0
BRDA:198,25,0,3
BRDA:213,26,0,1
BRDA:219,27,0,2
BRDA:221,28,0,1
BRDA:224,29,0,0
BRDA:243,30,0,1
BRDA:249,31,0,2
BRDA:250,32,0,4
BRDA:250,32,1,3
BRDA:250,32,2,3
BRDA:250,32,3,3
BRDA:250,32,4,2
BRDA:250,32,5,2
BRDA:250,32,6,2
BRDA:250,32,7,2
BRDA:250,32,8,2
BRDA:250,32,9,2
BRDA:250,32,10,2
BRDA:250,32,11,2
BRDA:275,33,0,3
BRDA:283,34,0,0
BRDA:283,34,1,0
BRDA:298,35,0,1
BRDA:298,35,1,2
BRDA:302,36,0,2
BRDA:304,37,0,1
BRDA:337,38,0,0
BRDA:367,39,0,0
BRDA:374,40,0,0
BRDA:374,40,1,0
BRF:68
BRH:54
end_of_record
